#
# There is insufficient memory for the Java Runtime Environment to continue.
# Native memory allocation (malloc) failed to allocate 1332496 bytes for Chunk::new
# Possible reasons:
#   The system is out of physical RAM or swap space
#   The process is running with CompressedOops enabled, and the Java Heap may be blocking the growth of the native heap
# Possible solutions:
#   Reduce memory load on the system
#   Increase physical memory or swap space
#   Check if swap backing store is full
#   Decrease Java heap size (-Xmx/-Xms)
#   Decrease number of Java threads
#   Decrease Java thread stack sizes (-Xss)
#   Set larger code cache with -XX:ReservedCodeCacheSize=
#   JVM is running with Unscaled Compressed Oops mode in which the Java heap is
#     placed in the first 4GB address space. The Java Heap base address is the
#     maximum limit for the native heap growth. Please use -XX:HeapBaseMinAddress
#     to set the Java Heap base and to place the Java Heap above 4GB virtual address.
# This output file may be truncated or incomplete.
#
#  Out of Memory Error (allocation.cpp:389), pid=24320, tid=0x0000000000000f9c
#
# JRE version: Java(TM) SE Runtime Environment (8.0_291-b10) (build 1.8.0_291-b10)
# Java VM: Java HotSpot(TM) 64-Bit Server VM (25.291-b10 mixed mode windows-amd64 compressed oops)
# Failed to write core dump. Minidumps are not enabled by default on client versions of Windows
#

---------------  T H R E A D  ---------------

Current thread (0x000001f72f32e000):  JavaThread "C2 CompilerThread1" daemon [_thread_in_native, id=3996, stack(0x0000003b8c400000,0x0000003b8c500000)]

Stack: [0x0000003b8c400000,0x0000003b8c500000]
Native frames: (J=compiled Java code, j=interpreted, Vv=VM code, C=native code)
V  [jvm.dll+0x32ea19]
V  [jvm.dll+0x275462]
V  [jvm.dll+0x27610d]
V  [jvm.dll+0x26cb45]
V  [jvm.dll+0xd524c]
V  [jvm.dll+0xd5a4c]
V  [jvm.dll+0x46fd43]
V  [jvm.dll+0x437a08]
V  [jvm.dll+0x440855]
V  [jvm.dll+0x43fc15]
V  [jvm.dll+0x42aa57]
V  [jvm.dll+0xabeeb]
V  [jvm.dll+0xaa54b]
V  [jvm.dll+0x23db02]
V  [jvm.dll+0x29210c]
C  [ucrtbase.dll+0x20e72]
C  [KERNEL32.DLL+0x17bd4]
C  [ntdll.dll+0x6ced1]


Current CompileTask:
C2: 154943 27568       4       org.objectweb.asm.commons.Remapper::mapMethodDesc (111 bytes)


---------------  P R O C E S S  ---------------

Java Threads: ( => current thread )
  0x000001f7397b2000 JavaThread "RMI TCP Connection(13)-127.0.0.1" daemon [_thread_in_native, id=1204, stack(0x0000003b96d00000,0x0000003b96e00000)]
  0x000001f7397b5000 JavaThread "RMI TCP Connection(12)-127.0.0.1" daemon [_thread_in_native, id=12164, stack(0x0000003b96b00000,0x0000003b96c00000)]
  0x000001f7397a6800 JavaThread "Cache worker for execution history cache (G:\AndroidStudioProjects\APP\yuehaoting\.gradle\6.7.1\executionHistory)" [_thread_blocked, id=21052, stack(0x0000003b96900000,0x0000003b96a00000)]
  0x000001f7397ad800 JavaThread "Execution worker for ':' Thread 11" [_thread_blocked, id=22308, stack(0x0000003b96800000,0x0000003b96900000)]
  0x000001f7397ac800 JavaThread "Execution worker for ':' Thread 10" [_thread_blocked, id=24200, stack(0x0000003b96700000,0x0000003b96800000)]
  0x000001f7397a5000 JavaThread "Execution worker for ':' Thread 9" [_thread_blocked, id=7196, stack(0x0000003b96600000,0x0000003b96700000)]
  0x000001f7397a6000 JavaThread "Execution worker for ':' Thread 8" [_thread_blocked, id=12300, stack(0x0000003b96500000,0x0000003b96600000)]
  0x000001f7397ac000 JavaThread "Execution worker for ':' Thread 7" [_thread_blocked, id=14152, stack(0x0000003b96400000,0x0000003b96500000)]
  0x000001f7397a4800 JavaThread "Execution worker for ':' Thread 6" [_thread_blocked, id=4192, stack(0x0000003b96300000,0x0000003b96400000)]
  0x000001f7397a9800 JavaThread "Execution worker for ':' Thread 5" [_thread_blocked, id=5720, stack(0x0000003b96200000,0x0000003b96300000)]
  0x000001f7397ab000 JavaThread "Execution worker for ':' Thread 4" [_thread_blocked, id=2900, stack(0x0000003b96100000,0x0000003b96200000)]
  0x000001f7397aa800 JavaThread "Execution worker for ':' Thread 3" [_thread_blocked, id=19476, stack(0x0000003b95f00000,0x0000003b96000000)]
  0x000001f7397a7800 JavaThread "Execution worker for ':' Thread 2" [_thread_blocked, id=19528, stack(0x0000003b95e00000,0x0000003b95f00000)]
  0x000001f7397a9000 JavaThread "Execution worker for ':'" [_thread_blocked, id=12620, stack(0x0000003b95d00000,0x0000003b95e00000)]
  0x000001f73979d000 JavaThread "build event listener" [_thread_blocked, id=4100, stack(0x0000003b8e700000,0x0000003b8e800000)]
  0x000001f73979c000 JavaThread "build event listener" [_thread_blocked, id=19368, stack(0x0000003b8e600000,0x0000003b8e700000)]
  0x000001f7397a3000 JavaThread "Build operations Thread 12" [_thread_blocked, id=19916, stack(0x0000003b8e500000,0x0000003b8e600000)]
  0x000001f7397a1800 JavaThread "Build operations Thread 11" [_thread_blocked, id=17728, stack(0x0000003b8e400000,0x0000003b8e500000)]
  0x000001f73979d800 JavaThread "Build operations Thread 10" [_thread_in_Java, id=23652, stack(0x0000003b8e300000,0x0000003b8e400000)]
  0x000001f7397a0800 JavaThread "Build operations Thread 9" [_thread_blocked, id=11140, stack(0x0000003b8e200000,0x0000003b8e300000)]
  0x000001f7397a0000 JavaThread "Build operations Thread 8" [_thread_in_Java, id=9628, stack(0x0000003b8e100000,0x0000003b8e200000)]
  0x000001f7397a2000 JavaThread "Build operations Thread 7" [_thread_blocked, id=15604, stack(0x0000003b8e000000,0x0000003b8e100000)]
  0x000001f73979b800 JavaThread "Build operations Thread 6" [_thread_in_Java, id=10048, stack(0x0000003b8df00000,0x0000003b8e000000)]
  0x000001f73979e800 JavaThread "Build operations Thread 5" [_thread_blocked, id=16312, stack(0x0000003b8dd00000,0x0000003b8de00000)]
  0x000001f73979f000 JavaThread "Build operations Thread 4" [_thread_blocked, id=9588, stack(0x0000003b8db00000,0x0000003b8dc00000)]
  0x000001f73476a800 JavaThread "Build operations Thread 3" [_thread_in_Java, id=4648, stack(0x0000003b8da00000,0x0000003b8db00000)]
  0x000001f734769000 JavaThread "Build operations Thread 2" [_thread_blocked, id=12156, stack(0x0000003b8d900000,0x0000003b8da00000)]
  0x000001f734769800 JavaThread "Build operations" [_thread_blocked, id=15456, stack(0x0000003b8d800000,0x0000003b8d900000)]
  0x000001f734768000 JavaThread "Cache worker for Build Output Cleanup Cache (G:\AndroidStudioProjects\APP\yuehaoting\.gradle\buildOutputCleanup)" [_thread_blocked, id=14772, stack(0x0000003b8d400000,0x0000003b8d500000)]
  0x000001f734767800 JavaThread "Cache worker for cache directory md-rule (E:\Android\gradle\caches\6.7.1\md-rule)" [_thread_blocked, id=24136, stack(0x0000003b8d300000,0x0000003b8d400000)]
  0x000001f73476b000 JavaThread "Cache worker for cache directory md-supplier (E:\Android\gradle\caches\6.7.1\md-supplier)" [_thread_blocked, id=23896, stack(0x0000003b8d200000,0x0000003b8d300000)]
  0x000001f734766800 JavaThread "Cache worker for checksums cache (G:\AndroidStudioProjects\APP\yuehaoting\.gradle\checksums)" [_thread_blocked, id=23280, stack(0x0000003b8d000000,0x0000003b8d100000)]
  0x000001f734766000 JavaThread "Cache worker for file hash cache (G:\AndroidStudioProjects\APP\yuehaoting\.gradle\6.7.1\fileHashes)" [_thread_blocked, id=16432, stack(0x0000003b8cf00000,0x0000003b8d000000)]
  0x000001f73475e800 JavaThread "Thread-369" [_thread_blocked, id=3148, stack(0x0000003b8cb00000,0x0000003b8cc00000)]
  0x000001f73475d800 JavaThread "Stdin handler" [_thread_blocked, id=4156, stack(0x0000003b8ca00000,0x0000003b8cb00000)]
  0x000001f734764800 JavaThread "Asynchronous log dispatcher for DefaultDaemonConnection: socket connection from /127.0.0.1:57722 to /127.0.0.1:51380" [_thread_blocked, id=23616, stack(0x0000003b8b200000,0x0000003b8b300000)]
  0x000001f734763800 JavaThread "Cancel handler" [_thread_blocked, id=3752, stack(0x0000003b8b100000,0x0000003b8b200000)]
  0x000001f734760800 JavaThread "Handler for socket connection from /127.0.0.1:57722 to /127.0.0.1:51380" [_thread_in_native, id=11224, stack(0x0000003b8b000000,0x0000003b8b100000)]
  0x000001f734760000 JavaThread "RMI TCP Connection(idle)" daemon [_thread_blocked, id=10532, stack(0x0000003b97300000,0x0000003b97400000)]
  0x000001f73475f000 JavaThread "RMI TCP Connection(idle)" daemon [_thread_blocked, id=20776, stack(0x0000003b97200000,0x0000003b97300000)]
  0x000001f73475c000 JavaThread "RMI TCP Connection(idle)" daemon [_thread_blocked, id=12800, stack(0x0000003b97100000,0x0000003b97200000)]
  0x000001f734762000 JavaThread "RMI TCP Connection(idle)" daemon [_thread_blocked, id=1336, stack(0x0000003b96e00000,0x0000003b96f00000)]
  0x000001f739247800 JavaThread "jar transforms Thread 234" [_thread_blocked, id=20252, stack(0x0000003b95c00000,0x0000003b95d00000)]
  0x000001f739244800 JavaThread "jar transforms Thread 233" [_thread_blocked, id=12804, stack(0x0000003b95b00000,0x0000003b95c00000)]
  0x000001f73924a800 JavaThread "jar transforms Thread 232" [_thread_blocked, id=11852, stack(0x0000003b95a00000,0x0000003b95b00000)]
  0x000001f739243000 JavaThread "jar transforms Thread 231" [_thread_blocked, id=2680, stack(0x0000003b95900000,0x0000003b95a00000)]
  0x000001f739249000 JavaThread "jar transforms Thread 230" [_thread_blocked, id=21428, stack(0x0000003b95800000,0x0000003b95900000)]
  0x000001f739246800 JavaThread "jar transforms Thread 229" [_thread_blocked, id=18148, stack(0x0000003b95700000,0x0000003b95800000)]
  0x000001f739248000 JavaThread "jar transforms Thread 228" [_thread_blocked, id=20788, stack(0x0000003b95600000,0x0000003b95700000)]
  0x000001f73923b000 JavaThread "jar transforms Thread 227" [_thread_blocked, id=18304, stack(0x0000003b95500000,0x0000003b95600000)]
  0x000001f739242000 JavaThread "jar transforms Thread 226" [_thread_blocked, id=16340, stack(0x0000003b95400000,0x0000003b95500000)]
  0x000001f739241800 JavaThread "jar transforms Thread 225" [_thread_blocked, id=14528, stack(0x0000003b95300000,0x0000003b95400000)]
  0x000001f739240000 JavaThread "jar transforms Thread 224" [_thread_blocked, id=1032, stack(0x0000003b95200000,0x0000003b95300000)]
  0x000001f73923e000 JavaThread "jar transforms Thread 223" [_thread_blocked, id=16636, stack(0x0000003b95100000,0x0000003b95200000)]
  0x000001f73923f000 JavaThread "jar transforms Thread 222" [_thread_blocked, id=2332, stack(0x0000003b95000000,0x0000003b95100000)]
  0x000001f73923d800 JavaThread "jar transforms Thread 221" [_thread_blocked, id=24216, stack(0x0000003b94f00000,0x0000003b95000000)]
  0x000001f73923c800 JavaThread "jar transforms Thread 220" [_thread_blocked, id=5784, stack(0x0000003b94e00000,0x0000003b94f00000)]
  0x000001f73923c000 JavaThread "jar transforms Thread 219" [_thread_blocked, id=16476, stack(0x0000003b94d00000,0x0000003b94e00000)]
  0x000001f739240800 JavaThread "jar transforms Thread 218" [_thread_blocked, id=22608, stack(0x0000003b94c00000,0x0000003b94d00000)]
  0x000001f73593d000 JavaThread "jar transforms Thread 217" [_thread_blocked, id=21332, stack(0x0000003b94b00000,0x0000003b94c00000)]
  0x000001f735942000 JavaThread "jar transforms Thread 216" [_thread_blocked, id=11088, stack(0x0000003b94a00000,0x0000003b94b00000)]
  0x000001f735941800 JavaThread "jar transforms Thread 215" [_thread_blocked, id=2436, stack(0x0000003b94900000,0x0000003b94a00000)]
  0x000001f73593e800 JavaThread "jar transforms Thread 214" [_thread_blocked, id=3488, stack(0x0000003b94800000,0x0000003b94900000)]
  0x000001f735940000 JavaThread "jar transforms Thread 213" [_thread_blocked, id=18724, stack(0x0000003b94700000,0x0000003b94800000)]
  0x000001f735943800 JavaThread "jar transforms Thread 212" [_thread_blocked, id=12500, stack(0x0000003b94600000,0x0000003b94700000)]
  0x000001f73593f000 JavaThread "jar transforms Thread 211" [_thread_blocked, id=380, stack(0x0000003b94500000,0x0000003b94600000)]
  0x000001f73593d800 JavaThread "jar transforms Thread 210" [_thread_blocked, id=15820, stack(0x0000003b94400000,0x0000003b94500000)]
  0x000001f735943000 JavaThread "jar transforms Thread 209" [_thread_blocked, id=1860, stack(0x0000003b94300000,0x0000003b94400000)]
  0x000001f735940800 JavaThread "jar transforms Thread 208" [_thread_blocked, id=3812, stack(0x0000003b94200000,0x0000003b94300000)]
  0x000001f732f9a000 JavaThread "jar transforms Thread 207" [_thread_blocked, id=612, stack(0x0000003b94100000,0x0000003b94200000)]
  0x000001f732f9d000 JavaThread "jar transforms Thread 206" [_thread_blocked, id=8968, stack(0x0000003b94000000,0x0000003b94100000)]
  0x000001f732f99800 JavaThread "jar transforms Thread 205" [_thread_blocked, id=3152, stack(0x0000003b93f00000,0x0000003b94000000)]
  0x000001f732f98800 JavaThread "jar transforms Thread 204" [_thread_blocked, id=17896, stack(0x0000003b93e00000,0x0000003b93f00000)]
  0x000001f732f9b800 JavaThread "jar transforms Thread 203" [_thread_blocked, id=21576, stack(0x0000003b93d00000,0x0000003b93e00000)]
  0x000001f732f9c800 JavaThread "jar transforms Thread 202" [_thread_blocked, id=19520, stack(0x0000003b93c00000,0x0000003b93d00000)]
  0x000001f732f9e800 JavaThread "jar transforms Thread 201" [_thread_blocked, id=21308, stack(0x0000003b93b00000,0x0000003b93c00000)]
  0x000001f732f9b000 JavaThread "jar transforms Thread 200" [_thread_blocked, id=17892, stack(0x0000003b93a00000,0x0000003b93b00000)]
  0x000001f732f98000 JavaThread "jar transforms Thread 199" [_thread_blocked, id=12856, stack(0x0000003b93900000,0x0000003b93a00000)]
  0x000001f732f9e000 JavaThread "jar transforms Thread 198" [_thread_blocked, id=24444, stack(0x0000003b93800000,0x0000003b93900000)]
  0x000001f732de1000 JavaThread "jar transforms Thread 197" [_thread_blocked, id=3240, stack(0x0000003b93700000,0x0000003b93800000)]
  0x000001f732de0800 JavaThread "jar transforms Thread 196" [_thread_blocked, id=18332, stack(0x0000003b93600000,0x0000003b93700000)]
  0x000001f732dde800 JavaThread "jar transforms Thread 195" [_thread_blocked, id=21292, stack(0x0000003b93500000,0x0000003b93600000)]
  0x000001f732ddf800 JavaThread "jar transforms Thread 194" [_thread_blocked, id=8644, stack(0x0000003b93400000,0x0000003b93500000)]
  0x000001f732ddd000 JavaThread "jar transforms Thread 193" [_thread_blocked, id=1892, stack(0x0000003b93300000,0x0000003b93400000)]
  0x000001f732dde000 JavaThread "jar transforms Thread 192" [_thread_blocked, id=16112, stack(0x0000003b93200000,0x0000003b93300000)]
  0x000001f732dd5800 JavaThread "jar transforms Thread 191" [_thread_blocked, id=20976, stack(0x0000003b93100000,0x0000003b93200000)]
  0x000001f732ddb000 JavaThread "jar transforms Thread 190" [_thread_blocked, id=6532, stack(0x0000003b93000000,0x0000003b93100000)]
  0x000001f732ddc800 JavaThread "jar transforms Thread 189" [_thread_blocked, id=23336, stack(0x0000003b92f00000,0x0000003b93000000)]
  0x000001f732dda000 JavaThread "jar transforms Thread 188" [_thread_blocked, id=18996, stack(0x0000003b92e00000,0x0000003b92f00000)]
  0x000001f732dd9800 JavaThread "jar transforms Thread 187" [_thread_blocked, id=9868, stack(0x0000003b92d00000,0x0000003b92e00000)]
  0x000001f732dd6800 JavaThread "jar transforms Thread 186" [_thread_blocked, id=3204, stack(0x0000003b92c00000,0x0000003b92d00000)]
  0x000001f732ddb800 JavaThread "jar transforms Thread 185" [_thread_blocked, id=21848, stack(0x0000003b92b00000,0x0000003b92c00000)]
  0x000001f732dd2000 JavaThread "jar transforms Thread 184" [_thread_blocked, id=23252, stack(0x0000003b92a00000,0x0000003b92b00000)]
  0x000001f732dd2800 JavaThread "jar transforms Thread 183" [_thread_blocked, id=11252, stack(0x0000003b92900000,0x0000003b92a00000)]
  0x000001f732dd5000 JavaThread "jar transforms Thread 182" [_thread_blocked, id=21688, stack(0x0000003b92800000,0x0000003b92900000)]
  0x000001f732dd8000 JavaThread "jar transforms Thread 181" [_thread_blocked, id=23612, stack(0x0000003b92700000,0x0000003b92800000)]
  0x000001f732dd3800 JavaThread "jar transforms Thread 180" [_thread_blocked, id=6072, stack(0x0000003b92600000,0x0000003b92700000)]
  0x000001f732dd4000 JavaThread "jar transforms Thread 179" [_thread_blocked, id=16952, stack(0x0000003b92500000,0x0000003b92600000)]
  0x000001f732dd7000 JavaThread "jar transforms Thread 178" [_thread_blocked, id=13792, stack(0x0000003b92400000,0x0000003b92500000)]
  0x000001f732dd8800 JavaThread "jar transforms Thread 177" [_thread_blocked, id=23728, stack(0x0000003b92300000,0x0000003b92400000)]
  0x000001f735650000 JavaThread "jar transforms Thread 176" [_thread_blocked, id=20832, stack(0x0000003b92200000,0x0000003b92300000)]
  0x000001f735655800 JavaThread "jar transforms Thread 175" [_thread_blocked, id=4572, stack(0x0000003b92100000,0x0000003b92200000)]
  0x000001f735657000 JavaThread "jar transforms Thread 174" [_thread_blocked, id=17108, stack(0x0000003b92000000,0x0000003b92100000)]
  0x000001f735656000 JavaThread "jar transforms Thread 173" [_thread_blocked, id=18492, stack(0x0000003b91f00000,0x0000003b92000000)]
  0x000001f735653000 JavaThread "jar transforms Thread 172" [_thread_blocked, id=784, stack(0x0000003b91e00000,0x0000003b91f00000)]
  0x000001f735651000 JavaThread "jar transforms Thread 171" [_thread_blocked, id=23904, stack(0x0000003b91d00000,0x0000003b91e00000)]
  0x000001f735654000 JavaThread "jar transforms Thread 170" [_thread_blocked, id=10032, stack(0x0000003b91c00000,0x0000003b91d00000)]
  0x000001f735652800 JavaThread "jar transforms Thread 169" [_thread_blocked, id=18872, stack(0x0000003b91b00000,0x0000003b91c00000)]
  0x000001f735651800 JavaThread "jar transforms Thread 168" [_thread_blocked, id=4940, stack(0x0000003b91a00000,0x0000003b91b00000)]
  0x000001f735654800 JavaThread "jar transforms Thread 167" [_thread_blocked, id=22456, stack(0x0000003b91900000,0x0000003b91a00000)]
  0x000001f735648800 JavaThread "jar transforms Thread 166" [_thread_blocked, id=2336, stack(0x0000003b91800000,0x0000003b91900000)]
  0x000001f73564e000 JavaThread "jar transforms Thread 165" [_thread_blocked, id=23660, stack(0x0000003b91700000,0x0000003b91800000)]
  0x000001f73564b800 JavaThread "jar transforms Thread 164" [_thread_blocked, id=7824, stack(0x0000003b91600000,0x0000003b91700000)]
  0x000001f73564d000 JavaThread "jar transforms Thread 163" [_thread_blocked, id=9552, stack(0x0000003b91500000,0x0000003b91600000)]
  0x000001f73564c800 JavaThread "jar transforms Thread 162" [_thread_blocked, id=18220, stack(0x0000003b91400000,0x0000003b91500000)]
  0x000001f73564b000 JavaThread "jar transforms Thread 161" [_thread_blocked, id=4216, stack(0x0000003b91300000,0x0000003b91400000)]
  0x000001f73564f800 JavaThread "jar transforms Thread 160" [_thread_blocked, id=15612, stack(0x0000003b91200000,0x0000003b91300000)]
  0x000001f73564e800 JavaThread "jar transforms Thread 159" [_thread_blocked, id=20332, stack(0x0000003b91100000,0x0000003b91200000)]
  0x000001f73564a000 JavaThread "jar transforms Thread 158" [_thread_blocked, id=17396, stack(0x0000003b91000000,0x0000003b91100000)]
  0x000001f735648000 JavaThread "jar transforms Thread 157" [_thread_blocked, id=6724, stack(0x0000003b90f00000,0x0000003b91000000)]
  0x000001f735649800 JavaThread "jar transforms Thread 156" [_thread_blocked, id=17116, stack(0x0000003b90e00000,0x0000003b90f00000)]
  0x000001f730fb2800 JavaThread "jar transforms Thread 155" [_thread_blocked, id=19784, stack(0x0000003b90d00000,0x0000003b90e00000)]
  0x000001f730fb0000 JavaThread "jar transforms Thread 154" [_thread_blocked, id=15004, stack(0x0000003b90c00000,0x0000003b90d00000)]
  0x000001f730fb3000 JavaThread "jar transforms Thread 153" [_thread_blocked, id=3868, stack(0x0000003b90b00000,0x0000003b90c00000)]
  0x000001f730fb7000 JavaThread "jar transforms Thread 152" [_thread_blocked, id=11260, stack(0x0000003b90a00000,0x0000003b90b00000)]
  0x000001f730fb6000 JavaThread "jar transforms Thread 151" [_thread_blocked, id=10908, stack(0x0000003b90900000,0x0000003b90a00000)]
  0x000001f736268000 JavaThread "jar transforms Thread 150" [_thread_blocked, id=8820, stack(0x0000003b90800000,0x0000003b90900000)]
  0x000001f736267000 JavaThread "jar transforms Thread 149" [_thread_blocked, id=18048, stack(0x0000003b90700000,0x0000003b90800000)]
  0x000001f73626c800 JavaThread "jar transforms Thread 148" [_thread_blocked, id=23096, stack(0x0000003b90600000,0x0000003b90700000)]
  0x000001f73626c000 JavaThread "jar transforms Thread 147" [_thread_blocked, id=23412, stack(0x0000003b90500000,0x0000003b90600000)]
  0x000001f736264000 JavaThread "jar transforms Thread 146" [_thread_blocked, id=19540, stack(0x0000003b90400000,0x0000003b90500000)]
  0x000001f736266800 JavaThread "jar transforms Thread 145" [_thread_blocked, id=14344, stack(0x0000003b90300000,0x0000003b90400000)]
  0x000001f736250000 JavaThread "jar transforms Thread 144" [_thread_blocked, id=19688, stack(0x0000003b90200000,0x0000003b90300000)]
  0x000001f73624f000 JavaThread "jar transforms Thread 143" [_thread_blocked, id=20400, stack(0x0000003b90100000,0x0000003b90200000)]
  0x000001f73624e800 JavaThread "jar transforms Thread 142" [_thread_blocked, id=23032, stack(0x0000003b90000000,0x0000003b90100000)]
  0x000001f73624d800 JavaThread "jar transforms Thread 141" [_thread_blocked, id=21904, stack(0x0000003b8ff00000,0x0000003b90000000)]
  0x000001f73624b000 JavaThread "jar transforms Thread 140" [_thread_blocked, id=22236, stack(0x0000003b8fe00000,0x0000003b8ff00000)]
  0x000001f736246000 JavaThread "jar transforms Thread 139" [_thread_blocked, id=19304, stack(0x0000003b8fd00000,0x0000003b8fe00000)]
  0x000001f736247800 JavaThread "jar transforms Thread 138" [_thread_blocked, id=8920, stack(0x0000003b8fc00000,0x0000003b8fd00000)]
  0x000001f73624a800 JavaThread "jar transforms Thread 137" [_thread_blocked, id=5656, stack(0x0000003b8fb00000,0x0000003b8fc00000)]
  0x000001f73624c000 JavaThread "jar transforms Thread 136" [_thread_blocked, id=10584, stack(0x0000003b8fa00000,0x0000003b8fb00000)]
  0x000001f736246800 JavaThread "jar transforms Thread 135" [_thread_blocked, id=14244, stack(0x0000003b8f900000,0x0000003b8fa00000)]
  0x000001f736249800 JavaThread "jar transforms Thread 134" [_thread_blocked, id=11272, stack(0x0000003b8f800000,0x0000003b8f900000)]
  0x000001f736240800 JavaThread "jar transforms Thread 133" [_thread_blocked, id=14140, stack(0x0000003b8f700000,0x0000003b8f800000)]
  0x000001f736245000 JavaThread "jar transforms Thread 132" [_thread_blocked, id=3856, stack(0x0000003b8f600000,0x0000003b8f700000)]
  0x000001f7359a0000 JavaThread "jar transforms Thread 131" [_thread_blocked, id=18868, stack(0x0000003b8f500000,0x0000003b8f600000)]
  0x000001f73599e800 JavaThread "jar transforms Thread 130" [_thread_blocked, id=13560, stack(0x0000003b8f400000,0x0000003b8f500000)]
  0x000001f73599f800 JavaThread "jar transforms Thread 129" [_thread_blocked, id=2324, stack(0x0000003b8f300000,0x0000003b8f400000)]
  0x000001f73599e000 JavaThread "jar transforms Thread 128" [_thread_blocked, id=10260, stack(0x0000003b8f200000,0x0000003b8f300000)]
  0x000001f73599d000 JavaThread "jar transforms Thread 127" [_thread_blocked, id=17592, stack(0x0000003b8f100000,0x0000003b8f200000)]
  0x000001f7359a1000 JavaThread "jar transforms Thread 126" [_thread_blocked, id=6600, stack(0x0000003b8f000000,0x0000003b8f100000)]
  0x000001f735995800 JavaThread "jar transforms Thread 125" [_thread_blocked, id=1644, stack(0x0000003b8ef00000,0x0000003b8f000000)]
  0x000001f73599c800 JavaThread "jar transforms Thread 124" [_thread_blocked, id=12320, stack(0x0000003b8ee00000,0x0000003b8ef00000)]
  0x000001f735995000 JavaThread "jar transforms Thread 123" [_thread_blocked, id=13456, stack(0x0000003b8ed00000,0x0000003b8ee00000)]
  0x000001f73599b800 JavaThread "jar transforms Thread 122" [_thread_blocked, id=16892, stack(0x0000003b8ec00000,0x0000003b8ed00000)]
  0x000001f735996800 JavaThread "jar transforms Thread 121" [_thread_blocked, id=19680, stack(0x0000003b8eb00000,0x0000003b8ec00000)]
  0x000001f735997000 JavaThread "jar transforms Thread 120" [_thread_blocked, id=13372, stack(0x0000003b8ea00000,0x0000003b8eb00000)]
  0x000001f735999800 JavaThread "jar transforms Thread 119" [_thread_blocked, id=21228, stack(0x0000003b8e900000,0x0000003b8ea00000)]
  0x000001f735994000 JavaThread "jar transforms Thread 118" [_thread_blocked, id=20596, stack(0x0000003b8e800000,0x0000003b8e900000)]
  0x000001f73626d800 JavaThread "RMI TCP Connection(idle)" daemon [_thread_blocked, id=23328, stack(0x0000003b97a00000,0x0000003b97b00000)]
  0x000001f73626f000 JavaThread "RMI TCP Connection(idle)" daemon [_thread_blocked, id=17768, stack(0x0000003b97800000,0x0000003b97900000)]
  0x000001f73626e000 JavaThread "RMI Reaper" [_thread_blocked, id=17552, stack(0x0000003b97700000,0x0000003b97800000)]
  0x000001f736263800 JavaThread "RMI TCP Accept-0" daemon [_thread_in_native, id=16148, stack(0x0000003b97600000,0x0000003b97700000)]
  0x000001f73626a800 JavaThread "GC Daemon" daemon [_thread_blocked, id=13232, stack(0x0000003b97500000,0x0000003b97600000)]
  0x000001f736265800 JavaThread "RMI Scheduler(0)" daemon [_thread_blocked, id=22304, stack(0x0000003b97000000,0x0000003b97100000)]
  0x000001f736269000 JavaThread "Java2D Disposer" daemon [_thread_blocked, id=16440, stack(0x0000003b97b00000,0x0000003b97c00000)]
  0x000001f735998000 JavaThread "Memory manager" [_thread_blocked, id=11648, stack(0x0000003b96000000,0x0000003b96100000)]
  0x000001f730fb4000 JavaThread "Cache worker for file content cache (E:\Android\gradle\caches\6.7.1\fileContent)" [_thread_blocked, id=18180, stack(0x0000003b8de00000,0x0000003b8df00000)]
  0x000001f730fb1800 JavaThread "Cache worker for execution history cache (E:\Android\gradle\caches\6.7.1\executionHistory)" [_thread_blocked, id=22000, stack(0x0000003b8dc00000,0x0000003b8dd00000)]
  0x000001f730fb1000 JavaThread "Cache worker for journal cache (E:\Android\gradle\caches\journal-1)" [_thread_blocked, id=10696, stack(0x0000003b8d700000,0x0000003b8d800000)]
  0x000001f730fb4800 JavaThread "File lock request listener" [_thread_in_native, id=5692, stack(0x0000003b8d600000,0x0000003b8d700000)]
  0x000001f730fb5800 JavaThread "Cache worker for file hash cache (E:\Android\gradle\caches\6.7.1\fileHashes)" [_thread_blocked, id=17792, stack(0x0000003b8d500000,0x0000003b8d600000)]
  0x000001f732974800 JavaThread "Daemon worker" [_thread_blocked, id=14620, stack(0x0000003b8d100000,0x0000003b8d200000)]
  0x000001f732883000 JavaThread "Daemon" [_thread_blocked, id=19588, stack(0x0000003b8ce00000,0x0000003b8cf00000)]
  0x000001f732874800 JavaThread "Daemon periodic checks" [_thread_blocked, id=3448, stack(0x0000003b8cd00000,0x0000003b8ce00000)]
  0x000001f73283f800 JavaThread "Incoming local TCP Connector on port 57722" [_thread_in_native, id=23976, stack(0x0000003b8cc00000,0x0000003b8cd00000)]
  0x000001f7327ac000 JavaThread "Daemon health stats" [_thread_blocked, id=21432, stack(0x0000003b8c900000,0x0000003b8ca00000)]
  0x000001f72f34d000 JavaThread "Service Thread" daemon [_thread_blocked, id=11092, stack(0x0000003b8c700000,0x0000003b8c800000)]
  0x000001f72f33c000 JavaThread "C1 CompilerThread3" daemon [_thread_blocked, id=10972, stack(0x0000003b8c600000,0x0000003b8c700000)]
  0x000001f72f339000 JavaThread "C2 CompilerThread2" daemon [_thread_in_native, id=22280, stack(0x0000003b8c500000,0x0000003b8c600000)]
=>0x000001f72f32e000 JavaThread "C2 CompilerThread1" daemon [_thread_in_native, id=3996, stack(0x0000003b8c400000,0x0000003b8c500000)]
  0x000001f730a82800 JavaThread "C2 CompilerThread0" daemon [_thread_blocked, id=15724, stack(0x0000003b8c300000,0x0000003b8c400000)]
  0x000001f72f317000 JavaThread "Attach Listener" daemon [_thread_blocked, id=8764, stack(0x0000003b8c200000,0x0000003b8c300000)]
  0x000001f72f301000 JavaThread "Signal Dispatcher" daemon [_thread_blocked, id=16176, stack(0x0000003b8c100000,0x0000003b8c200000)]
  0x000001f72f2e2800 JavaThread "Finalizer" daemon [_thread_blocked, id=19860, stack(0x0000003b8c000000,0x0000003b8c100000)]
  0x000001f72f2da800 JavaThread "Reference Handler" daemon [_thread_blocked, id=15716, stack(0x0000003b8bf00000,0x0000003b8c000000)]
  0x000001f718396800 JavaThread "main" [_thread_blocked, id=584, stack(0x0000003b8b300000,0x0000003b8b400000)]

Other Threads:
  0x000001f72f2b2800 VMThread [stack: 0x0000003b8be00000,0x0000003b8bf00000] [id=10488]
  0x000001f730b0f000 WatcherThread [stack: 0x0000003b8c800000,0x0000003b8c900000] [id=556]

VM state:at safepoint (normal execution)

VM Mutex/Monitor currently owned by a thread:  ([mutex/lock_event])
[0x000001f718394760] Threads_lock - owner thread: 0x000001f72f2b2800
[0x000001f718394f60] Heap_lock - owner thread: 0x000001f73979b800

heap address: 0x0000000080000000, size: 2048 MB, Compressed Oops mode: 32-bit
Narrow klass base: 0x0000000000000000, Narrow klass shift: 3
Compressed class space size: 1073741824 Address: 0x0000000100000000

Heap:
 PSYoungGen      total 551936K, used 517585K [0x00000000d5580000, 0x0000000100000000, 0x0000000100000000)
  eden space 421376K, 100% used [0x00000000d5580000,0x00000000ef100000,0x00000000ef100000)
  from space 130560K, 73% used [0x00000000f8080000,0x00000000fde74508,0x0000000100000000)
  to   space 138752K, 23% used [0x00000000ef100000,0x00000000f105bb90,0x00000000f7880000)
 ParOldGen       total 318976K, used 239159K [0x0000000080000000, 0x0000000093780000, 0x00000000d5580000)
  object space 318976K, 74% used [0x0000000080000000,0x000000008e98dce0,0x0000000093780000)
 Metaspace       used 127305K, capacity 134840K, committed 135168K, reserved 1167360K
  class space    used 16463K, capacity 17821K, committed 17920K, reserved 1048576K

Card table byte_map: [0x000001f7291c0000,0x000001f7295d0000] byte_map_base: 0x000001f728dc0000

Marking Bits: (ParMarkBitMap*) 0x0000000076a77fe0
 Begin Bits: [0x000001f729880000, 0x000001f72b880000)
 End Bits:   [0x000001f72b880000, 0x000001f72d880000)

Polling page: 0x000001f7184f0000

CodeCache: size=245760Kb used=74238Kb max_used=74252Kb free=171521Kb
 bounds [0x000001f719e00000, 0x000001f71e6f0000, 0x000001f728e00000]
 total_blobs=22416 nmethods=21354 adapters=971
 compilation: enabled

Compilation events (10 events):
Event: 154.898 Thread 0x000001f72f33c000 27726       2       org.objectweb.asm.SymbolTable::hash (14 bytes)
Event: 154.898 Thread 0x000001f72f33c000 nmethod 27726 0x000001f71e6bb090 code [0x000001f71e6bb1e0, 0x000001f71e6bb338]
Event: 154.910 Thread 0x000001f72f33c000 27727       1       org.objectweb.asm.ClassWriter::visitEnd (1 bytes)
Event: 154.910 Thread 0x000001f72f33c000 nmethod 27727 0x000001f71e6c4210 code [0x000001f71e6c4360, 0x000001f71e6c4478]
Event: 154.914 Thread 0x000001f730a82800 nmethod 27458 0x000001f71e6c44d0 code [0x000001f71e6c55c0, 0x000001f71e6cc600]
Event: 154.914 Thread 0x000001f730a82800 27715       4       org.objectweb.asm.SymbolTable::addConstantUtf8 (98 bytes)
Event: 154.917 Thread 0x000001f72f33c000 27728 %     3       org.objectweb.asm.signature.SignatureReader::parseType @ 184 (411 bytes)
Event: 154.918 Thread 0x000001f72f33c000 nmethod 27728% 0x000001f71e6c1450 code [0x000001f71e6c17c0, 0x000001f71e6c33c0]
Event: 154.918 Thread 0x000001f72f33c000 27729       3       org.objectweb.asm.signature.SignatureReader::parseType (411 bytes)
Event: 154.919 Thread 0x000001f72f33c000 nmethod 27729 0x000001f71e6be8d0 code [0x000001f71e6bec40, 0x000001f71e6c06c0]

GC Heap History (10 events):
Event: 46.351 GC heap before
{Heap before GC invocations=20 (full 4):
 PSYoungGen      total 588800K, used 588779K [0x00000000d5580000, 0x0000000100000000, 0x0000000100000000)
  eden space 524800K, 100% used [0x00000000d5580000,0x00000000f5600000,0x00000000f5600000)
  from space 64000K, 99% used [0x00000000f5600000,0x00000000f947aec8,0x00000000f9480000)
  to   space 97280K, 0% used [0x00000000fa100000,0x00000000fa100000,0x0000000100000000)
 ParOldGen       total 318976K, used 169629K [0x0000000080000000, 0x0000000093780000, 0x00000000d5580000)
  object space 318976K, 53% used [0x0000000080000000,0x000000008a5a7788,0x0000000093780000)
 Metaspace       used 114802K, capacity 121036K, committed 121344K, reserved 1155072K
  class space    used 15094K, capacity 16266K, committed 16384K, reserved 1048576K
Event: 46.442 GC heap after
Heap after GC invocations=20 (full 4):
 PSYoungGen      total 564736K, used 97271K [0x00000000d5580000, 0x0000000100000000, 0x0000000100000000)
  eden space 467456K, 0% used [0x00000000d5580000,0x00000000d5580000,0x00000000f1e00000)
  from space 97280K, 99% used [0x00000000fa100000,0x00000000ffffdc00,0x0000000100000000)
  to   space 115712K, 0% used [0x00000000f1e00000,0x00000000f1e00000,0x00000000f8f00000)
 ParOldGen       total 318976K, used 175665K [0x0000000080000000, 0x0000000093780000, 0x00000000d5580000)
  object space 318976K, 55% used [0x0000000080000000,0x000000008ab8c4f8,0x0000000093780000)
 Metaspace       used 114802K, capacity 121036K, committed 121344K, reserved 1155072K
  class space    used 15094K, capacity 16266K, committed 16384K, reserved 1048576K
}
Event: 47.841 GC heap before
{Heap before GC invocations=21 (full 4):
 PSYoungGen      total 564736K, used 564727K [0x00000000d5580000, 0x0000000100000000, 0x0000000100000000)
  eden space 467456K, 100% used [0x00000000d5580000,0x00000000f1e00000,0x00000000f1e00000)
  from space 97280K, 99% used [0x00000000fa100000,0x00000000ffffdc00,0x0000000100000000)
  to   space 115712K, 0% used [0x00000000f1e00000,0x00000000f1e00000,0x00000000f8f00000)
 ParOldGen       total 318976K, used 175665K [0x0000000080000000, 0x0000000093780000, 0x00000000d5580000)
  object space 318976K, 55% used [0x0000000080000000,0x000000008ab8c4f8,0x0000000093780000)
 Metaspace       used 116142K, capacity 122398K, committed 122496K, reserved 1155072K
  class space    used 15260K, capacity 16466K, committed 16512K, reserved 1048576K
Event: 47.923 GC heap after
Heap after GC invocations=21 (full 4):
 PSYoungGen      total 535552K, used 67934K [0x00000000d5580000, 0x0000000100000000, 0x0000000100000000)
  eden space 467456K, 0% used [0x00000000d5580000,0x00000000d5580000,0x00000000f1e00000)
  from space 68096K, 99% used [0x00000000f1e00000,0x00000000f6057970,0x00000000f6080000)
  to   space 117760K, 0% used [0x00000000f8d00000,0x00000000f8d00000,0x0000000100000000)
 ParOldGen       total 318976K, used 239135K [0x0000000080000000, 0x0000000093780000, 0x00000000d5580000)
  object space 318976K, 74% used [0x0000000080000000,0x000000008e987ce0,0x0000000093780000)
 Metaspace       used 116142K, capacity 122398K, committed 122496K, reserved 1155072K
  class space    used 15260K, capacity 16466K, committed 16512K, reserved 1048576K
}
Event: 109.481 GC heap before
{Heap before GC invocations=22 (full 4):
 PSYoungGen      total 535552K, used 535390K [0x00000000d5580000, 0x0000000100000000, 0x0000000100000000)
  eden space 467456K, 100% used [0x00000000d5580000,0x00000000f1e00000,0x00000000f1e00000)
  from space 68096K, 99% used [0x00000000f1e00000,0x00000000f6057970,0x00000000f6080000)
  to   space 117760K, 0% used [0x00000000f8d00000,0x00000000f8d00000,0x0000000100000000)
 ParOldGen       total 318976K, used 239135K [0x0000000080000000, 0x0000000093780000, 0x00000000d5580000)
  object space 318976K, 74% used [0x0000000080000000,0x000000008e987ce0,0x0000000093780000)
 Metaspace       used 119819K, capacity 126290K, committed 126336K, reserved 1159168K
  class space    used 15550K, capacity 16758K, committed 16768K, reserved 1048576K
Event: 109.506 GC heap after
Heap after GC invocations=22 (full 4):
 PSYoungGen      total 567808K, used 81957K [0x00000000d5580000, 0x0000000100000000, 0x0000000100000000)
  eden space 450048K, 0% used [0x00000000d5580000,0x00000000d5580000,0x00000000f0d00000)
  from space 117760K, 69% used [0x00000000f8d00000,0x00000000fdd09470,0x0000000100000000)
  to   space 124416K, 0% used [0x00000000f0d00000,0x00000000f0d00000,0x00000000f8680000)
 ParOldGen       total 318976K, used 239143K [0x0000000080000000, 0x0000000093780000, 0x00000000d5580000)
  object space 318976K, 74% used [0x0000000080000000,0x000000008e989ce0,0x0000000093780000)
 Metaspace       used 119819K, capacity 126290K, committed 126336K, reserved 1159168K
  class space    used 15550K, capacity 16758K, committed 16768K, reserved 1048576K
}
Event: 134.826 GC heap before
{Heap before GC invocations=23 (full 4):
 PSYoungGen      total 567808K, used 532005K [0x00000000d5580000, 0x0000000100000000, 0x0000000100000000)
  eden space 450048K, 100% used [0x00000000d5580000,0x00000000f0d00000,0x00000000f0d00000)
  from space 117760K, 69% used [0x00000000f8d00000,0x00000000fdd09470,0x0000000100000000)
  to   space 124416K, 0% used [0x00000000f0d00000,0x00000000f0d00000,0x00000000f8680000)
 ParOldGen       total 318976K, used 239143K [0x0000000080000000, 0x0000000093780000, 0x00000000d5580000)
  object space 318976K, 74% used [0x0000000080000000,0x000000008e989ce0,0x0000000093780000)
 Metaspace       used 121180K, capacity 128462K, committed 128768K, reserved 1161216K
  class space    used 15689K, capacity 17034K, committed 17152K, reserved 1048576K
Event: 134.852 GC heap after
Heap after GC invocations=23 (full 4):
 PSYoungGen      total 536576K, used 86222K [0x00000000d5580000, 0x0000000100000000, 0x0000000100000000)
  eden space 450048K, 0% used [0x00000000d5580000,0x00000000d5580000,0x00000000f0d00000)
  from space 86528K, 99% used [0x00000000f0d00000,0x00000000f6133830,0x00000000f6180000)
  to   space 130560K, 0% used [0x00000000f8080000,0x00000000f8080000,0x0000000100000000)
 ParOldGen       total 318976K, used 239151K [0x0000000080000000, 0x0000000093780000, 0x00000000d5580000)
  object space 318976K, 74% used [0x0000000080000000,0x000000008e98bce0,0x0000000093780000)
 Metaspace       used 121180K, capacity 128462K, committed 128768K, reserved 1161216K
  class space    used 15689K, capacity 17034K, committed 17152K, reserved 1048576K
}
Event: 154.648 GC heap before
{Heap before GC invocations=24 (full 4):
 PSYoungGen      total 536576K, used 536270K [0x00000000d5580000, 0x0000000100000000, 0x0000000100000000)
  eden space 450048K, 100% used [0x00000000d5580000,0x00000000f0d00000,0x00000000f0d00000)
  from space 86528K, 99% used [0x00000000f0d00000,0x00000000f6133830,0x00000000f6180000)
  to   space 130560K, 0% used [0x00000000f8080000,0x00000000f8080000,0x0000000100000000)
 ParOldGen       total 318976K, used 239151K [0x0000000080000000, 0x0000000093780000, 0x00000000d5580000)
  object space 318976K, 74% used [0x0000000080000000,0x000000008e98bce0,0x0000000093780000)
 Metaspace       used 127185K, capacity 134642K, committed 134912K, reserved 1167360K
  class space    used 16461K, capacity 17820K, committed 17920K, reserved 1048576K
Event: 154.675 GC heap after
Heap after GC invocations=24 (full 4):
 PSYoungGen      total 551936K, used 96209K [0x00000000d5580000, 0x0000000100000000, 0x0000000100000000)
  eden space 421376K, 0% used [0x00000000d5580000,0x00000000d5580000,0x00000000ef100000)
  from space 130560K, 73% used [0x00000000f8080000,0x00000000fde74508,0x0000000100000000)
  to   space 138752K, 0% used [0x00000000ef100000,0x00000000ef100000,0x00000000f7880000)
 ParOldGen       total 318976K, used 239159K [0x0000000080000000, 0x0000000093780000, 0x00000000d5580000)
  object space 318976K, 74% used [0x0000000080000000,0x000000008e98dce0,0x0000000093780000)
 Metaspace       used 127185K, capacity 134642K, committed 134912K, reserved 1167360K
  class space    used 16461K, capacity 17820K, committed 17920K, reserved 1048576K
}

Deoptimization events (10 events):
Event: 154.602 Thread 0x000001f73979e800 Uncommon trap: reason=unstable_if action=reinterpret pc=0x000001f71d333588 method=org.objectweb.asm.FieldWriter.putFieldInfo(Lorg/objectweb/asm/ByteVector;)V @ 125
Event: 154.604 Thread 0x000001f73979f000 Uncommon trap: reason=unstable_if action=reinterpret pc=0x000001f71d315794 method=org.objectweb.asm.SymbolTable.addConstantIntegerOrFloat(II)Lorg/objectweb/asm/Symbol; @ 44
Event: 154.619 Thread 0x000001f7397a2000 Uncommon trap: reason=unstable_if action=reinterpret pc=0x000001f71d45a970 method=sun.nio.fs.WindowsPath.openForReadAttributeAccess(Z)J @ 4
Event: 154.634 Thread 0x000001f7397a6000 Uncommon trap: reason=class_check action=maybe_recompile pc=0x000001f71d571c94 method=org.objectweb.asm.SymbolTable.addConstant(Ljava/lang/Object;)Lorg/objectweb/asm/Symbol; @ 177
Event: 154.634 Thread 0x000001f7397a6000 Uncommon trap: reason=class_check action=maybe_recompile pc=0x000001f71d571c94 method=org.objectweb.asm.SymbolTable.addConstant(Ljava/lang/Object;)Lorg/objectweb/asm/Symbol; @ 177
Event: 154.683 Thread 0x000001f73979f000 Uncommon trap: reason=unstable_if action=reinterpret pc=0x000001f71bdacfa8 method=com.sun.org.apache.xerces.internal.util.SymbolTable.addSymbol0([CIIII)Ljava/lang/String; @ 8
Event: 154.721 Thread 0x000001f73476a800 Uncommon trap: reason=unstable_if action=reinterpret pc=0x000001f71e47f94c method=org.objectweb.asm.SymbolTable.addConstant(Ljava/lang/Object;)Lorg/objectweb/asm/Symbol; @ 145
Event: 154.749 Thread 0x000001f73476a800 Uncommon trap: reason=unstable_if action=reinterpret pc=0x000001f71e3d10a8 method=org.objectweb.asm.SymbolTable.addConstantUtf8(Ljava/lang/String;)I @ 40
Event: 154.891 Thread 0x000001f73979d800 Uncommon trap: reason=unstable_if action=reinterpret pc=0x000001f71b4a8500 method=sun.nio.fs.WindowsPath.getFileName()Ljava/nio/file/Path; @ 45
Event: 154.916 Thread 0x000001f73979b800 Uncommon trap: reason=unstable_if action=reinterpret pc=0x000001f71e6c8278 method=org.objectweb.asm.signature.SignatureReader.parseType(Ljava/lang/String;ILorg/objectweb/asm/signature/SignatureVisitor;)I @ 198

Classes redefined (0 events):
No events

Internal exceptions (10 events):
Event: 154.688 Thread 0x000001f7397a0000 Exception <a 'sun/nio/fs/WindowsException'> (0x00000000d7221ad8) thrown at [C:\jenkins\workspace\8-2-build-windows-amd64-cygwin\jdk8u291\1294\hotspot\src\share\vm\prims\jni.cpp, line 710]
Event: 154.705 Thread 0x000001f734769000 Exception <a 'sun/nio/fs/WindowsException'> (0x00000000d8d74228) thrown at [C:\jenkins\workspace\8-2-build-windows-amd64-cygwin\jdk8u291\1294\hotspot\src\share\vm\prims\jni.cpp, line 710]
Event: 154.706 Thread 0x000001f73979d800 Exception <a 'sun/nio/fs/WindowsException'> (0x00000000d8e38cb8) thrown at [C:\jenkins\workspace\8-2-build-windows-amd64-cygwin\jdk8u291\1294\hotspot\src\share\vm\prims\jni.cpp, line 710]
Event: 154.718 Thread 0x000001f7397a2000 Exception <a 'sun/nio/fs/WindowsException'> (0x00000000d9c0c2f0) thrown at [C:\jenkins\workspace\8-2-build-windows-amd64-cygwin\jdk8u291\1294\hotspot\src\share\vm\prims\jni.cpp, line 710]
Event: 154.746 Thread 0x000001f7397a6000 Exception <a 'sun/nio/fs/WindowsException'> (0x00000000dbb85610) thrown at [C:\jenkins\workspace\8-2-build-windows-amd64-cygwin\jdk8u291\1294\hotspot\src\share\vm\prims\jni.cpp, line 710]
Event: 154.764 Thread 0x000001f73979f000 Exception <a 'sun/nio/fs/WindowsException'> (0x00000000dda1bab0) thrown at [C:\jenkins\workspace\8-2-build-windows-amd64-cygwin\jdk8u291\1294\hotspot\src\share\vm\prims\jni.cpp, line 710]
Event: 154.768 Thread 0x000001f7397a3000 Exception <a 'sun/nio/fs/WindowsException'> (0x00000000de0b94e0) thrown at [C:\jenkins\workspace\8-2-build-windows-amd64-cygwin\jdk8u291\1294\hotspot\src\share\vm\prims\jni.cpp, line 710]
Event: 154.802 Thread 0x000001f73979e800 Exception <a 'sun/nio/fs/WindowsException'> (0x00000000e2187f28) thrown at [C:\jenkins\workspace\8-2-build-windows-amd64-cygwin\jdk8u291\1294\hotspot\src\share\vm\prims\jni.cpp, line 710]
Event: 154.815 Thread 0x000001f7397a1800 Exception <a 'sun/nio/fs/WindowsException'> (0x00000000e3ed2ad8) thrown at [C:\jenkins\workspace\8-2-build-windows-amd64-cygwin\jdk8u291\1294\hotspot\src\share\vm\prims\jni.cpp, line 710]
Event: 154.860 Thread 0x000001f7397a0800 Exception <a 'sun/nio/fs/WindowsException'> (0x00000000e82bb838) thrown at [C:\jenkins\workspace\8-2-build-windows-amd64-cygwin\jdk8u291\1294\hotspot\src\share\vm\prims\jni.cpp, line 710]

Events (10 events):
Event: 154.740 loading class org/objectweb/asm/TypePath done
Event: 154.749 Thread 0x000001f73476a800 Uncommon trap: trap_request=0xffffff65 fr.pc=0x000001f71e3d10a8
Event: 154.749 Thread 0x000001f73476a800 DEOPT PACKING pc=0x000001f71e3d10a8 sp=0x0000003b8dafb680
Event: 154.749 Thread 0x000001f73476a800 DEOPT UNPACKING pc=0x000001f719e45843 sp=0x0000003b8dafb678 mode 2
Event: 154.891 Thread 0x000001f73979d800 Uncommon trap: trap_request=0xffffff65 fr.pc=0x000001f71b4a8500
Event: 154.891 Thread 0x000001f73979d800 DEOPT PACKING pc=0x000001f71b4a8500 sp=0x0000003b8e3fc2f0
Event: 154.891 Thread 0x000001f73979d800 DEOPT UNPACKING pc=0x000001f719e45843 sp=0x0000003b8e3fc2c8 mode 2
Event: 154.916 Thread 0x000001f73979b800 Uncommon trap: trap_request=0xffffff65 fr.pc=0x000001f71e6c8278
Event: 154.916 Thread 0x000001f73979b800 DEOPT PACKING pc=0x000001f71e6c8278 sp=0x0000003b8dffb500
Event: 154.916 Thread 0x000001f73979b800 DEOPT UNPACKING pc=0x000001f719e45843 sp=0x0000003b8dffb520 mode 2


Dynamic libraries:
0x00007ff733ff0000 - 0x00007ff734037000 	C:\Program Files\Java\jdk1.8.0_291\bin\java.exe
0x00007ffa462c0000 - 0x00007ffa464b0000 	C:\Windows\SYSTEM32\ntdll.dll
0x00007ffa455a0000 - 0x00007ffa45652000 	C:\Windows\System32\KERNEL32.DLL
0x00007ffa434f0000 - 0x00007ffa43793000 	C:\Windows\System32\KERNELBASE.dll
0x00007ffa451b0000 - 0x00007ffa45253000 	C:\Windows\System32\ADVAPI32.dll
0x00007ffa45110000 - 0x00007ffa451ae000 	C:\Windows\System32\msvcrt.dll
0x00007ffa45260000 - 0x00007ffa452f7000 	C:\Windows\System32\sechost.dll
0x00007ffa45a60000 - 0x00007ffa45b80000 	C:\Windows\System32\RPCRT4.dll
0x00007ffa447e0000 - 0x00007ffa44974000 	C:\Windows\System32\USER32.dll
0x00007ffa442f0000 - 0x00007ffa44311000 	C:\Windows\System32\win32u.dll
0x00007ffa45a30000 - 0x00007ffa45a56000 	C:\Windows\System32\GDI32.dll
0x00007ffa43280000 - 0x00007ffa43414000 	C:\Windows\System32\gdi32full.dll
0x00007ffa43970000 - 0x00007ffa43a0e000 	C:\Windows\System32\msvcp_win.dll
0x00007ffa441f0000 - 0x00007ffa442ea000 	C:\Windows\System32\ucrtbase.dll
0x00007ffa3bfa0000 - 0x00007ffa3c225000 	C:\Windows\WinSxS\amd64_microsoft.windows.common-controls_6595b64144ccf1df_6.0.18362.592_none_e6c0b1911312be02\COMCTL32.dll
0x00007ffa44bc0000 - 0x00007ffa44ef6000 	C:\Windows\System32\combase.dll
0x00007ffa437a0000 - 0x00007ffa43820000 	C:\Windows\System32\bcryptPrimitives.dll
0x00007ffa45870000 - 0x00007ffa4589e000 	C:\Windows\System32\IMM32.DLL
0x00007ffa35770000 - 0x00007ffa35785000 	C:\Program Files\Java\jdk1.8.0_291\jre\bin\vcruntime140.dll
0x00007ffa1c2b0000 - 0x00007ffa1c34b000 	C:\Program Files\Java\jdk1.8.0_291\jre\bin\msvcp140.dll
0x0000000076290000 - 0x0000000076af0000 	C:\Program Files\Java\jdk1.8.0_291\jre\bin\server\jvm.dll
0x00007ffa458a0000 - 0x00007ffa458a8000 	C:\Windows\System32\PSAPI.DLL
0x00007ffa41100000 - 0x00007ffa41124000 	C:\Windows\SYSTEM32\WINMM.dll
0x00007ffa3f400000 - 0x00007ffa3f40a000 	C:\Windows\SYSTEM32\VERSION.dll
0x00007ffa2d470000 - 0x00007ffa2d479000 	C:\Windows\SYSTEM32\WSOCK32.dll
0x00007ffa45460000 - 0x00007ffa454cf000 	C:\Windows\System32\WS2_32.dll
0x00007ffa410d0000 - 0x00007ffa410fd000 	C:\Windows\SYSTEM32\WINMMBASE.dll
0x00007ffa44320000 - 0x00007ffa4436a000 	C:\Windows\System32\cfgmgr32.dll
0x00007ffa431c0000 - 0x00007ffa431d1000 	C:\Windows\System32\kernel.appcore.dll
0x00007ffa36c70000 - 0x00007ffa36c80000 	C:\Program Files\Java\jdk1.8.0_291\jre\bin\verify.dll
0x00007ffa35740000 - 0x00007ffa3576b000 	C:\Program Files\Java\jdk1.8.0_291\jre\bin\java.dll
0x00007ffa31020000 - 0x00007ffa31038000 	C:\Program Files\Java\jdk1.8.0_291\jre\bin\zip.dll
0x00007ffa45b90000 - 0x00007ffa46275000 	C:\Windows\System32\SHELL32.dll
0x00007ffa458b0000 - 0x00007ffa45959000 	C:\Windows\System32\shcore.dll
0x00007ffa43a10000 - 0x00007ffa4418f000 	C:\Windows\System32\windows.storage.dll
0x00007ffa43230000 - 0x00007ffa4324f000 	C:\Windows\System32\profapi.dll
0x00007ffa431e0000 - 0x00007ffa4322a000 	C:\Windows\System32\powrprof.dll
0x00007ffa43190000 - 0x00007ffa431a0000 	C:\Windows\System32\UMPDC.dll
0x00007ffa44f00000 - 0x00007ffa44f52000 	C:\Windows\System32\shlwapi.dll
0x00007ffa434d0000 - 0x00007ffa434e7000 	C:\Windows\System32\cryptsp.dll
0x00007ffa2b4a0000 - 0x00007ffa2b4bc000 	C:\Program Files\Java\jdk1.8.0_291\jre\bin\net.dll
0x00007ffa42a00000 - 0x00007ffa42a67000 	C:\Windows\system32\mswsock.dll
0x00007ffa295a0000 - 0x00007ffa295b3000 	C:\Program Files\Java\jdk1.8.0_291\jre\bin\nio.dll
0x00007ffa085a0000 - 0x00007ffa085c7000 	E:\Android\gradle\native\fdc75f09e3144964f2cf3f50f0aa648679c211496f362492102eb8c894070792\windows-amd64\native-platform.dll
0x00007ffa00f20000 - 0x00007ffa010b6000 	E:\Android\gradle\native\12488b8bf47d2d4c9fbf2f6322a914ad602e24e48041cd04a747c6da556b65c4\windows-amd64\native-platform-file-events.dll
0x00007ffa35c40000 - 0x00007ffa35c4d000 	C:\Program Files\Java\jdk1.8.0_291\jre\bin\management.dll
0x00007ffa42570000 - 0x00007ffa425a3000 	C:\Windows\system32\rsaenh.dll
0x00007ffa43250000 - 0x00007ffa43276000 	C:\Windows\System32\bcrypt.dll
0x00007ffa430b0000 - 0x00007ffa430d5000 	C:\Windows\SYSTEM32\USERENV.dll
0x00007ffa42bd0000 - 0x00007ffa42bdc000 	C:\Windows\SYSTEM32\CRYPTBASE.dll
0x00007ffa42710000 - 0x00007ffa4274a000 	C:\Windows\SYSTEM32\IPHLPAPI.DLL
0x00007ffa44b00000 - 0x00007ffa44b08000 	C:\Windows\System32\NSI.dll
0x00007ffa33d50000 - 0x00007ffa33d66000 	C:\Windows\SYSTEM32\dhcpcsvc6.DLL
0x00007ffa3c2d0000 - 0x00007ffa3c2ec000 	C:\Windows\SYSTEM32\dhcpcsvc.DLL
0x00007ffa42750000 - 0x00007ffa4281a000 	C:\Windows\SYSTEM32\DNSAPI.dll
0x00007ffa3ee80000 - 0x00007ffa3ee8b000 	C:\Windows\SYSTEM32\WINNSI.DLL
0x00007ff9fc530000 - 0x00007ff9fc6c5000 	C:\Program Files\Java\jdk1.8.0_291\jre\bin\awt.dll
0x00007ffa454d0000 - 0x00007ffa45594000 	C:\Windows\System32\OLEAUT32.dll
0x00007ffa413d0000 - 0x00007ffa4145f000 	C:\Windows\SYSTEM32\apphelp.dll
0x00007ffa41910000 - 0x00007ffa4193d000 	C:\Windows\system32\DWMAPI.DLL
0x00007ffa414f0000 - 0x00007ffa41589000 	C:\Windows\system32\uxtheme.dll
0x00007ffa1eed0000 - 0x00007ffa1eefa000 	C:\Program Files\Java\jdk1.8.0_291\jre\bin\dcpr.dll
0x00007ffa271b0000 - 0x00007ffa271ce000 	C:\Users\13967\AppData\Local\Temp\native-platform5412540160239109798dir\native-platform.dll
0x00007ffa29680000 - 0x00007ffa296a4000 	C:\Program Files\Java\jdk1.8.0_291\jre\bin\sunec.dll
0x0000000051050000 - 0x0000000051076000 	C:\Program Files\Bonjour\mdnsNSP.dll
0x00007ffa2d770000 - 0x00007ffa2d77a000 	C:\Windows\System32\rasadhlp.dll
0x00007ffa33d70000 - 0x00007ffa33de7000 	C:\Windows\System32\fwpuclnt.dll
0x00007ffa35bf0000 - 0x00007ffa35bfd000 	C:\Program Files\Java\jdk1.8.0_291\jre\bin\sunmscapi.dll
0x00007ffa43820000 - 0x00007ffa43969000 	C:\Windows\System32\CRYPT32.dll
0x00007ffa431a0000 - 0x00007ffa431b2000 	C:\Windows\System32\MSASN1.dll
0x00007ffa42cd0000 - 0x00007ffa42cf6000 	C:\Windows\SYSTEM32\ncrypt.dll
0x00007ffa42c90000 - 0x00007ffa42ccb000 	C:\Windows\SYSTEM32\NTASN1.dll
0x00007ffa421d0000 - 0x00007ffa42201000 	C:\Windows\SYSTEM32\ntmarta.dll
0x00007ffa26000000 - 0x00007ffa261f4000 	C:\Windows\SYSTEM32\dbghelp.dll

VM Arguments:
jvm_args: -Xmx2048m -Dfile.encoding=UTF-8 -Duser.country=CN -Duser.language=zh -Duser.variant 
java_command: org.gradle.launcher.daemon.bootstrap.GradleDaemon 6.7.1
java_class_path (initial): E:\Android\gradle\wrapper\dists\gradle-6.7.1-bin\bwlcbys1h7rz3272sye1xwiv6\gradle-6.7.1\lib\gradle-launcher-6.7.1.jar
Launcher Type: SUN_STANDARD

Environment Variables:
JAVA_HOME=C:\Program Files\Java\jdk1.8.0_291
CLASSPATH=.;C:\Program Files\Java\jdk1.8.0_291\lib\dt.jar;C:\Program Files\Java\jdk1.8.0_291\lib\tools.jar 
PATH=E:\1;E:\Android\flutter_windows_2.0.1-stable\flutter\bin;indows\system32;C:\Windows;C:\Windows\System32\Wbem;C:\Windows\System32\WindowsPowerShell\v1.0\;C:\Windows\System32\OpenSSH\;C:\Users\13967\AppData\Local\Programs\Python\Python37;C:\ProgramData\chocolatey\bin;C:\Program Files (x86)\NVIDIA Corporation\PhysX\Common;C:\Program Files\NVIDIA Corporation\NVIDIA NvDLISR;E:\Android\gradle\bin;C:\Program Files (x86)\QuickTime\QTSystem\;G:\Linux\LxRunOffline-v3.5.0-mingw;E:\Android\SDK\platform-tools;E:\Git\cmd;C:\Windows\System32;E:\Git\bin;E:\Android\maven\apache-maven-3.3.9-bin\apache-maven-3.3.9\bin;E:\Android\gradle\bin;E:\Android\Tool-master;C:\cygwin64\bin;C:\Program Files\koltin\kotlin-compiler-1.4.32\kotlinc\bin;C:\Program Files\Java\jdk1.8.0_291\bin;C:\Program Files\Java\jdk1.8.0_291\jre\bin;E:\mysql-8.0.24-winx64\mysql-8.0.24-winx64\bin;E:\SSH\;E:\apache-tomcat-10.0.6\bin;E:\Android\SDK\platform-tools;E:\Android\gradle\wrapper\dists\gradle-7.1.1-bin\f29rtwfnc96ub43tt7p47zsru\gradle-7.1.1\bin;E:\Android\gradle\nodejs\node-v12.16.1-win-x64;E:\Android\SDK\tools;E:\Android\gradle\nodejs\node-v12.16.1-win-x64\node_modules\hexo\bin;E:\Android\gradle\nodejs\node-v12.16.1-win-x64\node_modules\n\bin;C:\Python27;C:\Program Files\python-3.9.6-embed-amd64\pip-21.2.1\pip-21.2.1;C:\Program Files\Intel\WiFi\bin\;C:\Program Files\Common Files\Intel\WirelessCommon\;E:\Android\SDK\tools\bin;G:\Android\dex2jar-2.0\dex2jar-2.0;C:\Users\13967\AppData\Local\Microsoft\WindowsApps;C:\Users\13967\AppData\Local\GitHubDesktop\bin;E:\mitmproxy\bin;C:\Program Files\Intel\WiFi\bin\;C:\Program Files\Common Files\Intel\WirelessCommon\
USERNAME=13967
OS=Windows_NT
PROCESSOR_IDENTIFIER=AMD64 Family 23 Model 113 Stepping 0, AuthenticAMD



---------------  S Y S T E M  ---------------

OS: Windows 10.0 , 64 bit Build 18362 (10.0.18362.329)

CPU:total 12 (initial active 12) (12 cores per cpu, 1 threads per core) family 23 model 113 stepping 0, cmov, cx8, fxsr, mmx, sse, sse2, sse3, ssse3, sse4.1, sse4.2, popcnt, avx, avx2, aes, clmul, mmxext, 3dnowpref, lzcnt, sse4a, tsc, tscinvbit, tscinv, bmi1

Memory: 4k page, physical 16725344k(1355756k free), swap 23541088k(5392k free)

vm_info: Java HotSpot(TM) 64-Bit Server VM (25.291-b10) for windows-amd64 JRE (1.8.0_291-b10), built on Apr  9 2021 00:02:00 by "java_re" with MS VC++ 15.9 (VS2017)

time: Thu Sep 23 09:25:28 2021
timezone: ?D1???
elapsed time: 154.963800 seconds (0d 0h 2m 34s)

