#
# There is insufficient memory for the Java Runtime Environment to continue.
# Native memory allocation (malloc) failed to allocate 1071616 bytes for Chunk::new
# Possible reasons:
#   The system is out of physical RAM or swap space
#   The process is running with CompressedOops enabled, and the Java Heap may be blocking the growth of the native heap
# Possible solutions:
#   Reduce memory load on the system
#   Increase physical memory or swap space
#   Check if swap backing store is full
#   Decrease Java heap size (-Xmx/-Xms)
#   Decrease number of Java threads
#   Decrease Java thread stack sizes (-Xss)
#   Set larger code cache with -XX:ReservedCodeCacheSize=
#   JVM is running with Unscaled Compressed Oops mode in which the Java heap is
#     placed in the first 4GB address space. The Java Heap base address is the
#     maximum limit for the native heap growth. Please use -XX:HeapBaseMinAddress
#     to set the Java Heap base and to place the Java Heap above 4GB virtual address.
# This output file may be truncated or incomplete.
#
#  Out of Memory Error (allocation.cpp:389), pid=21812, tid=0x0000000000001454
#
# JRE version: Java(TM) SE Runtime Environment (8.0_291-b10) (build 1.8.0_291-b10)
# Java VM: Java HotSpot(TM) 64-Bit Server VM (25.291-b10 mixed mode windows-amd64 compressed oops)
# Failed to write core dump. Minidumps are not enabled by default on client versions of Windows
#

---------------  T H R E A D  ---------------

Current thread (0x000002a8795de800):  JavaThread "C2 CompilerThread2" daemon [_thread_in_native, id=5204, stack(0x000000b300d00000,0x000000b300e00000)]

Stack: [0x000000b300d00000,0x000000b300e00000]
Native frames: (J=compiled Java code, j=interpreted, Vv=VM code, C=native code)
V  [jvm.dll+0x32ea19]
V  [jvm.dll+0x275462]
V  [jvm.dll+0x27610d]
V  [jvm.dll+0x26cb45]
V  [jvm.dll+0xd524c]
V  [jvm.dll+0xd5a4c]
V  [jvm.dll+0x452872]
V  [jvm.dll+0x48dcdd]
V  [jvm.dll+0x442199]
V  [jvm.dll+0x43fae4]
V  [jvm.dll+0x42aa57]
V  [jvm.dll+0xabeeb]
V  [jvm.dll+0xaa54b]
V  [jvm.dll+0x23db02]
V  [jvm.dll+0x29210c]
C  [ucrtbase.dll+0x20e72]
C  [KERNEL32.DLL+0x17bd4]
C  [ntdll.dll+0x6ced1]


Current CompileTask:
C2:1444276 29673   !   4       org.gradle.api.internal.artifacts.ivyservice.resolveengine.graph.builder.NodeState::visitDependencies (206 bytes)


---------------  P R O C E S S  ---------------

Java Threads: ( => current thread )
  0x000002a811243000 JavaThread "Cache worker for execution history cache (G:\AndroidStudioProjects\APP\yuehaoting\.gradle\6.7.1\executionHistory)" [_thread_blocked, id=3916, stack(0x000000b30b600000,0x000000b30b700000)]
  0x000002a81123d000 JavaThread "Execution worker for ':' Thread 11" [_thread_blocked, id=18912, stack(0x000000b30b400000,0x000000b30b500000)]
  0x000002a811242800 JavaThread "Execution worker for ':' Thread 10" [_thread_blocked, id=19696, stack(0x000000b30b300000,0x000000b30b400000)]
  0x000002a811235800 JavaThread "Execution worker for ':' Thread 9" [_thread_blocked, id=15536, stack(0x000000b30b200000,0x000000b30b300000)]
  0x000002a81123b800 JavaThread "Execution worker for ':' Thread 8" [_thread_blocked, id=1248, stack(0x000000b30b100000,0x000000b30b200000)]
  0x000002a81123b000 JavaThread "Execution worker for ':' Thread 7" [_thread_blocked, id=17308, stack(0x000000b30b000000,0x000000b30b100000)]
  0x000002a81123a000 JavaThread "Execution worker for ':' Thread 6" [_thread_blocked, id=8820, stack(0x000000b30af00000,0x000000b30b000000)]
  0x000002a811237000 JavaThread "Execution worker for ':' Thread 5" [_thread_blocked, id=21496, stack(0x000000b30ae00000,0x000000b30af00000)]
  0x000002a811239800 JavaThread "Execution worker for ':' Thread 4" [_thread_blocked, id=19040, stack(0x000000b30ad00000,0x000000b30ae00000)]
  0x000002a811234000 JavaThread "Execution worker for ':' Thread 3" [_thread_blocked, id=14928, stack(0x000000b30ac00000,0x000000b30ad00000)]
  0x000002a811238800 JavaThread "Execution worker for ':' Thread 2" [_thread_blocked, id=10056, stack(0x000000b30ab00000,0x000000b30ac00000)]
  0x000002a811235000 JavaThread "Execution worker for ':'" [_thread_blocked, id=24604, stack(0x000000b30aa00000,0x000000b30ab00000)]
  0x000002a811238000 JavaThread "build event listener" [_thread_blocked, id=17744, stack(0x000000b30a900000,0x000000b30aa00000)]
  0x000002a811233800 JavaThread "build event listener" [_thread_blocked, id=23620, stack(0x000000b30a700000,0x000000b30a800000)]
  0x000002a811236800 JavaThread "Build operations Thread 12" [_thread_blocked, id=25444, stack(0x000000b303100000,0x000000b303200000)]
  0x000002a81122c000 JavaThread "Build operations Thread 11" [_thread_blocked, id=22916, stack(0x000000b303000000,0x000000b303100000)]
  0x000002a811232000 JavaThread "Build operations Thread 10" [_thread_in_native, id=8908, stack(0x000000b302f00000,0x000000b303000000)]
  0x000002a811231000 JavaThread "Build operations Thread 9" [_thread_blocked, id=14572, stack(0x000000b302e00000,0x000000b302f00000)]
  0x000002a811230800 JavaThread "Build operations Thread 8" [_thread_blocked, id=2836, stack(0x000000b302d00000,0x000000b302e00000)]
  0x000002a81122e000 JavaThread "Build operations Thread 7" [_thread_blocked, id=2540, stack(0x000000b302c00000,0x000000b302d00000)]
  0x000002a81122f800 JavaThread "Build operations Thread 6" [_thread_blocked, id=23044, stack(0x000000b302b00000,0x000000b302c00000)]
  0x000002a87d7b9000 JavaThread "Build operations Thread 5" [_thread_blocked, id=24624, stack(0x000000b302a00000,0x000000b302b00000)]
  0x000002a87d7b8000 JavaThread "Build operations Thread 4" [_thread_blocked, id=14076, stack(0x000000b302900000,0x000000b302a00000)]
  0x000002a87d7b7800 JavaThread "Build operations Thread 3" [_thread_blocked, id=24464, stack(0x000000b302800000,0x000000b302900000)]
  0x000002a87d7b6800 JavaThread "Build operations Thread 2" [_thread_blocked, id=13212, stack(0x000000b302700000,0x000000b302800000)]
  0x000002a87d7b6000 JavaThread "Build operations" [_thread_blocked, id=20508, stack(0x000000b302500000,0x000000b302600000)]
  0x000002a87d7b5000 JavaThread "Cache worker for Build Output Cleanup Cache (G:\AndroidStudioProjects\APP\yuehaoting\.gradle\buildOutputCleanup)" [_thread_blocked, id=20444, stack(0x000000b302300000,0x000000b302400000)]
  0x000002a87d7ad800 JavaThread "Cache worker for cache directory md-rule (E:\Android\gradle\caches\6.7.1\md-rule)" [_thread_blocked, id=24760, stack(0x000000b302200000,0x000000b302300000)]
  0x000002a87d7b4800 JavaThread "Cache worker for cache directory md-supplier (E:\Android\gradle\caches\6.7.1\md-supplier)" [_thread_blocked, id=16204, stack(0x000000b302100000,0x000000b302200000)]
  0x000002a87d7ad000 JavaThread "Cache worker for checksums cache (G:\AndroidStudioProjects\APP\yuehaoting\.gradle\checksums)" [_thread_blocked, id=14368, stack(0x000000b302000000,0x000000b302100000)]
  0x000002a87d7b3000 JavaThread "Cache worker for file hash cache (G:\AndroidStudioProjects\APP\yuehaoting\.gradle\6.7.1\fileHashes)" [_thread_blocked, id=8220, stack(0x000000b301c00000,0x000000b301d00000)]
  0x000002a87d7b0000 JavaThread "Thread-895" [_thread_blocked, id=2768, stack(0x000000b301b00000,0x000000b301c00000)]
  0x000002a87d7ac000 JavaThread "Stdin handler" [_thread_blocked, id=22320, stack(0x000000b301a00000,0x000000b301b00000)]
  0x000002a87d7af000 JavaThread "Asynchronous log dispatcher for DefaultDaemonConnection: socket connection from /127.0.0.1:62215 to /127.0.0.1:51827" [_thread_blocked, id=15092, stack(0x000000b301900000,0x000000b301a00000)]
  0x000002a87d7ae800 JavaThread "Cancel handler" [_thread_blocked, id=2340, stack(0x000000b301700000,0x000000b301800000)]
  0x000002a87d7ab800 JavaThread "Handler for socket connection from /127.0.0.1:62215 to /127.0.0.1:51827" [_thread_in_native, id=9820, stack(0x000000b301600000,0x000000b301700000)]
  0x000002a87d7b3800 JavaThread "ForkJoinPool.commonPool-worker-9" daemon [_thread_blocked, id=13040, stack(0x000000b30d800000,0x000000b30d900000)]
  0x000002a87d7b0800 JavaThread "ForkJoinPool.commonPool-worker-7" daemon [_thread_blocked, id=21180, stack(0x000000b30d600000,0x000000b30d700000)]
  0x000002a87d7b1800 JavaThread "ForkJoinPool.commonPool-worker-14" daemon [_thread_blocked, id=1752, stack(0x000000b30d500000,0x000000b30d600000)]
  0x000002a87d7b2000 JavaThread "ForkJoinPool.commonPool-worker-5" daemon [_thread_blocked, id=17952, stack(0x000000b30d400000,0x000000b30d500000)]
  0x000002a87d7aa800 JavaThread "ForkJoinPool.commonPool-worker-12" daemon [_thread_blocked, id=23692, stack(0x000000b30d300000,0x000000b30d400000)]
  0x000002a87d7aa000 JavaThread "ForkJoinPool.commonPool-worker-3" daemon [_thread_blocked, id=25132, stack(0x000000b30d200000,0x000000b30d300000)]
  0x000002a81611a800 JavaThread "ForkJoinPool.commonPool-worker-15" daemon [_thread_blocked, id=14940, stack(0x000000b30ce00000,0x000000b30cf00000)]
  0x000002a817031800 JavaThread "RMI TCP Connection(idle)" daemon [_thread_blocked, id=17168, stack(0x000000b30c100000,0x000000b30c200000)]
  0x000002a817037000 JavaThread "RMI TCP Connection(21)-127.0.0.1" daemon [_thread_in_native, id=23588, stack(0x000000b30bc00000,0x000000b30bd00000)]
  0x000002a817036000 JavaThread "RMI TCP Connection(idle)" daemon [_thread_blocked, id=14768, stack(0x000000b30bf00000,0x000000b30c000000)]
  0x000002a817034000 JavaThread "RMI TCP Connection(idle)" daemon [_thread_blocked, id=22640, stack(0x000000b30be00000,0x000000b30bf00000)]
  0x000002a8795e4800 JavaThread "RMI TCP Connection(22)-127.0.0.1" daemon [_thread_in_native, id=1732, stack(0x000000b30bd00000,0x000000b30be00000)]
  0x000002a80f2e9000 JavaThread "jar transforms Thread 585" [_thread_blocked, id=18960, stack(0x000000b30a600000,0x000000b30a700000)]
  0x000002a87c426800 JavaThread "jar transforms Thread 584" [_thread_blocked, id=23652, stack(0x000000b30a500000,0x000000b30a600000)]
  0x000002a87c425800 JavaThread "jar transforms Thread 583" [_thread_blocked, id=17108, stack(0x000000b30a400000,0x000000b30a500000)]
  0x000002a87c425000 JavaThread "jar transforms Thread 582" [_thread_blocked, id=20808, stack(0x000000b30a300000,0x000000b30a400000)]
  0x000002a87c423800 JavaThread "jar transforms Thread 581" [_thread_blocked, id=15144, stack(0x000000b30a200000,0x000000b30a300000)]
  0x000002a87c42a000 JavaThread "jar transforms Thread 580" [_thread_blocked, id=564, stack(0x000000b30a100000,0x000000b30a200000)]
  0x000002a87c429800 JavaThread "jar transforms Thread 579" [_thread_blocked, id=24936, stack(0x000000b30a000000,0x000000b30a100000)]
  0x000002a87c424000 JavaThread "jar transforms Thread 578" [_thread_blocked, id=25436, stack(0x000000b309f00000,0x000000b30a000000)]
  0x000002a87c428000 JavaThread "jar transforms Thread 577" [_thread_blocked, id=7656, stack(0x000000b309e00000,0x000000b309f00000)]
  0x000002a87c428800 JavaThread "jar transforms Thread 576" [_thread_blocked, id=18148, stack(0x000000b309d00000,0x000000b309e00000)]
  0x000002a87c41c000 JavaThread "jar transforms Thread 575" [_thread_blocked, id=19584, stack(0x000000b309c00000,0x000000b309d00000)]
  0x000002a87c422000 JavaThread "jar transforms Thread 574" [_thread_blocked, id=5144, stack(0x000000b309b00000,0x000000b309c00000)]
  0x000002a87c422800 JavaThread "jar transforms Thread 573" [_thread_blocked, id=14900, stack(0x000000b309a00000,0x000000b309b00000)]
  0x000002a87c41f800 JavaThread "jar transforms Thread 572" [_thread_blocked, id=11656, stack(0x000000b309900000,0x000000b309a00000)]
  0x000002a87c41b000 JavaThread "jar transforms Thread 571" [_thread_blocked, id=10808, stack(0x000000b309800000,0x000000b309900000)]
  0x000002a87c421000 JavaThread "jar transforms Thread 570" [_thread_blocked, id=25360, stack(0x000000b309700000,0x000000b309800000)]
  0x000002a87c41f000 JavaThread "jar transforms Thread 569" [_thread_blocked, id=20920, stack(0x000000b309600000,0x000000b309700000)]
  0x000002a87b067800 JavaThread "jar transforms Thread 568" [_thread_blocked, id=6120, stack(0x000000b309500000,0x000000b309600000)]
  0x000002a87b066800 JavaThread "jar transforms Thread 567" [_thread_blocked, id=10152, stack(0x000000b309400000,0x000000b309500000)]
  0x000002a87b066000 JavaThread "jar transforms Thread 566" [_thread_blocked, id=13608, stack(0x000000b309300000,0x000000b309400000)]
  0x000002a87b05d000 JavaThread "jar transforms Thread 565" [_thread_blocked, id=19304, stack(0x000000b309200000,0x000000b309300000)]
  0x000002a87b062000 JavaThread "jar transforms Thread 564" [_thread_blocked, id=23016, stack(0x000000b309100000,0x000000b309200000)]
  0x000002a87b061800 JavaThread "jar transforms Thread 563" [_thread_blocked, id=16268, stack(0x000000b309000000,0x000000b309100000)]
  0x000002a87b05a000 JavaThread "jar transforms Thread 562" [_thread_blocked, id=14948, stack(0x000000b308f00000,0x000000b309000000)]
  0x000002a87b060800 JavaThread "jar transforms Thread 561" [_thread_blocked, id=15552, stack(0x000000b308e00000,0x000000b308f00000)]
  0x000002a87b059000 JavaThread "jar transforms Thread 560" [_thread_blocked, id=25032, stack(0x000000b308d00000,0x000000b308e00000)]
  0x000002a87b060000 JavaThread "jar transforms Thread 559" [_thread_blocked, id=20712, stack(0x000000b308c00000,0x000000b308d00000)]
  0x000002a87b058800 JavaThread "jar transforms Thread 558" [_thread_blocked, id=21960, stack(0x000000b308b00000,0x000000b308c00000)]
  0x000002a87b05c000 JavaThread "jar transforms Thread 557" [_thread_blocked, id=16288, stack(0x000000b308a00000,0x000000b308b00000)]
  0x000002a87b05f000 JavaThread "jar transforms Thread 556" [_thread_blocked, id=1332, stack(0x000000b308900000,0x000000b308a00000)]
  0x000002a87b05b800 JavaThread "jar transforms Thread 555" [_thread_blocked, id=12284, stack(0x000000b308800000,0x000000b308900000)]
  0x000002a87b05d800 JavaThread "jar transforms Thread 554" [_thread_blocked, id=25368, stack(0x000000b308700000,0x000000b308800000)]
  0x000002a87b05a800 JavaThread "jar transforms Thread 553" [_thread_blocked, id=15740, stack(0x000000b308600000,0x000000b308700000)]
  0x000002a87b05e800 JavaThread "jar transforms Thread 552" [_thread_blocked, id=24848, stack(0x000000b308500000,0x000000b308600000)]
  0x000002a810e27000 JavaThread "jar transforms Thread 551" [_thread_blocked, id=24612, stack(0x000000b308400000,0x000000b308500000)]
  0x000002a810e29000 JavaThread "jar transforms Thread 550" [_thread_blocked, id=21752, stack(0x000000b308300000,0x000000b308400000)]
  0x000002a810e2c000 JavaThread "jar transforms Thread 549" [_thread_blocked, id=17636, stack(0x000000b308200000,0x000000b308300000)]
  0x000002a810e2a800 JavaThread "jar transforms Thread 548" [_thread_blocked, id=8240, stack(0x000000b308100000,0x000000b308200000)]
  0x000002a810e26000 JavaThread "jar transforms Thread 547" [_thread_blocked, id=12200, stack(0x000000b308000000,0x000000b308100000)]
  0x000002a810e2b800 JavaThread "jar transforms Thread 546" [_thread_blocked, id=24784, stack(0x000000b307f00000,0x000000b308000000)]
  0x000002a810e2d000 JavaThread "jar transforms Thread 545" [_thread_blocked, id=3220, stack(0x000000b307e00000,0x000000b307f00000)]
  0x000002a810e24000 JavaThread "jar transforms Thread 544" [_thread_blocked, id=24148, stack(0x000000b307d00000,0x000000b307e00000)]
  0x000002a810e2a000 JavaThread "jar transforms Thread 543" [_thread_blocked, id=22772, stack(0x000000b307c00000,0x000000b307d00000)]
  0x000002a810e28800 JavaThread "jar transforms Thread 542" [_thread_blocked, id=22660, stack(0x000000b307b00000,0x000000b307c00000)]
  0x000002a810e1e800 JavaThread "jar transforms Thread 541" [_thread_blocked, id=18384, stack(0x000000b307a00000,0x000000b307b00000)]
  0x000002a810e23000 JavaThread "jar transforms Thread 540" [_thread_blocked, id=16176, stack(0x000000b307900000,0x000000b307a00000)]
  0x000002a810e22800 JavaThread "jar transforms Thread 539" [_thread_blocked, id=25472, stack(0x000000b307800000,0x000000b307900000)]
  0x000002a810e25800 JavaThread "jar transforms Thread 538" [_thread_blocked, id=16604, stack(0x000000b307700000,0x000000b307800000)]
  0x000002a810e24800 JavaThread "jar transforms Thread 537" [_thread_blocked, id=24688, stack(0x000000b307600000,0x000000b307700000)]
  0x000002a810e21800 JavaThread "jar transforms Thread 536" [_thread_blocked, id=25164, stack(0x000000b307500000,0x000000b307600000)]
  0x000002a810e1f800 JavaThread "jar transforms Thread 535" [_thread_blocked, id=19896, stack(0x000000b307400000,0x000000b307500000)]
  0x000002a816119800 JavaThread "jar transforms Thread 534" [_thread_blocked, id=23380, stack(0x000000b307300000,0x000000b307400000)]
  0x000002a816119000 JavaThread "jar transforms Thread 533" [_thread_blocked, id=24640, stack(0x000000b307200000,0x000000b307300000)]
  0x000002a816118000 JavaThread "jar transforms Thread 532" [_thread_blocked, id=13224, stack(0x000000b307100000,0x000000b307200000)]
  0x000002a816110800 JavaThread "jar transforms Thread 531" [_thread_blocked, id=23152, stack(0x000000b307000000,0x000000b307100000)]
  0x000002a816117800 JavaThread "jar transforms Thread 530" [_thread_blocked, id=24340, stack(0x000000b306f00000,0x000000b307000000)]
  0x000002a816113800 JavaThread "jar transforms Thread 529" [_thread_blocked, id=9548, stack(0x000000b306e00000,0x000000b306f00000)]
  0x000002a816115000 JavaThread "jar transforms Thread 528" [_thread_blocked, id=17136, stack(0x000000b306d00000,0x000000b306e00000)]
  0x000002a816116800 JavaThread "jar transforms Thread 527" [_thread_blocked, id=9936, stack(0x000000b306c00000,0x000000b306d00000)]
  0x000002a816113000 JavaThread "jar transforms Thread 526" [_thread_blocked, id=15916, stack(0x000000b306b00000,0x000000b306c00000)]
  0x000002a81610d800 JavaThread "jar transforms Thread 525" [_thread_blocked, id=25056, stack(0x000000b306a00000,0x000000b306b00000)]
  0x000002a816114800 JavaThread "jar transforms Thread 524" [_thread_blocked, id=25128, stack(0x000000b306900000,0x000000b306a00000)]
  0x000002a81610b800 JavaThread "jar transforms Thread 523" [_thread_blocked, id=22680, stack(0x000000b306800000,0x000000b306900000)]
  0x000002a81610f000 JavaThread "jar transforms Thread 522" [_thread_blocked, id=17788, stack(0x000000b306700000,0x000000b306800000)]
  0x000002a816112000 JavaThread "jar transforms Thread 521" [_thread_blocked, id=20832, stack(0x000000b306600000,0x000000b306700000)]
  0x000002a81610d000 JavaThread "jar transforms Thread 520" [_thread_blocked, id=19248, stack(0x000000b306500000,0x000000b306600000)]
  0x000002a816111800 JavaThread "jar transforms Thread 519" [_thread_blocked, id=20532, stack(0x000000b306400000,0x000000b306500000)]
  0x000002a81610c000 JavaThread "jar transforms Thread 518" [_thread_blocked, id=15784, stack(0x000000b306300000,0x000000b306400000)]
  0x000002a81610e800 JavaThread "jar transforms Thread 517" [_thread_blocked, id=23616, stack(0x000000b306200000,0x000000b306300000)]
  0x000002a816110000 JavaThread "jar transforms Thread 516" [_thread_blocked, id=25124, stack(0x000000b306100000,0x000000b306200000)]
  0x000002a81326f800 JavaThread "jar transforms Thread 515" [_thread_blocked, id=25552, stack(0x000000b306000000,0x000000b306100000)]
  0x000002a81326d000 JavaThread "jar transforms Thread 514" [_thread_blocked, id=18180, stack(0x000000b305f00000,0x000000b306000000)]
  0x000002a81326c800 JavaThread "jar transforms Thread 513" [_thread_blocked, id=1880, stack(0x000000b305e00000,0x000000b305f00000)]
  0x000002a813270000 JavaThread "jar transforms Thread 512" [_thread_blocked, id=20432, stack(0x000000b305d00000,0x000000b305e00000)]
  0x000002a81326e800 JavaThread "jar transforms Thread 511" [_thread_blocked, id=25536, stack(0x000000b305c00000,0x000000b305d00000)]
  0x000002a81326b800 JavaThread "jar transforms Thread 510" [_thread_blocked, id=11060, stack(0x000000b305b00000,0x000000b305c00000)]
  0x000002a813264000 JavaThread "jar transforms Thread 509" [_thread_blocked, id=2892, stack(0x000000b305a00000,0x000000b305b00000)]
  0x000002a81326a000 JavaThread "jar transforms Thread 508" [_thread_blocked, id=10904, stack(0x000000b305900000,0x000000b305a00000)]
  0x000002a813265000 JavaThread "jar transforms Thread 507" [_thread_blocked, id=18876, stack(0x000000b305800000,0x000000b305900000)]
  0x000002a813269800 JavaThread "jar transforms Thread 506" [_thread_blocked, id=25108, stack(0x000000b305700000,0x000000b305800000)]
  0x000002a813268800 JavaThread "jar transforms Thread 505" [_thread_blocked, id=18792, stack(0x000000b305600000,0x000000b305700000)]
  0x000002a813262800 JavaThread "jar transforms Thread 504" [_thread_blocked, id=20584, stack(0x000000b305500000,0x000000b305600000)]
  0x000002a813268000 JavaThread "jar transforms Thread 503" [_thread_blocked, id=17876, stack(0x000000b305400000,0x000000b305500000)]
  0x000002a813267000 JavaThread "jar transforms Thread 502" [_thread_blocked, id=22608, stack(0x000000b305300000,0x000000b305400000)]
  0x000002a813263800 JavaThread "jar transforms Thread 501" [_thread_blocked, id=3148, stack(0x000000b305200000,0x000000b305300000)]
  0x000002a813265800 JavaThread "jar transforms Thread 500" [_thread_blocked, id=9696, stack(0x000000b305100000,0x000000b305200000)]
  0x000002a81325b000 JavaThread "jar transforms Thread 499" [_thread_blocked, id=24964, stack(0x000000b305000000,0x000000b305100000)]
  0x000002a813262000 JavaThread "jar transforms Thread 498" [_thread_blocked, id=22972, stack(0x000000b304f00000,0x000000b305000000)]
  0x000002a81325c000 JavaThread "jar transforms Thread 497" [_thread_blocked, id=17540, stack(0x000000b304e00000,0x000000b304f00000)]
  0x000002a813261000 JavaThread "jar transforms Thread 496" [_thread_blocked, id=14200, stack(0x000000b304d00000,0x000000b304e00000)]
  0x000002a813260800 JavaThread "jar transforms Thread 495" [_thread_blocked, id=23784, stack(0x000000b304c00000,0x000000b304d00000)]
  0x000002a813259000 JavaThread "jar transforms Thread 494" [_thread_blocked, id=22944, stack(0x000000b304b00000,0x000000b304c00000)]
  0x000002a81325a800 JavaThread "jar transforms Thread 493" [_thread_blocked, id=22968, stack(0x000000b304a00000,0x000000b304b00000)]
  0x000002a81325f800 JavaThread "jar transforms Thread 492" [_thread_blocked, id=25084, stack(0x000000b304900000,0x000000b304a00000)]
  0x000002a813259800 JavaThread "jar transforms Thread 491" [_thread_blocked, id=14468, stack(0x000000b304800000,0x000000b304900000)]
  0x000002a81325d800 JavaThread "jar transforms Thread 490" [_thread_blocked, id=25096, stack(0x000000b304700000,0x000000b304800000)]
  0x000002a81325e000 JavaThread "jar transforms Thread 489" [_thread_blocked, id=25100, stack(0x000000b304600000,0x000000b304700000)]
  0x000002a81325c800 JavaThread "jar transforms Thread 488" [_thread_blocked, id=1900, stack(0x000000b304500000,0x000000b304600000)]
  0x000002a813251800 JavaThread "jar transforms Thread 487" [_thread_blocked, id=1100, stack(0x000000b304400000,0x000000b304500000)]
  0x000002a813257800 JavaThread "jar transforms Thread 486" [_thread_blocked, id=14620, stack(0x000000b304300000,0x000000b304400000)]
  0x000002a813256800 JavaThread "jar transforms Thread 485" [_thread_blocked, id=11236, stack(0x000000b304200000,0x000000b304300000)]
  0x000002a813256000 JavaThread "jar transforms Thread 484" [_thread_blocked, id=4312, stack(0x000000b304100000,0x000000b304200000)]
  0x000002a813258000 JavaThread "jar transforms Thread 483" [_thread_blocked, id=20288, stack(0x000000b304000000,0x000000b304100000)]
  0x000002a813255000 JavaThread "jar transforms Thread 482" [_thread_blocked, id=7028, stack(0x000000b303f00000,0x000000b304000000)]
  0x000002a81124a000 JavaThread "jar transforms Thread 481" [_thread_blocked, id=20752, stack(0x000000b303e00000,0x000000b303f00000)]
  0x000002a811249000 JavaThread "jar transforms Thread 480" [_thread_blocked, id=8888, stack(0x000000b303d00000,0x000000b303e00000)]
  0x000002a811248800 JavaThread "jar transforms Thread 479" [_thread_blocked, id=20556, stack(0x000000b303c00000,0x000000b303d00000)]
  0x000002a811247800 JavaThread "jar transforms Thread 478" [_thread_blocked, id=10564, stack(0x000000b303b00000,0x000000b303c00000)]
  0x000002a811247000 JavaThread "jar transforms Thread 477" [_thread_blocked, id=12944, stack(0x000000b303a00000,0x000000b303b00000)]
  0x000002a81123f800 JavaThread "jar transforms Thread 476" [_thread_blocked, id=17600, stack(0x000000b303900000,0x000000b303a00000)]
  0x000002a811246000 JavaThread "jar transforms Thread 475" [_thread_blocked, id=23192, stack(0x000000b303800000,0x000000b303900000)]
  0x000002a811245800 JavaThread "jar transforms Thread 474" [_thread_blocked, id=22760, stack(0x000000b303700000,0x000000b303800000)]
  0x000002a811240000 JavaThread "jar transforms Thread 473" [_thread_blocked, id=24796, stack(0x000000b303600000,0x000000b303700000)]
  0x000002a81123e000 JavaThread "jar transforms Thread 472" [_thread_blocked, id=23624, stack(0x000000b303500000,0x000000b303600000)]
  0x000002a811244800 JavaThread "jar transforms Thread 471" [_thread_blocked, id=1348, stack(0x000000b303400000,0x000000b303500000)]
  0x000002a811244000 JavaThread "jar transforms Thread 470" [_thread_blocked, id=11612, stack(0x000000b303300000,0x000000b303400000)]
  0x000002a81123c800 JavaThread "jar transforms Thread 469" [_thread_blocked, id=23460, stack(0x000000b303200000,0x000000b303300000)]
  0x000002a81122c800 JavaThread "Daemon worker Thread 5" [_thread_blocked, id=25000, stack(0x000000b301800000,0x000000b301900000)]
  0x000002a81122d800 JavaThread "Daemon Thread 5" [_thread_blocked, id=8648, stack(0x000000b301300000,0x000000b301400000)]
  0x000002a811232800 JavaThread "RMI TCP Connection(idle)" daemon [_thread_blocked, id=8932, stack(0x000000b301200000,0x000000b301300000)]
  0x000002a813252000 JavaThread "Cache worker for Java compile cache (E:\Android\gradle\caches\6.7.1\javaCompile)" [_thread_blocked, id=24012, stack(0x000000b30ba00000,0x000000b30bb00000)]
  0x000002a87b065000 JavaThread "RMI Reaper" [_thread_blocked, id=24404, stack(0x000000b30b900000,0x000000b30ba00000)]
  0x000002a87b064800 JavaThread "RMI TCP Accept-0" daemon [_thread_in_native, id=24956, stack(0x000000b30b800000,0x000000b30b900000)]
  0x000002a87b063800 JavaThread "GC Daemon" daemon [_thread_blocked, id=8432, stack(0x000000b30b700000,0x000000b30b800000)]
  0x000002a87b063000 JavaThread "RMI Scheduler(0)" daemon [_thread_blocked, id=24528, stack(0x000000b30b500000,0x000000b30b600000)]
  0x000002a80f2f4000 JavaThread "Memory manager" [_thread_blocked, id=24748, stack(0x000000b30a800000,0x000000b30a900000)]
  0x000002a87c41c800 JavaThread "Cache worker for file content cache (E:\Android\gradle\caches\6.7.1\fileContent)" [_thread_blocked, id=10816, stack(0x000000b302600000,0x000000b302700000)]
  0x000002a87c41d800 JavaThread "Cache worker for execution history cache (E:\Android\gradle\caches\6.7.1\executionHistory)" [_thread_blocked, id=9968, stack(0x000000b302400000,0x000000b302500000)]
  0x000002a8795e0000 JavaThread "Cache worker for journal cache (E:\Android\gradle\caches\journal-1)" [_thread_in_native, id=23068, stack(0x000000b301f00000,0x000000b302000000)]
  0x000002a8795e2000 JavaThread "File lock request listener" [_thread_in_native, id=19776, stack(0x000000b301e00000,0x000000b301f00000)]
  0x000002a8795df000 JavaThread "Cache worker for file hash cache (E:\Android\gradle\caches\6.7.1\fileHashes)" [_thread_blocked, id=15600, stack(0x000000b301d00000,0x000000b301e00000)]
  0x000002a87cc47800 JavaThread "Daemon periodic checks" [_thread_blocked, id=17812, stack(0x000000b301500000,0x000000b301600000)]
  0x000002a87cc5f000 JavaThread "Incoming local TCP Connector on port 62215" [_thread_in_native, id=23684, stack(0x000000b301400000,0x000000b301500000)]
  0x000002a87caf7000 JavaThread "Daemon health stats" [_thread_blocked, id=11880, stack(0x000000b301100000,0x000000b301200000)]
  0x000002a87ada7000 JavaThread "Service Thread" daemon [_thread_blocked, id=16636, stack(0x000000b300f00000,0x000000b301000000)]
  0x000002a8795e1800 JavaThread "C1 CompilerThread3" daemon [_thread_blocked, id=8772, stack(0x000000b300e00000,0x000000b300f00000)]
=>0x000002a8795de800 JavaThread "C2 CompilerThread2" daemon [_thread_in_native, id=5204, stack(0x000000b300d00000,0x000000b300e00000)]
  0x000002a8795dd800 JavaThread "C2 CompilerThread1" daemon [_thread_blocked, id=2228, stack(0x000000b300c00000,0x000000b300d00000)]
  0x000002a87ad32800 JavaThread "C2 CompilerThread0" daemon [_thread_blocked, id=10468, stack(0x000000b300b00000,0x000000b300c00000)]
  0x000002a8795c9000 JavaThread "Attach Listener" daemon [_thread_blocked, id=124, stack(0x000000b300a00000,0x000000b300b00000)]
  0x000002a8795b0800 JavaThread "Signal Dispatcher" daemon [_thread_blocked, id=10288, stack(0x000000b300900000,0x000000b300a00000)]
  0x000002a879592800 JavaThread "Finalizer" daemon [_thread_blocked, id=12444, stack(0x000000b300800000,0x000000b300900000)]
  0x000002a87958b000 JavaThread "Reference Handler" daemon [_thread_blocked, id=10308, stack(0x000000b300700000,0x000000b300800000)]
  0x000002a8715e6800 JavaThread "main" [_thread_blocked, id=23956, stack(0x000000b37fb00000,0x000000b37fc00000)]

Other Threads:
  0x000002a879563800 VMThread [stack: 0x000000b300600000,0x000000b300700000] [id=13920]
  0x000002a87adbf000 WatcherThread [stack: 0x000000b301000000,0x000000b301100000] [id=7876]

VM state:not at safepoint (normal execution)

VM Mutex/Monitor currently owned by a thread: None

heap address: 0x0000000080000000, size: 2048 MB, Compressed Oops mode: 32-bit
Narrow klass base: 0x0000000000000000, Narrow klass shift: 3
Compressed class space size: 1073741824 Address: 0x0000000100000000

Heap:
 PSYoungGen      total 501248K, used 179790K [0x00000000d5580000, 0x0000000100000000, 0x0000000100000000)
  eden space 393728K, 18% used [0x00000000d5580000,0x00000000d9c16940,0x00000000ed600000)
  from space 107520K, 99% used [0x00000000f9700000,0x00000000ffffcfc8,0x0000000100000000)
  to   space 152576K, 0% used [0x00000000ed600000,0x00000000ed600000,0x00000000f6b00000)
 ParOldGen       total 346112K, used 162039K [0x0000000080000000, 0x0000000095200000, 0x00000000d5580000)
  object space 346112K, 46% used [0x0000000080000000,0x0000000089e3df88,0x0000000095200000)
 Metaspace       used 157916K, capacity 166816K, committed 167040K, reserved 1193984K
  class space    used 20174K, capacity 21877K, committed 21888K, reserved 1048576K

Card table byte_map: [0x000002a873350000,0x000002a873760000] byte_map_base: 0x000002a872f50000

Marking Bits: (ParMarkBitMap*) 0x0000000076a77fe0
 Begin Bits: [0x000002a873a10000, 0x000002a875a10000)
 End Bits:   [0x000002a875a10000, 0x000002a877a10000)

Polling page: 0x000002a8717b0000

CodeCache: size=245760Kb used=79172Kb max_used=79413Kb free=166587Kb
 bounds [0x000002a800000000, 0x000002a804e00000, 0x000002a80f000000]
 total_blobs=23922 nmethods=22949 adapters=883
 compilation: enabled

Compilation events (10 events):
Event: 1444.254 Thread 0x000002a87ad32800 nmethod 29678 0x000002a801c6be90 code [0x000002a801c6bfe0, 0x000002a801c6c0b8]
Event: 1444.254 Thread 0x000002a87ad32800 29679       4       org.gradle.api.internal.artifacts.ivyservice.resolveengine.graph.builder.ModuleSelectors$$Lambda$204/1687685672::apply (8 bytes)
Event: 1444.256 Thread 0x000002a8795dd800 nmethod 29671 0x000002a8025915d0 code [0x000002a802591820, 0x000002a802592bb0]
Event: 1444.256 Thread 0x000002a8795dd800 29694       4       org.gradle.internal.time.DefaultTimer::getElapsedMillis (29 bytes)
Event: 1444.256 Thread 0x000002a87ad32800 nmethod 29679 0x000002a800c8f950 code [0x000002a800c8fae0, 0x000002a800c8fce8]
Event: 1444.256 Thread 0x000002a87ad32800 29695       4       org.gradle.api.internal.changedetection.state.DefaultFileAccessTimeJournal::setLastAccessTime (15 bytes)
Event: 1444.256 Thread 0x000002a8795dd800 nmethod 29694 0x000002a802591210 code [0x000002a802591360, 0x000002a802591438]
Event: 1444.256 Thread 0x000002a8795dd800 29688       4       org.gradle.cache.internal.DefaultPersistentDirectoryStore::useCache (11 bytes)
Event: 1444.257 Thread 0x000002a8795dd800 nmethod 29688 0x000002a800755250 code [0x000002a8007553a0, 0x000002a800755468]
Event: 1444.257 Thread 0x000002a87ad32800 nmethod 29695 0x000002a801c870d0 code [0x000002a801c87220, 0x000002a801c873a8]

GC Heap History (10 events):
Event: 860.460 GC heap before
{Heap before GC invocations=36 (full 6):
 PSYoungGen      total 551936K, used 493317K [0x00000000d5580000, 0x00000000ff680000, 0x0000000100000000)
  eden space 473088K, 100% used [0x00000000d5580000,0x00000000f2380000,0x00000000f2380000)
  from space 78848K, 25% used [0x00000000f2380000,0x00000000f3741640,0x00000000f7080000)
  to   space 76800K, 0% used [0x00000000fab80000,0x00000000fab80000,0x00000000ff680000)
 ParOldGen       total 346112K, used 101410K [0x0000000080000000, 0x0000000095200000, 0x00000000d5580000)
  object space 346112K, 29% used [0x0000000080000000,0x0000000086308b30,0x0000000095200000)
 Metaspace       used 138091K, capacity 146212K, committed 146432K, reserved 1175552K
  class space    used 17896K, capacity 19431K, committed 19456K, reserved 1048576K
Event: 860.483 GC heap after
Heap after GC invocations=36 (full 6):
 PSYoungGen      total 607232K, used 53286K [0x00000000d5580000, 0x00000000ff780000, 0x0000000100000000)
  eden space 530432K, 0% used [0x00000000d5580000,0x00000000d5580000,0x00000000f5b80000)
  from space 76800K, 69% used [0x00000000fab80000,0x00000000fdf89a98,0x00000000ff680000)
  to   space 79872K, 0% used [0x00000000f5b80000,0x00000000f5b80000,0x00000000fa980000)
 ParOldGen       total 346112K, used 101418K [0x0000000080000000, 0x0000000095200000, 0x00000000d5580000)
  object space 346112K, 29% used [0x0000000080000000,0x000000008630ab30,0x0000000095200000)
 Metaspace       used 138091K, capacity 146212K, committed 146432K, reserved 1175552K
  class space    used 17896K, capacity 19431K, committed 19456K, reserved 1048576K
}
Event: 861.725 GC heap before
{Heap before GC invocations=37 (full 6):
 PSYoungGen      total 607232K, used 583718K [0x00000000d5580000, 0x00000000ff780000, 0x0000000100000000)
  eden space 530432K, 100% used [0x00000000d5580000,0x00000000f5b80000,0x00000000f5b80000)
  from space 76800K, 69% used [0x00000000fab80000,0x00000000fdf89a98,0x00000000ff680000)
  to   space 79872K, 0% used [0x00000000f5b80000,0x00000000f5b80000,0x00000000fa980000)
 ParOldGen       total 346112K, used 101418K [0x0000000080000000, 0x0000000095200000, 0x00000000d5580000)
  object space 346112K, 29% used [0x0000000080000000,0x000000008630ab30,0x0000000095200000)
 Metaspace       used 147240K, capacity 155340K, committed 155520K, reserved 1183744K
  class space    used 18949K, capacity 20489K, committed 20608K, reserved 1048576K
Event: 861.758 GC heap after
Heap after GC invocations=37 (full 6):
 PSYoungGen      total 610304K, used 79841K [0x00000000d5580000, 0x0000000100000000, 0x0000000100000000)
  eden space 530432K, 0% used [0x00000000d5580000,0x00000000d5580000,0x00000000f5b80000)
  from space 79872K, 99% used [0x00000000f5b80000,0x00000000fa978518,0x00000000fa980000)
  to   space 88576K, 0% used [0x00000000fa980000,0x00000000fa980000,0x0000000100000000)
 ParOldGen       total 346112K, used 118378K [0x0000000080000000, 0x0000000095200000, 0x00000000d5580000)
  object space 346112K, 34% used [0x0000000080000000,0x000000008739ab78,0x0000000095200000)
 Metaspace       used 147240K, capacity 155340K, committed 155520K, reserved 1183744K
  class space    used 18949K, capacity 20489K, committed 20608K, reserved 1048576K
}
Event: 1417.677 GC heap before
{Heap before GC invocations=38 (full 6):
 PSYoungGen      total 610304K, used 610273K [0x00000000d5580000, 0x0000000100000000, 0x0000000100000000)
  eden space 530432K, 100% used [0x00000000d5580000,0x00000000f5b80000,0x00000000f5b80000)
  from space 79872K, 99% used [0x00000000f5b80000,0x00000000fa978518,0x00000000fa980000)
  to   space 88576K, 0% used [0x00000000fa980000,0x00000000fa980000,0x0000000100000000)
 ParOldGen       total 346112K, used 118378K [0x0000000080000000, 0x0000000095200000, 0x00000000d5580000)
  object space 346112K, 34% used [0x0000000080000000,0x000000008739ab78,0x0000000095200000)
 Metaspace       used 147779K, capacity 156218K, committed 156416K, reserved 1185792K
  class space    used 19018K, capacity 20644K, committed 20736K, reserved 1048576K
Event: 1417.707 GC heap after
Heap after GC invocations=38 (full 6):
 PSYoungGen      total 572416K, used 80724K [0x00000000d5580000, 0x0000000100000000, 0x0000000100000000)
  eden space 483840K, 0% used [0x00000000d5580000,0x00000000d5580000,0x00000000f2e00000)
  from space 88576K, 91% used [0x00000000fa980000,0x00000000ff8551e0,0x0000000100000000)
  to   space 107520K, 0% used [0x00000000f2e00000,0x00000000f2e00000,0x00000000f9700000)
 ParOldGen       total 346112K, used 118386K [0x0000000080000000, 0x0000000095200000, 0x00000000d5580000)
  object space 346112K, 34% used [0x0000000080000000,0x000000008739cb78,0x0000000095200000)
 Metaspace       used 147779K, capacity 156218K, committed 156416K, reserved 1185792K
  class space    used 19018K, capacity 20644K, committed 20736K, reserved 1048576K
}
Event: 1419.033 GC heap before
{Heap before GC invocations=39 (full 6):
 PSYoungGen      total 572416K, used 564564K [0x00000000d5580000, 0x0000000100000000, 0x0000000100000000)
  eden space 483840K, 100% used [0x00000000d5580000,0x00000000f2e00000,0x00000000f2e00000)
  from space 88576K, 91% used [0x00000000fa980000,0x00000000ff8551e0,0x0000000100000000)
  to   space 107520K, 0% used [0x00000000f2e00000,0x00000000f2e00000,0x00000000f9700000)
 ParOldGen       total 346112K, used 118386K [0x0000000080000000, 0x0000000095200000, 0x00000000d5580000)
  object space 346112K, 34% used [0x0000000080000000,0x000000008739cb78,0x0000000095200000)
 Metaspace       used 157184K, capacity 165714K, committed 165888K, reserved 1193984K
  class space    used 20093K, capacity 21742K, committed 21760K, reserved 1048576K
Event: 1419.071 GC heap after
Heap after GC invocations=39 (full 6):
 PSYoungGen      total 591360K, used 107488K [0x00000000d5580000, 0x0000000100000000, 0x0000000100000000)
  eden space 483840K, 0% used [0x00000000d5580000,0x00000000d5580000,0x00000000f2e00000)
  from space 107520K, 99% used [0x00000000f2e00000,0x00000000f96f8368,0x00000000f9700000)
  to   space 107520K, 0% used [0x00000000f9700000,0x00000000f9700000,0x0000000100000000)
 ParOldGen       total 346112K, used 139132K [0x0000000080000000, 0x0000000095200000, 0x00000000d5580000)
  object space 346112K, 40% used [0x0000000080000000,0x00000000887df2f8,0x0000000095200000)
 Metaspace       used 157184K, capacity 165714K, committed 165888K, reserved 1193984K
  class space    used 20093K, capacity 21742K, committed 21760K, reserved 1048576K
}
Event: 1443.998 GC heap before
{Heap before GC invocations=40 (full 6):
 PSYoungGen      total 591360K, used 591328K [0x00000000d5580000, 0x0000000100000000, 0x0000000100000000)
  eden space 483840K, 100% used [0x00000000d5580000,0x00000000f2e00000,0x00000000f2e00000)
  from space 107520K, 99% used [0x00000000f2e00000,0x00000000f96f8368,0x00000000f9700000)
  to   space 107520K, 0% used [0x00000000f9700000,0x00000000f9700000,0x0000000100000000)
 ParOldGen       total 346112K, used 139132K [0x0000000080000000, 0x0000000095200000, 0x00000000d5580000)
  object space 346112K, 40% used [0x0000000080000000,0x00000000887df2f8,0x0000000095200000)
 Metaspace       used 157781K, capacity 166584K, committed 166784K, reserved 1193984K
  class space    used 20157K, capacity 21849K, committed 21888K, reserved 1048576K
Event: 1444.040 GC heap after
Heap after GC invocations=40 (full 6):
 PSYoungGen      total 501248K, used 107507K [0x00000000d5580000, 0x0000000100000000, 0x0000000100000000)
  eden space 393728K, 0% used [0x00000000d5580000,0x00000000d5580000,0x00000000ed600000)
  from space 107520K, 99% used [0x00000000f9700000,0x00000000ffffcfc8,0x0000000100000000)
  to   space 152576K, 0% used [0x00000000ed600000,0x00000000ed600000,0x00000000f6b00000)
 ParOldGen       total 346112K, used 162039K [0x0000000080000000, 0x0000000095200000, 0x00000000d5580000)
  object space 346112K, 46% used [0x0000000080000000,0x0000000089e3df88,0x0000000095200000)
 Metaspace       used 157781K, capacity 166584K, committed 166784K, reserved 1193984K
  class space    used 20157K, capacity 21849K, committed 21888K, reserved 1048576K
}

Deoptimization events (10 events):
Event: 1418.946 Thread 0x000002a817034800 Uncommon trap: reason=bimorphic action=maybe_recompile pc=0x000002a803d28f1c method=com.sun.tools.javac.comp.Check.checkDeprecated(Lcom/sun/tools/javac/util/JCDiagnostic$DiagnosticPosition;Lcom/sun/tools/javac/code/Symbol;Lcom/sun/tools/javac/code/Symbol;
Event: 1420.906 Thread 0x000002a817034800 Uncommon trap: reason=class_check action=maybe_recompile pc=0x000002a8044abfb4 method=com.google.common.base.Suppliers$NonSerializableMemoizingSupplier.get()Ljava/lang/Object; @ 22
Event: 1420.922 Thread 0x000002a817032800 Uncommon trap: reason=unstable_if action=reinterpret pc=0x000002a8044ac104 method=com.google.common.base.Suppliers$NonSerializableMemoizingSupplier.get()Ljava/lang/Object; @ 15
Event: 1420.922 Thread 0x000002a817034800 Uncommon trap: reason=class_check action=maybe_recompile pc=0x000002a8044abfb4 method=com.google.common.base.Suppliers$NonSerializableMemoizingSupplier.get()Ljava/lang/Object; @ 22
Event: 1420.923 Thread 0x000002a817033000 Uncommon trap: reason=unstable_if action=reinterpret pc=0x000002a8044ac104 method=com.google.common.base.Suppliers$NonSerializableMemoizingSupplier.get()Ljava/lang/Object; @ 15
Event: 1420.923 Thread 0x000002a81703e800 Uncommon trap: reason=unstable_if action=reinterpret pc=0x000002a8044ac104 method=com.google.common.base.Suppliers$NonSerializableMemoizingSupplier.get()Ljava/lang/Object; @ 15
Event: 1420.928 Thread 0x000002a817033000 Uncommon trap: reason=class_check action=maybe_recompile pc=0x000002a80459ca44 method=com.android.tools.r8.ir.conversion.S.a(Lcom/android/tools/r8/graph/M1;)Lcom/android/tools/r8/v/b/X; @ 33
Event: 1420.928 Thread 0x000002a817033000 Uncommon trap: reason=class_check action=maybe_recompile pc=0x000002a80459ca44 method=com.android.tools.r8.ir.conversion.S.a(Lcom/android/tools/r8/graph/M1;)Lcom/android/tools/r8/v/b/X; @ 33
Event: 1420.928 Thread 0x000002a817033000 Uncommon trap: reason=class_check action=maybe_recompile pc=0x000002a80459ca44 method=com.android.tools.r8.ir.conversion.S.a(Lcom/android/tools/r8/graph/M1;)Lcom/android/tools/r8/v/b/X; @ 33
Event: 1420.928 Thread 0x000002a817033000 Uncommon trap: reason=class_check action=maybe_recompile pc=0x000002a80459ca44 method=com.android.tools.r8.ir.conversion.S.a(Lcom/android/tools/r8/graph/M1;)Lcom/android/tools/r8/v/b/X; @ 33

Classes redefined (0 events):
No events

Internal exceptions (10 events):
Event: 1420.927 Thread 0x000002a817032800 Exception <a 'sun/nio/fs/WindowsException'> (0x00000000ed3098b8) thrown at [C:\jenkins\workspace\8-2-build-windows-amd64-cygwin\jdk8u291\1294\hotspot\src\share\vm\prims\jni.cpp, line 710]
Event: 1420.927 Thread 0x000002a817034800 Exception <a 'sun/nio/fs/WindowsException'> (0x00000000ecfefb48) thrown at [C:\jenkins\workspace\8-2-build-windows-amd64-cygwin\jdk8u291\1294\hotspot\src\share\vm\prims\jni.cpp, line 710]
Event: 1420.931 Thread 0x000002a817033000 Exception <a 'sun/nio/fs/WindowsException'> (0x00000000ed46caa8) thrown at [C:\jenkins\workspace\8-2-build-windows-amd64-cygwin\jdk8u291\1294\hotspot\src\share\vm\prims\jni.cpp, line 710]
Event: 1420.940 Thread 0x000002a81703e800 Exception <a 'sun/nio/fs/WindowsException'> (0x00000000ed5b5c68) thrown at [C:\jenkins\workspace\8-2-build-windows-amd64-cygwin\jdk8u291\1294\hotspot\src\share\vm\prims\jni.cpp, line 710]
Event: 1420.941 Thread 0x000002a81703e800 Exception <a 'sun/nio/fs/WindowsException'> (0x00000000ed5bf290) thrown at [C:\jenkins\workspace\8-2-build-windows-amd64-cygwin\jdk8u291\1294\hotspot\src\share\vm\prims\jni.cpp, line 710]
Event: 1420.981 Thread 0x000002a817037800 Exception <a 'sun/nio/fs/WindowsException'> (0x00000000ee2e6000) thrown at [C:\jenkins\workspace\8-2-build-windows-amd64-cygwin\jdk8u291\1294\hotspot\src\share\vm\prims\jni.cpp, line 710]
Event: 1421.013 Thread 0x000002a817037800 Exception <a 'sun/nio/fs/WindowsException'> (0x00000000ee902c38) thrown at [C:\jenkins\workspace\8-2-build-windows-amd64-cygwin\jdk8u291\1294\hotspot\src\share\vm\prims\jni.cpp, line 710]
Event: 1444.070 Thread 0x000002a81122c800 Exception <a 'sun/nio/fs/WindowsException'> (0x00000000d5ae4de8) thrown at [C:\jenkins\workspace\8-2-build-windows-amd64-cygwin\jdk8u291\1294\hotspot\src\share\vm\prims\jni.cpp, line 710]
Event: 1444.205 Thread 0x000002a811235000 Exception <a 'sun/nio/fs/WindowsException'> (0x00000000d7fd65d8) thrown at [C:\jenkins\workspace\8-2-build-windows-amd64-cygwin\jdk8u291\1294\hotspot\src\share\vm\prims\jni.cpp, line 710]
Event: 1444.205 Thread 0x000002a811235000 Exception <a 'sun/nio/fs/WindowsException'> (0x00000000d7fd7a58) thrown at [C:\jenkins\workspace\8-2-build-windows-amd64-cygwin\jdk8u291\1294\hotspot\src\share\vm\prims\jni.cpp, line 710]

Events (10 events):
Event: 1444.218 Executing VM operation: RevokeBias
Event: 1444.218 Executing VM operation: RevokeBias done
Event: 1444.219 Executing VM operation: RevokeBias
Event: 1444.219 Executing VM operation: RevokeBias done
Event: 1444.219 Executing VM operation: RevokeBias
Event: 1444.219 Executing VM operation: RevokeBias done
Event: 1444.229 Thread 0x000002a8795e1800 flushing nmethod 0x000002a802591210
Event: 1444.236 Executing VM operation: RevokeBias
Event: 1444.236 Executing VM operation: RevokeBias done
Event: 1444.238 Thread 0x000002a87ad32800 flushing nmethod 0x000002a803663990


Dynamic libraries:
0x00007ff733ff0000 - 0x00007ff734037000 	C:\Program Files\Java\jdk1.8.0_291\bin\java.exe
0x00007ffa462c0000 - 0x00007ffa464b0000 	C:\Windows\SYSTEM32\ntdll.dll
0x00007ffa455a0000 - 0x00007ffa45652000 	C:\Windows\System32\KERNEL32.DLL
0x00007ffa434f0000 - 0x00007ffa43793000 	C:\Windows\System32\KERNELBASE.dll
0x00007ffa451b0000 - 0x00007ffa45253000 	C:\Windows\System32\ADVAPI32.dll
0x00007ffa45110000 - 0x00007ffa451ae000 	C:\Windows\System32\msvcrt.dll
0x00007ffa45260000 - 0x00007ffa452f7000 	C:\Windows\System32\sechost.dll
0x00007ffa45a60000 - 0x00007ffa45b80000 	C:\Windows\System32\RPCRT4.dll
0x00007ffa447e0000 - 0x00007ffa44974000 	C:\Windows\System32\USER32.dll
0x00007ffa442f0000 - 0x00007ffa44311000 	C:\Windows\System32\win32u.dll
0x00007ffa45a30000 - 0x00007ffa45a56000 	C:\Windows\System32\GDI32.dll
0x00007ffa43280000 - 0x00007ffa43414000 	C:\Windows\System32\gdi32full.dll
0x00007ffa43970000 - 0x00007ffa43a0e000 	C:\Windows\System32\msvcp_win.dll
0x00007ffa441f0000 - 0x00007ffa442ea000 	C:\Windows\System32\ucrtbase.dll
0x00007ffa3bfa0000 - 0x00007ffa3c225000 	C:\Windows\WinSxS\amd64_microsoft.windows.common-controls_6595b64144ccf1df_6.0.18362.592_none_e6c0b1911312be02\COMCTL32.dll
0x00007ffa44bc0000 - 0x00007ffa44ef6000 	C:\Windows\System32\combase.dll
0x00007ffa437a0000 - 0x00007ffa43820000 	C:\Windows\System32\bcryptPrimitives.dll
0x00007ffa45870000 - 0x00007ffa4589e000 	C:\Windows\System32\IMM32.DLL
0x00007ffa2b4d0000 - 0x00007ffa2b4e5000 	C:\Program Files\Java\jdk1.8.0_291\jre\bin\vcruntime140.dll
0x00007ffa18b60000 - 0x00007ffa18bfb000 	C:\Program Files\Java\jdk1.8.0_291\jre\bin\msvcp140.dll
0x0000000076290000 - 0x0000000076af0000 	C:\Program Files\Java\jdk1.8.0_291\jre\bin\server\jvm.dll
0x00007ffa458a0000 - 0x00007ffa458a8000 	C:\Windows\System32\PSAPI.DLL
0x00007ffa2d470000 - 0x00007ffa2d479000 	C:\Windows\SYSTEM32\WSOCK32.dll
0x00007ffa41100000 - 0x00007ffa41124000 	C:\Windows\SYSTEM32\WINMM.dll
0x00007ffa3f400000 - 0x00007ffa3f40a000 	C:\Windows\SYSTEM32\VERSION.dll
0x00007ffa45460000 - 0x00007ffa454cf000 	C:\Windows\System32\WS2_32.dll
0x00007ffa410d0000 - 0x00007ffa410fd000 	C:\Windows\SYSTEM32\WINMMBASE.dll
0x00007ffa44320000 - 0x00007ffa4436a000 	C:\Windows\System32\cfgmgr32.dll
0x00007ffa431c0000 - 0x00007ffa431d1000 	C:\Windows\System32\kernel.appcore.dll
0x00007ffa352e0000 - 0x00007ffa352f0000 	C:\Program Files\Java\jdk1.8.0_291\jre\bin\verify.dll
0x00007ffa29640000 - 0x00007ffa2966b000 	C:\Program Files\Java\jdk1.8.0_291\jre\bin\java.dll
0x00007ffa2b4b0000 - 0x00007ffa2b4c8000 	C:\Program Files\Java\jdk1.8.0_291\jre\bin\zip.dll
0x00007ffa45b90000 - 0x00007ffa46275000 	C:\Windows\System32\SHELL32.dll
0x00007ffa458b0000 - 0x00007ffa45959000 	C:\Windows\System32\shcore.dll
0x00007ffa43a10000 - 0x00007ffa4418f000 	C:\Windows\System32\windows.storage.dll
0x00007ffa43230000 - 0x00007ffa4324f000 	C:\Windows\System32\profapi.dll
0x00007ffa431e0000 - 0x00007ffa4322a000 	C:\Windows\System32\powrprof.dll
0x00007ffa43190000 - 0x00007ffa431a0000 	C:\Windows\System32\UMPDC.dll
0x00007ffa44f00000 - 0x00007ffa44f52000 	C:\Windows\System32\shlwapi.dll
0x00007ffa434d0000 - 0x00007ffa434e7000 	C:\Windows\System32\cryptsp.dll
0x00007ffa1d700000 - 0x00007ffa1d71c000 	C:\Program Files\Java\jdk1.8.0_291\jre\bin\net.dll
0x00007ffa42a00000 - 0x00007ffa42a67000 	C:\Windows\system32\mswsock.dll
0x00007ffa1bf30000 - 0x00007ffa1bf43000 	C:\Program Files\Java\jdk1.8.0_291\jre\bin\nio.dll
0x00007ffa085a0000 - 0x00007ffa085c7000 	E:\Android\gradle\native\fdc75f09e3144964f2cf3f50f0aa648679c211496f362492102eb8c894070792\windows-amd64\native-platform.dll
0x00007ffa00f20000 - 0x00007ffa010b6000 	E:\Android\gradle\native\12488b8bf47d2d4c9fbf2f6322a914ad602e24e48041cd04a747c6da556b65c4\windows-amd64\native-platform-file-events.dll
0x00007ffa33470000 - 0x00007ffa3347d000 	C:\Program Files\Java\jdk1.8.0_291\jre\bin\management.dll
0x00007ffa42570000 - 0x00007ffa425a3000 	C:\Windows\system32\rsaenh.dll
0x00007ffa43250000 - 0x00007ffa43276000 	C:\Windows\System32\bcrypt.dll
0x00007ffa430b0000 - 0x00007ffa430d5000 	C:\Windows\SYSTEM32\USERENV.dll
0x00007ffa42bd0000 - 0x00007ffa42bdc000 	C:\Windows\SYSTEM32\CRYPTBASE.dll
0x00007ffa42710000 - 0x00007ffa4274a000 	C:\Windows\SYSTEM32\IPHLPAPI.DLL
0x00007ffa44b00000 - 0x00007ffa44b08000 	C:\Windows\System32\NSI.dll
0x00007ffa33d50000 - 0x00007ffa33d66000 	C:\Windows\SYSTEM32\dhcpcsvc6.DLL
0x00007ffa3c2d0000 - 0x00007ffa3c2ec000 	C:\Windows\SYSTEM32\dhcpcsvc.DLL
0x00007ffa42750000 - 0x00007ffa4281a000 	C:\Windows\SYSTEM32\DNSAPI.dll
0x00007ffa3ee80000 - 0x00007ffa3ee8b000 	C:\Windows\SYSTEM32\WINNSI.DLL
0x00007ffa36ac0000 - 0x00007ffa36ade000 	C:\Users\13967\AppData\Local\Temp\native-platform4911713752397797083dir\native-platform.dll
0x00007ffa421d0000 - 0x00007ffa42201000 	C:\Windows\SYSTEM32\ntmarta.dll
0x0000000066e00000 - 0x0000000066f03000 	C:\Users\13967\AppData\Local\Temp\sqlite-3.25.2-f62ec24e-f0d7-4e53-acac-c53ddcc7156a-sqlitejdbc.dll
0x0000000000470000 - 0x0000000000573000 	C:\Users\13967\AppData\Local\Temp\sqlite-3.25.2-98e972f0-c80c-4252-bbe4-d05a39bcf692-sqlitejdbc.dll
0x0000000000580000 - 0x0000000000683000 	C:\Users\13967\AppData\Local\Temp\sqlite-3.25.2-56418386-d623-4a91-aecb-09098f1c978d-sqlitejdbc.dll
0x00007ffa26000000 - 0x00007ffa261f4000 	C:\Windows\SYSTEM32\dbghelp.dll

VM Arguments:
jvm_args: -Xmx2048m -Dfile.encoding=UTF-8 -Duser.country=CN -Duser.language=zh -Duser.variant 
java_command: org.gradle.launcher.daemon.bootstrap.GradleDaemon 6.7.1
java_class_path (initial): E:\Android\gradle\wrapper\dists\gradle-6.7.1-bin\bwlcbys1h7rz3272sye1xwiv6\gradle-6.7.1\lib\gradle-launcher-6.7.1.jar
Launcher Type: SUN_STANDARD

Environment Variables:
JAVA_HOME=C:\Program Files\Java\jdk1.8.0_291
CLASSPATH=.;C:\Program Files\Java\jdk1.8.0_291\lib\dt.jar;C:\Program Files\Java\jdk1.8.0_291\lib\tools.jar 
PATH=E:\1;E:\Android\flutter_windows_2.0.1-stable\flutter\bin;indows\system32;C:\Windows;C:\Windows\System32\Wbem;C:\Windows\System32\WindowsPowerShell\v1.0\;C:\Windows\System32\OpenSSH\;C:\Users\13967\AppData\Local\Programs\Python\Python37;C:\ProgramData\chocolatey\bin;C:\Program Files (x86)\NVIDIA Corporation\PhysX\Common;C:\Program Files\NVIDIA Corporation\NVIDIA NvDLISR;E:\Android\gradle\bin;C:\Program Files (x86)\QuickTime\QTSystem\;G:\Linux\LxRunOffline-v3.5.0-mingw;E:\Android\SDK\platform-tools;E:\Git\cmd;C:\Windows\System32;E:\Git\bin;E:\Android\maven\apache-maven-3.3.9-bin\apache-maven-3.3.9\bin;E:\Android\gradle\bin;E:\Android\Tool-master;C:\cygwin64\bin;C:\Program Files\koltin\kotlin-compiler-1.4.32\kotlinc\bin;C:\Program Files\Java\jdk1.8.0_291\bin;C:\Program Files\Java\jdk1.8.0_291\jre\bin;E:\mysql-8.0.24-winx64\mysql-8.0.24-winx64\bin;E:\SSH\;E:\apache-tomcat-10.0.6\bin;E:\Android\SDK\platform-tools;E:\Android\gradle\wrapper\dists\gradle-7.1.1-bin\f29rtwfnc96ub43tt7p47zsru\gradle-7.1.1\bin;E:\Android\gradle\nodejs\node-v12.16.1-win-x64;E:\Android\SDK\tools;E:\Android\gradle\nodejs\node-v12.16.1-win-x64\node_modules\hexo\bin;E:\Android\gradle\nodejs\node-v12.16.1-win-x64\node_modules\n\bin;C:\Python27;C:\Program Files\python-3.9.6-embed-amd64\pip-21.2.1\pip-21.2.1;C:\Program Files\Intel\WiFi\bin\;C:\Program Files\Common Files\Intel\WirelessCommon\;E:\Android\SDK\tools\bin;G:\Android\dex2jar-2.0\dex2jar-2.0;C:\Users\13967\AppData\Local\Microsoft\WindowsApps;C:\Users\13967\AppData\Local\GitHubDesktop\bin;E:\mitmproxy\bin;C:\Program Files\Intel\WiFi\bin\;C:\Program Files\Common Files\Intel\WirelessCommon\
USERNAME=13967
OS=Windows_NT
PROCESSOR_IDENTIFIER=AMD64 Family 23 Model 113 Stepping 0, AuthenticAMD



---------------  S Y S T E M  ---------------

OS: Windows 10.0 , 64 bit Build 18362 (10.0.18362.329)

CPU:total 12 (initial active 12) (12 cores per cpu, 1 threads per core) family 23 model 113 stepping 0, cmov, cx8, fxsr, mmx, sse, sse2, sse3, ssse3, sse4.1, sse4.2, popcnt, avx, avx2, aes, clmul, mmxext, 3dnowpref, lzcnt, sse4a, tsc, tscinvbit, tscinv, bmi1

Memory: 4k page, physical 16725344k(1980604k free), swap 23541088k(13980k free)

vm_info: Java HotSpot(TM) 64-Bit Server VM (25.291-b10) for windows-amd64 JRE (1.8.0_291-b10), built on Apr  9 2021 00:02:00 by "java_re" with MS VC++ 15.9 (VS2017)

time: Thu Sep 23 21:35:39 2021
timezone: ?D1???
elapsed time: 1444.298262 seconds (0d 0h 24m 4s)

