#
# There is insufficient memory for the Java Runtime Environment to continue.
# Native memory allocation (malloc) failed to allocate 32744 bytes for ChunkPool::allocate
# Possible reasons:
#   The system is out of physical RAM or swap space
#   The process is running with CompressedOops enabled, and the Java Heap may be blocking the growth of the native heap
# Possible solutions:
#   Reduce memory load on the system
#   Increase physical memory or swap space
#   Check if swap backing store is full
#   Decrease Java heap size (-Xmx/-Xms)
#   Decrease number of Java threads
#   Decrease Java thread stack sizes (-Xss)
#   Set larger code cache with -XX:ReservedCodeCacheSize=
#   JVM is running with Unscaled Compressed Oops mode in which the Java heap is
#     placed in the first 4GB address space. The Java Heap base address is the
#     maximum limit for the native heap growth. Please use -XX:HeapBaseMinAddress
#     to set the Java Heap base and to place the Java Heap above 4GB virtual address.
# This output file may be truncated or incomplete.
#
#  Out of Memory Error (allocation.cpp:272), pid=1108, tid=0x0000000000005620
#
# JRE version: Java(TM) SE Runtime Environment (8.0_291-b10) (build 1.8.0_291-b10)
# Java VM: Java HotSpot(TM) 64-Bit Server VM (25.291-b10 mixed mode windows-amd64 compressed oops)
# Failed to write core dump. Minidumps are not enabled by default on client versions of Windows
#

---------------  T H R E A D  ---------------

Current thread (0x000001ce214d3800):  JavaThread "C1 CompilerThread3" daemon [_thread_in_native, id=22048, stack(0x000000b43de00000,0x000000b43df00000)]

Stack: [0x000000b43de00000,0x000000b43df00000]
Native frames: (J=compiled Java code, j=interpreted, Vv=VM code, C=native code)
V  [jvm.dll+0x32ea19]


Current CompileTask:
C1: 408295 22341       3       org.objectweb.asm.MethodWriter::putMethodInfo (1274 bytes)


---------------  P R O C E S S  ---------------

Java Threads: ( => current thread )
  0x000001ce271ad800 JavaThread "RMI TCP Connection(8)-127.0.0.1" daemon [_thread_in_native, id=1312, stack(0x000000b448e00000,0x000000b448f00000)]
  0x000001ce271a9000 JavaThread "WorkerExecutor Queue Thread 3" [_thread_blocked, id=15632, stack(0x000000b448700000,0x000000b448800000)]
  0x000001ce271ab800 JavaThread "RMI TCP Connection(9)-127.0.0.1" daemon [_thread_in_native, id=9556, stack(0x000000b448d00000,0x000000b448e00000)]
  0x000001ce2719e800 JavaThread "stdout" [_thread_in_native, id=2280, stack(0x000000b448500000,0x000000b448600000)]
  0x000001ce271a5800 JavaThread "stderr" [_thread_in_native, id=21080, stack(0x000000b448400000,0x000000b448500000)]
  0x000001ce271a4800 JavaThread "pool-11-thread-1" [_thread_blocked, id=21380, stack(0x000000b448300000,0x000000b448400000)]
  0x000001ce2719d000 JavaThread "WorkerExecutor Queue Thread 2" [_thread_blocked, id=5912, stack(0x000000b448200000,0x000000b448300000)]
  0x000001ce271a4000 JavaThread "WorkerExecutor Queue" [_thread_blocked, id=1156, stack(0x000000b448100000,0x000000b448200000)]
  0x000001ce2719f800 JavaThread "Cache worker for execution history cache (G:\AndroidStudioProjects\APP\yuehaoting\.gradle\6.7.1\executionHistory)" [_thread_blocked, id=164, stack(0x000000b448000000,0x000000b448100000)]
  0x000001ce271a3000 JavaThread "Execution worker for ':' Thread 11" [_thread_blocked, id=16016, stack(0x000000b447f00000,0x000000b448000000)]
  0x000001ce271a2800 JavaThread "Execution worker for ':' Thread 10" [_thread_blocked, id=20040, stack(0x000000b447e00000,0x000000b447f00000)]
  0x000001ce271a1000 JavaThread "Execution worker for ':' Thread 9" [_thread_blocked, id=17996, stack(0x000000b447d00000,0x000000b447e00000)]
  0x000001ce271a1800 JavaThread "Execution worker for ':' Thread 8" [_thread_blocked, id=1516, stack(0x000000b447c00000,0x000000b447d00000)]
  0x000001ce271a0000 JavaThread "Execution worker for ':' Thread 7" [_thread_blocked, id=4676, stack(0x000000b447b00000,0x000000b447c00000)]
  0x000001ce2719e000 JavaThread "Execution worker for ':' Thread 6" [_thread_blocked, id=21904, stack(0x000000b447a00000,0x000000b447b00000)]
  0x000001ce2719c800 JavaThread "Execution worker for ':' Thread 5" [_thread_blocked, id=21704, stack(0x000000b447900000,0x000000b447a00000)]
  0x000001ce27194800 JavaThread "Execution worker for ':' Thread 4" [_thread_in_native, id=12332, stack(0x000000b447800000,0x000000b447900000)]
  0x000001ce2719b800 JavaThread "Execution worker for ':' Thread 3" [_thread_blocked, id=15596, stack(0x000000b447600000,0x000000b447700000)]
  0x000001ce27194000 JavaThread "Execution worker for ':' Thread 2" [_thread_blocked, id=21932, stack(0x000000b447500000,0x000000b447600000)]
  0x000001ce2719b000 JavaThread "Execution worker for ':'" [_thread_blocked, id=22104, stack(0x000000b447400000,0x000000b447500000)]
  0x000001ce27193000 JavaThread "build event listener" [_thread_blocked, id=16580, stack(0x000000b447300000,0x000000b447400000)]
  0x000001ce27198800 JavaThread "build event listener" [_thread_blocked, id=21448, stack(0x000000b447200000,0x000000b447300000)]
  0x000001ce2daf2000 JavaThread "Build operations Thread 12" [_thread_blocked, id=3980, stack(0x000000b43fd00000,0x000000b43fe00000)]
  0x000001ce2daf5000 JavaThread "Build operations Thread 11" [_thread_blocked, id=22180, stack(0x000000b43fc00000,0x000000b43fd00000)]
  0x000001ce2daf0800 JavaThread "Build operations Thread 10" [_thread_blocked, id=19860, stack(0x000000b43fb00000,0x000000b43fc00000)]
  0x000001ce2daed800 JavaThread "Build operations Thread 9" [_thread_blocked, id=3240, stack(0x000000b43fa00000,0x000000b43fb00000)]
  0x000001ce2daf4800 JavaThread "Build operations Thread 8" [_thread_blocked, id=7048, stack(0x000000b43f900000,0x000000b43fa00000)]
  0x000001ce2daf1800 JavaThread "Build operations Thread 7" [_thread_blocked, id=9080, stack(0x000000b43f800000,0x000000b43f900000)]
  0x000001ce2daed000 JavaThread "Build operations Thread 6" [_thread_blocked, id=10676, stack(0x000000b43f700000,0x000000b43f800000)]
  0x000001ce2daf3800 JavaThread "Build operations Thread 5" [_thread_blocked, id=19080, stack(0x000000b43f500000,0x000000b43f600000)]
  0x000001ce2dae6000 JavaThread "Build operations Thread 4" [_thread_blocked, id=20900, stack(0x000000b43f300000,0x000000b43f400000)]
  0x000001ce2dae5800 JavaThread "Build operations Thread 3" [_thread_blocked, id=14012, stack(0x000000b43f200000,0x000000b43f300000)]
  0x000001ce2daec000 JavaThread "Build operations Thread 2" [_thread_blocked, id=12976, stack(0x000000b43f100000,0x000000b43f200000)]
  0x000001ce2dae4800 JavaThread "Build operations" [_thread_blocked, id=18184, stack(0x000000b43f000000,0x000000b43f100000)]
  0x000001ce2dae4000 JavaThread "Cache worker for Build Output Cleanup Cache (G:\AndroidStudioProjects\APP\yuehaoting\.gradle\buildOutputCleanup)" [_thread_blocked, id=17048, stack(0x000000b43ec00000,0x000000b43ed00000)]
  0x000001ce2daea000 JavaThread "Cache worker for cache directory md-rule (E:\Android\gradle\caches\6.7.1\md-rule)" [_thread_blocked, id=1824, stack(0x000000b43eb00000,0x000000b43ec00000)]
  0x000001ce2dae9000 JavaThread "Cache worker for cache directory md-supplier (E:\Android\gradle\caches\6.7.1\md-supplier)" [_thread_blocked, id=16324, stack(0x000000b43ea00000,0x000000b43eb00000)]
  0x000001ce2dadb800 JavaThread "Cache worker for checksums cache (G:\AndroidStudioProjects\APP\yuehaoting\.gradle\checksums)" [_thread_blocked, id=10268, stack(0x000000b43e900000,0x000000b43ea00000)]
  0x000001ce2dae0000 JavaThread "Cache worker for file hash cache (G:\AndroidStudioProjects\APP\yuehaoting\.gradle\6.7.1\fileHashes)" [_thread_blocked, id=8128, stack(0x000000b43e800000,0x000000b43e900000)]
  0x000001ce2dae1800 JavaThread "Thread-329" [_thread_blocked, id=10844, stack(0x000000b43e700000,0x000000b43e800000)]
  0x000001ce2dad7000 JavaThread "Asynchronous log dispatcher for DefaultDaemonConnection: socket connection from /127.0.0.1:62132 to /127.0.0.1:63491" [_thread_blocked, id=19908, stack(0x000000b43e300000,0x000000b43e400000)]
  0x000001ce2dada000 JavaThread "Daemon worker Thread 3" [_thread_blocked, id=17684, stack(0x000000b43e200000,0x000000b43e300000)]
  0x000001ce2dade000 JavaThread "Cancel handler" [_thread_blocked, id=14576, stack(0x000000b43ca00000,0x000000b43cb00000)]
  0x000001ce2dadc000 JavaThread "Handler for socket connection from /127.0.0.1:62132 to /127.0.0.1:63491" [_thread_in_native, id=17452, stack(0x000000b43c900000,0x000000b43ca00000)]
  0x000001ce2dadd000 JavaThread "Daemon Thread 3" [_thread_blocked, id=17368, stack(0x000000b43c800000,0x000000b43c900000)]
  0x000001ce2dae3000 JavaThread "RMI RenewClean-[127.0.0.1:17674,org.jetbrains.kotlin.daemon.common.LoopbackNetworkInterface$ClientLoopbackSocketFactory@702cf80b]" daemon [_thread_blocked, id=3384, stack(0x000000b448b00000,0x000000b448c00000)]
  0x000001ce239c6000 JavaThread "RMI Reaper" [_thread_blocked, id=10108, stack(0x000000b448a00000,0x000000b448b00000)]
  0x000001ce239c5000 JavaThread "RMI TCP Accept-0" daemon [_thread_in_native, id=1196, stack(0x000000b448900000,0x000000b448a00000)]
  0x000001ce239c4800 JavaThread "GC Daemon" daemon [_thread_blocked, id=12552, stack(0x000000b448800000,0x000000b448900000)]
  0x000001ce239c9800 JavaThread "RMI Scheduler(0)" daemon [_thread_blocked, id=8000, stack(0x000000b448600000,0x000000b448700000)]
  0x000001ce2a3b8000 JavaThread "Memory manager" [_thread_blocked, id=20352, stack(0x000000b447700000,0x000000b447800000)]
  0x000001ce246f4800 JavaThread "Cache worker for file content cache (E:\Android\gradle\caches\6.7.1\fileContent)" [_thread_blocked, id=19980, stack(0x000000b43f600000,0x000000b43f700000)]
  0x000001ce246f3800 JavaThread "Cache worker for execution history cache (E:\Android\gradle\caches\6.7.1\executionHistory)" [_thread_blocked, id=13804, stack(0x000000b43f400000,0x000000b43f500000)]
  0x000001ce214d5000 JavaThread "Cache worker for journal cache (E:\Android\gradle\caches\journal-1)" [_thread_blocked, id=6632, stack(0x000000b43ef00000,0x000000b43f000000)]
  0x000001ce214d8000 JavaThread "File lock request listener" [_thread_in_native, id=1724, stack(0x000000b43ee00000,0x000000b43ef00000)]
  0x000001ce214d7800 JavaThread "Cache worker for file hash cache (E:\Android\gradle\caches\6.7.1\fileHashes)" [_thread_blocked, id=6440, stack(0x000000b43ed00000,0x000000b43ee00000)]
  0x000001ce25479000 JavaThread "Daemon periodic checks" [_thread_blocked, id=18224, stack(0x000000b43e500000,0x000000b43e600000)]
  0x000001ce254b6800 JavaThread "Incoming local TCP Connector on port 62132" [_thread_in_native, id=13208, stack(0x000000b43e400000,0x000000b43e500000)]
  0x000001ce253cc000 JavaThread "Daemon health stats" [_thread_blocked, id=11172, stack(0x000000b43e100000,0x000000b43e200000)]
  0x000001ce238f5800 JavaThread "Service Thread" daemon [_thread_blocked, id=22176, stack(0x000000b43df00000,0x000000b43e000000)]
=>0x000001ce214d3800 JavaThread "C1 CompilerThread3" daemon [_thread_in_native, id=22048, stack(0x000000b43de00000,0x000000b43df00000)]
  0x000001ce214d6800 JavaThread "C2 CompilerThread2" daemon [_thread_in_native, id=2316, stack(0x000000b43dd00000,0x000000b43de00000)]
  0x000001ce214d6000 JavaThread "C2 CompilerThread1" daemon [_thread_in_native, id=1624, stack(0x000000b43dc00000,0x000000b43dd00000)]
  0x000001ce214bb800 JavaThread "C2 CompilerThread0" daemon [_thread_in_native, id=11596, stack(0x000000b43db00000,0x000000b43dc00000)]
  0x000001ce23872800 JavaThread "Attach Listener" daemon [_thread_blocked, id=4068, stack(0x000000b43da00000,0x000000b43db00000)]
  0x000001ce214d0800 JavaThread "Signal Dispatcher" daemon [_thread_blocked, id=8836, stack(0x000000b43d900000,0x000000b43da00000)]
  0x000001ce21487800 JavaThread "Finalizer" daemon [_thread_blocked, id=17404, stack(0x000000b43d800000,0x000000b43d900000)]
  0x000001ce2147f000 JavaThread "Reference Handler" daemon [_thread_blocked, id=10452, stack(0x000000b43d700000,0x000000b43d800000)]
  0x000001ce0b117000 JavaThread "main" [_thread_blocked, id=3780, stack(0x000000b43cb00000,0x000000b43cc00000)]

Other Threads:
  0x000001ce21457000 VMThread [stack: 0x000000b43d600000,0x000000b43d700000] [id=22412]
  0x000001ce2390a800 WatcherThread [stack: 0x000000b43e000000,0x000000b43e100000] [id=9656]

VM state:not at safepoint (normal execution)

VM Mutex/Monitor currently owned by a thread: None

heap address: 0x0000000080000000, size: 2048 MB, Compressed Oops mode: 32-bit
Narrow klass base: 0x0000000000000000, Narrow klass shift: 3
Compressed class space size: 1073741824 Address: 0x0000000100000000

Heap:
 PSYoungGen      total 538624K, used 32591K [0x00000000d5580000, 0x0000000100000000, 0x0000000100000000)
  eden space 388608K, 8% used [0x00000000d5580000,0x00000000d7553c98,0x00000000ed100000)
  from space 150016K, 0% used [0x00000000f6d80000,0x00000000f6d80000,0x0000000100000000)
  to   space 155136K, 0% used [0x00000000ed100000,0x00000000ed100000,0x00000000f6880000)
 ParOldGen       total 322560K, used 121305K [0x0000000080000000, 0x0000000093b00000, 0x00000000d5580000)
  object space 322560K, 37% used [0x0000000080000000,0x0000000087676460,0x0000000093b00000)
 Metaspace       used 130612K, capacity 135882K, committed 136064K, reserved 1167360K
  class space    used 16491K, capacity 17474K, committed 17536K, reserved 1048576K

Card table byte_map: [0x000001ce1bf30000,0x000001ce1c340000] byte_map_base: 0x000001ce1bb30000

Marking Bits: (ParMarkBitMap*) 0x000000005b3f7fe0
 Begin Bits: [0x000001ce1c5f0000, 0x000001ce1e5f0000)
 End Bits:   [0x000001ce1e5f0000, 0x000001ce205f0000)

Polling page: 0x000001ce0b2e0000

CodeCache: size=245760Kb used=60964Kb max_used=60964Kb free=184795Kb
 bounds [0x000001ce0cb70000, 0x000001ce10770000, 0x000001ce1bb70000]
 total_blobs=18191 nmethods=17293 adapters=808
 compilation: enabled

Compilation events (10 events):
Event: 408.292 Thread 0x000001ce214d3800 nmethod 22338 0x000001ce0fcd1f90 code [0x000001ce0fcd2120, 0x000001ce0fcd2440]
Event: 408.292 Thread 0x000001ce214d3800 22336       3       org.gradle.internal.normalization.java.impl.AnnotatableMember::compare (41 bytes)
Event: 408.292 Thread 0x000001ce214d3800 nmethod 22336 0x000001ce0fc59f50 code [0x000001ce0fc5a140, 0x000001ce0fc5aa70]
Event: 408.292 Thread 0x000001ce214d3800 22339       3       org.objectweb.asm.MethodVisitor::visitFieldInsn (20 bytes)
Event: 408.292 Thread 0x000001ce214d3800 nmethod 22339 0x000001ce0fd4b3d0 code [0x000001ce0fd4b540, 0x000001ce0fd4b7b0]
Event: 408.292 Thread 0x000001ce214d3800 22340       3       org.objectweb.asm.SymbolTable::addConstantUtf8Reference (101 bytes)
Event: 408.293 Thread 0x000001ce214d3800 nmethod 22340 0x000001ce0fc59090 code [0x000001ce0fc59280, 0x000001ce0fc59b40]
Event: 408.293 Thread 0x000001ce214d3800 22342       3       org.objectweb.asm.Type::getArgumentsAndReturnSizes (140 bytes)
Event: 408.294 Thread 0x000001ce214d3800 nmethod 22342 0x000001ce0fc57550 code [0x000001ce0fc577a0, 0x000001ce0fc58880]
Event: 408.294 Thread 0x000001ce214d3800 22341       3       org.objectweb.asm.MethodWriter::putMethodInfo (1274 bytes)

GC Heap History (10 events):
Event: 331.974 GC heap before
{Heap before GC invocations=33 (full 4):
 PSYoungGen      total 448512K, used 434002K [0x00000000d5580000, 0x00000000fd180000, 0x0000000100000000)
  eden space 370176K, 100% used [0x00000000d5580000,0x00000000ebf00000,0x00000000ebf00000)
  from space 78336K, 81% used [0x00000000f2800000,0x00000000f6654bf8,0x00000000f7480000)
  to   space 107520K, 0% used [0x00000000ebf00000,0x00000000ebf00000,0x00000000f2800000)
 ParOldGen       total 322560K, used 231621K [0x0000000080000000, 0x0000000093b00000, 0x00000000d5580000)
  object space 322560K, 71% used [0x0000000080000000,0x000000008e231678,0x0000000093b00000)
 Metaspace       used 120861K, capacity 126070K, committed 126208K, reserved 1159168K
  class space    used 15391K, capacity 16368K, committed 16384K, reserved 1048576K
Event: 331.996 GC heap after
Heap after GC invocations=33 (full 4):
 PSYoungGen      total 477696K, used 73564K [0x00000000d5580000, 0x00000000fc680000, 0x0000000100000000)
  eden space 370176K, 0% used [0x00000000d5580000,0x00000000d5580000,0x00000000ebf00000)
  from space 107520K, 68% used [0x00000000ebf00000,0x00000000f06d7278,0x00000000f2800000)
  to   space 111104K, 0% used [0x00000000f5a00000,0x00000000f5a00000,0x00000000fc680000)
 ParOldGen       total 322560K, used 231629K [0x0000000080000000, 0x0000000093b00000, 0x00000000d5580000)
  object space 322560K, 71% used [0x0000000080000000,0x000000008e233678,0x0000000093b00000)
 Metaspace       used 120861K, capacity 126070K, committed 126208K, reserved 1159168K
  class space    used 15391K, capacity 16368K, committed 16384K, reserved 1048576K
}
Event: 371.615 GC heap before
{Heap before GC invocations=34 (full 4):
 PSYoungGen      total 477696K, used 443740K [0x00000000d5580000, 0x00000000fc680000, 0x0000000100000000)
  eden space 370176K, 100% used [0x00000000d5580000,0x00000000ebf00000,0x00000000ebf00000)
  from space 107520K, 68% used [0x00000000ebf00000,0x00000000f06d7278,0x00000000f2800000)
  to   space 111104K, 0% used [0x00000000f5a00000,0x00000000f5a00000,0x00000000fc680000)
 ParOldGen       total 322560K, used 231629K [0x0000000080000000, 0x0000000093b00000, 0x00000000d5580000)
  object space 322560K, 71% used [0x0000000080000000,0x000000008e233678,0x0000000093b00000)
 Metaspace       used 121144K, capacity 126404K, committed 126592K, reserved 1159168K
  class space    used 15417K, capacity 16411K, committed 16512K, reserved 1048576K
Event: 371.684 GC heap after
Heap after GC invocations=34 (full 4):
 PSYoungGen      total 513536K, used 107818K [0x00000000d5580000, 0x00000000fdd80000, 0x0000000100000000)
  eden space 402432K, 0% used [0x00000000d5580000,0x00000000d5580000,0x00000000ede80000)
  from space 111104K, 97% used [0x00000000f5a00000,0x00000000fc34a920,0x00000000fc680000)
  to   space 126464K, 0% used [0x00000000ede80000,0x00000000ede80000,0x00000000f5a00000)
 ParOldGen       total 322560K, used 231637K [0x0000000080000000, 0x0000000093b00000, 0x00000000d5580000)
  object space 322560K, 71% used [0x0000000080000000,0x000000008e235678,0x0000000093b00000)
 Metaspace       used 121144K, capacity 126404K, committed 126592K, reserved 1159168K
  class space    used 15417K, capacity 16411K, committed 16512K, reserved 1048576K
}
Event: 372.973 GC heap before
{Heap before GC invocations=35 (full 4):
 PSYoungGen      total 513536K, used 510250K [0x00000000d5580000, 0x00000000fdd80000, 0x0000000100000000)
  eden space 402432K, 100% used [0x00000000d5580000,0x00000000ede80000,0x00000000ede80000)
  from space 111104K, 97% used [0x00000000f5a00000,0x00000000fc34a920,0x00000000fc680000)
  to   space 126464K, 0% used [0x00000000ede80000,0x00000000ede80000,0x00000000f5a00000)
 ParOldGen       total 322560K, used 231637K [0x0000000080000000, 0x0000000093b00000, 0x00000000d5580000)
  object space 322560K, 71% used [0x0000000080000000,0x000000008e235678,0x0000000093b00000)
 Metaspace       used 130346K, capacity 135660K, committed 135808K, reserved 1167360K
  class space    used 16470K, capacity 17469K, committed 17536K, reserved 1048576K
Event: 373.019 GC heap after
Heap after GC invocations=35 (full 4):
 PSYoungGen      total 528896K, used 126433K [0x00000000d5580000, 0x0000000100000000, 0x0000000100000000)
  eden space 402432K, 0% used [0x00000000d5580000,0x00000000d5580000,0x00000000ede80000)
  from space 126464K, 99% used [0x00000000ede80000,0x00000000f59f8478,0x00000000f5a00000)
  to   space 150016K, 0% used [0x00000000f6d80000,0x00000000f6d80000,0x0000000100000000)
 ParOldGen       total 322560K, used 242836K [0x0000000080000000, 0x0000000093b00000, 0x00000000d5580000)
  object space 322560K, 75% used [0x0000000080000000,0x000000008ed25168,0x0000000093b00000)
 Metaspace       used 130346K, capacity 135660K, committed 135808K, reserved 1167360K
  class space    used 16470K, capacity 17469K, committed 17536K, reserved 1048576K
}
Event: 407.962 GC heap before
{Heap before GC invocations=36 (full 4):
 PSYoungGen      total 528896K, used 528865K [0x00000000d5580000, 0x0000000100000000, 0x0000000100000000)
  eden space 402432K, 100% used [0x00000000d5580000,0x00000000ede80000,0x00000000ede80000)
  from space 126464K, 99% used [0x00000000ede80000,0x00000000f59f8478,0x00000000f5a00000)
  to   space 150016K, 0% used [0x00000000f6d80000,0x00000000f6d80000,0x0000000100000000)
 ParOldGen       total 322560K, used 242836K [0x0000000080000000, 0x0000000093b00000, 0x00000000d5580000)
  object space 322560K, 75% used [0x0000000080000000,0x000000008ed25168,0x0000000093b00000)
 Metaspace       used 130565K, capacity 135878K, committed 136064K, reserved 1167360K
  class space    used 16489K, capacity 17474K, committed 17536K, reserved 1048576K
Event: 408.027 GC heap after
Heap after GC invocations=36 (full 4):
 PSYoungGen      total 538624K, used 100789K [0x00000000d5580000, 0x0000000100000000, 0x0000000100000000)
  eden space 388608K, 0% used [0x00000000d5580000,0x00000000d5580000,0x00000000ed100000)
  from space 150016K, 67% used [0x00000000f6d80000,0x00000000fcfed6f8,0x0000000100000000)
  to   space 155136K, 0% used [0x00000000ed100000,0x00000000ed100000,0x00000000f6880000)
 ParOldGen       total 322560K, used 287128K [0x0000000080000000, 0x0000000093b00000, 0x00000000d5580000)
  object space 322560K, 89% used [0x0000000080000000,0x0000000091866168,0x0000000093b00000)
 Metaspace       used 130565K, capacity 135878K, committed 136064K, reserved 1167360K
  class space    used 16489K, capacity 17474K, committed 17536K, reserved 1048576K
}
Event: 408.027 GC heap before
{Heap before GC invocations=37 (full 5):
 PSYoungGen      total 538624K, used 100789K [0x00000000d5580000, 0x0000000100000000, 0x0000000100000000)
  eden space 388608K, 0% used [0x00000000d5580000,0x00000000d5580000,0x00000000ed100000)
  from space 150016K, 67% used [0x00000000f6d80000,0x00000000fcfed6f8,0x0000000100000000)
  to   space 155136K, 0% used [0x00000000ed100000,0x00000000ed100000,0x00000000f6880000)
 ParOldGen       total 322560K, used 287128K [0x0000000080000000, 0x0000000093b00000, 0x00000000d5580000)
  object space 322560K, 89% used [0x0000000080000000,0x0000000091866168,0x0000000093b00000)
 Metaspace       used 130565K, capacity 135878K, committed 136064K, reserved 1167360K
  class space    used 16489K, capacity 17474K, committed 17536K, reserved 1048576K
Event: 408.227 GC heap after
Heap after GC invocations=37 (full 5):
 PSYoungGen      total 538624K, used 0K [0x00000000d5580000, 0x0000000100000000, 0x0000000100000000)
  eden space 388608K, 0% used [0x00000000d5580000,0x00000000d5580000,0x00000000ed100000)
  from space 150016K, 0% used [0x00000000f6d80000,0x00000000f6d80000,0x0000000100000000)
  to   space 155136K, 0% used [0x00000000ed100000,0x00000000ed100000,0x00000000f6880000)
 ParOldGen       total 322560K, used 121305K [0x0000000080000000, 0x0000000093b00000, 0x00000000d5580000)
  object space 322560K, 37% used [0x0000000080000000,0x0000000087676460,0x0000000093b00000)
 Metaspace       used 130565K, capacity 135878K, committed 136064K, reserved 1167360K
  class space    used 16489K, capacity 17474K, committed 17536K, reserved 1048576K
}

Deoptimization events (10 events):
Event: 408.281 Thread 0x000001ce27194800 Uncommon trap: reason=unstable_if action=reinterpret pc=0x000001ce103ad1e0 method=java.io.PushbackInputStream.read([BII)I @ 60
Event: 408.288 Thread 0x000001ce27194800 Uncommon trap: reason=unstable_if action=reinterpret pc=0x000001ce0f8f1d84 method=org.gradle.internal.normalization.java.impl.AnnotatableMember.compare(Lorg/gradle/internal/normalization/java/impl/AnnotatableMember;)Lcom/google/common/collect/ComparisonCh
Event: 408.288 Thread 0x000001ce27194800 Uncommon trap: reason=unstable_if action=reinterpret pc=0x000001ce0ec56ba4 method=org.gradle.internal.normalization.java.impl.AnnotatableMember.compare(Lorg/gradle/internal/normalization/java/impl/AnnotatableMember;)Lcom/google/common/collect/ComparisonCh
Event: 408.288 Thread 0x000001ce27194800 Uncommon trap: reason=unstable_if action=reinterpret pc=0x000001ce0e4d672c method=org.gradle.internal.normalization.java.impl.AnnotatableMember.compare(Lorg/gradle/internal/normalization/java/impl/AnnotatableMember;)Lcom/google/common/collect/ComparisonCh
Event: 408.290 Thread 0x000001ce27194800 Uncommon trap: reason=unstable_if action=reinterpret pc=0x000001ce0d7f8148 method=org.objectweb.asm.ByteVector.putUTF8(Ljava/lang/String;)Lorg/objectweb/asm/ByteVector; @ 100
Event: 408.290 Thread 0x000001ce27194800 Uncommon trap: reason=unstable_if action=reinterpret pc=0x000001ce0d747598 method=org.gradle.internal.normalization.java.impl.ApiMemberSelector.visitAnnotationMembers(Lorg/objectweb/asm/FieldVisitor;Ljava/util/Set;)V @ 13
Event: 408.290 Thread 0x000001ce27194800 Uncommon trap: reason=unstable_if action=reinterpret pc=0x000001ce0d3ad094 method=org.objectweb.asm.FieldWriter.putFieldInfo(Lorg/objectweb/asm/ByteVector;)V @ 105
Event: 408.292 Thread 0x000001ce27194800 Uncommon trap: reason=unstable_if action=reinterpret pc=0x000001ce0d9152b0 method=org.objectweb.asm.Type.getArgumentsAndReturnSizes(Ljava/lang/String;)I @ 117
Event: 408.292 Thread 0x000001ce27194800 Uncommon trap: reason=unstable_if action=reinterpret pc=0x000001ce0df65468 method=org.objectweb.asm.MethodWriter.computeMethodInfoSize()I @ 451
Event: 408.293 Thread 0x000001ce27194800 Uncommon trap: reason=unstable_if action=reinterpret pc=0x000001ce0dc50324 method=org.objectweb.asm.MethodWriter.putMethodInfo(Lorg/objectweb/asm/ByteVector;)V @ 190

Classes redefined (0 events):
No events

Internal exceptions (10 events):
Event: 362.333 Thread 0x000001ce239c6800 Exception <a 'java/net/ConnectException': Connection refused: connect> (0x00000000d64cf718) thrown at [C:\jenkins\workspace\8-2-build-windows-amd64-cygwin\jdk8u291\1294\hotspot\src\share\vm\prims\jni.cpp, line 737]
Event: 364.349 Thread 0x000001ce239c6800 Exception <a 'java/net/ConnectException': Connection refused: connect> (0x00000000d64d0018) thrown at [C:\jenkins\workspace\8-2-build-windows-amd64-cygwin\jdk8u291\1294\hotspot\src\share\vm\prims\jni.cpp, line 737]
Event: 370.678 Thread 0x000001ce2719b000 Implicit null exception at 0x000001ce0fda3b66 to 0x000001ce0fda5519
Event: 375.706 Thread 0x000001ce2719b000 Exception <a 'java/net/ConnectException': Connection refused: connect> (0x00000000eb421ff0) thrown at [C:\jenkins\workspace\8-2-build-windows-amd64-cygwin\jdk8u291\1294\hotspot\src\share\vm\prims\jni.cpp, line 737]
Event: 377.718 Thread 0x000001ce2719b000 Exception <a 'java/net/ConnectException': Connection refused: connect> (0x00000000eb423090) thrown at [C:\jenkins\workspace\8-2-build-windows-amd64-cygwin\jdk8u291\1294\hotspot\src\share\vm\prims\jni.cpp, line 737]
Event: 379.729 Thread 0x000001ce2719b000 Exception <a 'java/net/ConnectException': Connection refused: connect> (0x00000000eb424130) thrown at [C:\jenkins\workspace\8-2-build-windows-amd64-cygwin\jdk8u291\1294\hotspot\src\share\vm\prims\jni.cpp, line 737]
Event: 381.731 Thread 0x000001ce2719b000 Exception <a 'java/net/ConnectException': Connection refused: connect> (0x00000000eb426dd8) thrown at [C:\jenkins\workspace\8-2-build-windows-amd64-cygwin\jdk8u291\1294\hotspot\src\share\vm\prims\jni.cpp, line 737]
Event: 383.742 Thread 0x000001ce2719b000 Exception <a 'java/net/ConnectException': Connection refused: connect> (0x00000000eb427e78) thrown at [C:\jenkins\workspace\8-2-build-windows-amd64-cygwin\jdk8u291\1294\hotspot\src\share\vm\prims\jni.cpp, line 737]
Event: 385.753 Thread 0x000001ce2719b000 Exception <a 'java/net/ConnectException': Connection refused: connect> (0x00000000eb428f18) thrown at [C:\jenkins\workspace\8-2-build-windows-amd64-cygwin\jdk8u291\1294\hotspot\src\share\vm\prims\jni.cpp, line 737]
Event: 385.756 Thread 0x000001ce271aa000 Exception <a 'java/lang/InterruptedException'> (0x00000000eb492308) thrown at [C:\jenkins\workspace\8-2-build-windows-amd64-cygwin\jdk8u291\1294\hotspot\src\share\vm\runtime\objectMonitor.cpp, line 1686]

Events (10 events):
Event: 408.290 Thread 0x000001ce27194800 DEOPT UNPACKING pc=0x000001ce0cbb5843 sp=0x000000b4478fc350 mode 2
Event: 408.292 Thread 0x000001ce27194800 Uncommon trap: trap_request=0xffffff65 fr.pc=0x000001ce0d9152b0
Event: 408.292 Thread 0x000001ce27194800 DEOPT PACKING pc=0x000001ce0d9152b0 sp=0x000000b4478fc050
Event: 408.292 Thread 0x000001ce27194800 DEOPT UNPACKING pc=0x000001ce0cbb5843 sp=0x000000b4478fbfd8 mode 2
Event: 408.292 Thread 0x000001ce27194800 Uncommon trap: trap_request=0xffffff65 fr.pc=0x000001ce0df65468
Event: 408.292 Thread 0x000001ce27194800 DEOPT PACKING pc=0x000001ce0df65468 sp=0x000000b4478fc3c0
Event: 408.292 Thread 0x000001ce27194800 DEOPT UNPACKING pc=0x000001ce0cbb5843 sp=0x000000b4478fc360 mode 2
Event: 408.293 Thread 0x000001ce27194800 Uncommon trap: trap_request=0xffffff65 fr.pc=0x000001ce0dc50324
Event: 408.293 Thread 0x000001ce27194800 DEOPT PACKING pc=0x000001ce0dc50324 sp=0x000000b4478fc370
Event: 408.293 Thread 0x000001ce27194800 DEOPT UNPACKING pc=0x000001ce0cbb5843 sp=0x000000b4478fc330 mode 2


Dynamic libraries:
0x00007ff775da0000 - 0x00007ff775de7000 	C:\Program Files\Java\jdk1.8.0_291\bin\java.exe
0x00007ffe90140000 - 0x00007ffe90330000 	C:\Windows\SYSTEM32\ntdll.dll
0x00007ffe8fc00000 - 0x00007ffe8fcb2000 	C:\Windows\System32\KERNEL32.DLL
0x00007ffe8d190000 - 0x00007ffe8d433000 	C:\Windows\System32\KERNELBASE.dll
0x00007ffe8f3d0000 - 0x00007ffe8f473000 	C:\Windows\System32\ADVAPI32.dll
0x00007ffe8f630000 - 0x00007ffe8f6ce000 	C:\Windows\System32\msvcrt.dll
0x00007ffe8fcc0000 - 0x00007ffe8fd57000 	C:\Windows\System32\sechost.dll
0x00007ffe8e370000 - 0x00007ffe8e490000 	C:\Windows\System32\RPCRT4.dll
0x00007ffe8ff60000 - 0x00007ffe900f4000 	C:\Windows\System32\USER32.dll
0x00007ffe8d0d0000 - 0x00007ffe8d0f1000 	C:\Windows\System32\win32u.dll
0x00007ffe8e340000 - 0x00007ffe8e366000 	C:\Windows\System32\GDI32.dll
0x00007ffe8d5b0000 - 0x00007ffe8d744000 	C:\Windows\System32\gdi32full.dll
0x00007ffe8e150000 - 0x00007ffe8e1ee000 	C:\Windows\System32\msvcp_win.dll
0x00007ffe8e050000 - 0x00007ffe8e14a000 	C:\Windows\System32\ucrtbase.dll
0x00007ffe85d80000 - 0x00007ffe86005000 	C:\Windows\WinSxS\amd64_microsoft.windows.common-controls_6595b64144ccf1df_6.0.18362.592_none_e6c0b1911312be02\COMCTL32.dll
0x00007ffe8e6d0000 - 0x00007ffe8ea06000 	C:\Windows\System32\combase.dll
0x00007ffe8dfd0000 - 0x00007ffe8e050000 	C:\Windows\System32\bcryptPrimitives.dll
0x00007ffe8f600000 - 0x00007ffe8f62e000 	C:\Windows\System32\IMM32.DLL
0x00007ffe8b160000 - 0x00007ffe8b175000 	C:\Program Files\Java\jdk1.8.0_291\jre\bin\vcruntime140.dll
0x00007ffe6f800000 - 0x00007ffe6f89b000 	C:\Program Files\Java\jdk1.8.0_291\jre\bin\msvcp140.dll
0x000000005ac10000 - 0x000000005b470000 	C:\Program Files\Java\jdk1.8.0_291\jre\bin\server\jvm.dll
0x00007ffe8e1f0000 - 0x00007ffe8e1f8000 	C:\Windows\System32\PSAPI.DLL
0x00007ffe8aba0000 - 0x00007ffe8abc4000 	C:\Windows\SYSTEM32\WINMM.dll
0x00007ffe88b00000 - 0x00007ffe88b0a000 	C:\Windows\SYSTEM32\VERSION.dll
0x00007ffe77a00000 - 0x00007ffe77a09000 	C:\Windows\SYSTEM32\WSOCK32.dll
0x00007ffe8e660000 - 0x00007ffe8e6cf000 	C:\Windows\System32\WS2_32.dll
0x00007ffe8ab70000 - 0x00007ffe8ab9d000 	C:\Windows\SYSTEM32\WINMMBASE.dll
0x00007ffe8df80000 - 0x00007ffe8dfca000 	C:\Windows\System32\cfgmgr32.dll
0x00007ffe8d060000 - 0x00007ffe8d071000 	C:\Windows\System32\kernel.appcore.dll
0x00007ffe8b120000 - 0x00007ffe8b130000 	C:\Program Files\Java\jdk1.8.0_291\jre\bin\verify.dll
0x00007ffe89930000 - 0x00007ffe8995b000 	C:\Program Files\Java\jdk1.8.0_291\jre\bin\java.dll
0x00007ffe81d60000 - 0x00007ffe81d78000 	C:\Program Files\Java\jdk1.8.0_291\jre\bin\zip.dll
0x00007ffe8ea70000 - 0x00007ffe8f155000 	C:\Windows\System32\SHELL32.dll
0x00007ffe8f480000 - 0x00007ffe8f529000 	C:\Windows\System32\shcore.dll
0x00007ffe8d750000 - 0x00007ffe8decf000 	C:\Windows\System32\windows.storage.dll
0x00007ffe8d040000 - 0x00007ffe8d05f000 	C:\Windows\System32\profapi.dll
0x00007ffe8d080000 - 0x00007ffe8d0ca000 	C:\Windows\System32\powrprof.dll
0x00007ffe8d010000 - 0x00007ffe8d020000 	C:\Windows\System32\UMPDC.dll
0x00007ffe8f160000 - 0x00007ffe8f1b2000 	C:\Windows\System32\shlwapi.dll
0x00007ffe8d440000 - 0x00007ffe8d457000 	C:\Windows\System32\cryptsp.dll
0x00007ffe81d40000 - 0x00007ffe81d5c000 	C:\Program Files\Java\jdk1.8.0_291\jre\bin\net.dll
0x00007ffe8c880000 - 0x00007ffe8c8e7000 	C:\Windows\system32\mswsock.dll
0x00007ffe7f7b0000 - 0x00007ffe7f7c3000 	C:\Program Files\Java\jdk1.8.0_291\jre\bin\nio.dll
0x00007ffe73810000 - 0x00007ffe73837000 	E:\Android\gradle\native\fdc75f09e3144964f2cf3f50f0aa648679c211496f362492102eb8c894070792\windows-amd64\native-platform.dll
0x00007ffe51110000 - 0x00007ffe512a6000 	E:\Android\gradle\native\12488b8bf47d2d4c9fbf2f6322a914ad602e24e48041cd04a747c6da556b65c4\windows-amd64\native-platform-file-events.dll
0x00007ffe89920000 - 0x00007ffe8992d000 	C:\Program Files\Java\jdk1.8.0_291\jre\bin\management.dll
0x00007ffe8c3f0000 - 0x00007ffe8c423000 	C:\Windows\system32\rsaenh.dll
0x00007ffe8d100000 - 0x00007ffe8d126000 	C:\Windows\System32\bcrypt.dll
0x00007ffe8cf30000 - 0x00007ffe8cf55000 	C:\Windows\SYSTEM32\USERENV.dll
0x00007ffe8ca50000 - 0x00007ffe8ca5c000 	C:\Windows\SYSTEM32\CRYPTBASE.dll
0x00007ffe8c590000 - 0x00007ffe8c5ca000 	C:\Windows\SYSTEM32\IPHLPAPI.DLL
0x00007ffe8ff50000 - 0x00007ffe8ff58000 	C:\Windows\System32\NSI.dll
0x00007ffe7f0a0000 - 0x00007ffe7f0b6000 	C:\Windows\SYSTEM32\dhcpcsvc6.DLL
0x00007ffe7f200000 - 0x00007ffe7f21c000 	C:\Windows\SYSTEM32\dhcpcsvc.DLL
0x00007ffe8c5d0000 - 0x00007ffe8c69a000 	C:\Windows\SYSTEM32\DNSAPI.dll
0x00007ffe7f0c0000 - 0x00007ffe7f0cb000 	C:\Windows\SYSTEM32\WINNSI.DLL
0x0000000066e00000 - 0x0000000066f03000 	C:\Users\13967\AppData\Local\Temp\sqlite-3.25.2-d62de02e-0470-4276-9659-532a2860e116-sqlitejdbc.dll
0x00007ffe84ac0000 - 0x00007ffe84ade000 	C:\Users\13967\AppData\Local\Temp\native-platform4686582224345091890dir\native-platform.dll
0x0000000000fa0000 - 0x00000000010a3000 	C:\Users\13967\AppData\Local\Temp\sqlite-3.25.2-8d6ac8d7-2302-4ac6-be43-821dc54a3c9d-sqlitejdbc.dll
0x00000000010b0000 - 0x00000000011b3000 	C:\Users\13967\AppData\Local\Temp\sqlite-3.25.2-18d92399-93ab-414e-be7f-00cd788f987e-sqlitejdbc.dll

VM Arguments:
jvm_args: -Xmx2048m -Dfile.encoding=UTF-8 -Duser.country=CN -Duser.language=zh -Duser.variant 
java_command: org.gradle.launcher.daemon.bootstrap.GradleDaemon 6.7.1
java_class_path (initial): E:\Android\gradle\wrapper\dists\gradle-6.7.1-bin\bwlcbys1h7rz3272sye1xwiv6\gradle-6.7.1\lib\gradle-launcher-6.7.1.jar
Launcher Type: SUN_STANDARD

Environment Variables:
JAVA_HOME=C:\Program Files\Java\jdk1.8.0_291
CLASSPATH=.;C:\Program Files\Java\jdk1.8.0_291\lib\dt.jar;C:\Program Files\Java\jdk1.8.0_291\lib\tools.jar 
PATH=E:\1√¸¡Ó◊¿√Ê;E:\Android\flutter_windows_2.0.1-stable\flutter\bin;indows\system32;C:\Windows;C:\Windows\System32\Wbem;C:\Windows\System32\WindowsPowerShell\v1.0\;C:\Windows\System32\OpenSSH\;C:\Users\13967\AppData\Local\Programs\Python\Python37;C:\ProgramData\chocolatey\bin;C:\Program Files (x86)\NVIDIA Corporation\PhysX\Common;C:\Program Files\NVIDIA Corporation\NVIDIA NvDLISR;E:\Android\gradle\bin;C:\Program Files (x86)\QuickTime\QTSystem\;G:\Linux\LxRunOffline-v3.5.0-mingw;E:\Android\SDK\platform-tools;E:\Git\cmd;C:\Windows\System32;E:\Git\bin;E:\Android\maven\apache-maven-3.3.9-bin\apache-maven-3.3.9\bin;E:\Android\gradle\bin;E:\Android\Tool-master;C:\cygwin64\bin;C:\Program Files\koltin\kotlin-compiler-1.4.32\kotlinc\bin;C:\Program Files\Java\jdk1.8.0_291\bin;C:\Program Files\Java\jdk1.8.0_291\jre\bin;E:\mysql-8.0.24-winx64\mysql-8.0.24-winx64\bin;E:\SSH\;E:\apache-tomcat-10.0.6\bin;E:\Android\SDK\platform-tools;E:\Android\gradle\wrapper\dists\gradle-7.1.1-bin\f29rtwfnc96ub43tt7p47zsru\gradle-7.1.1\bin;E:\Android\gradle\nodejs\node-v12.16.1-win-x64;E:\Android\SDK\tools;E:\Android\gradle\nodejs\node-v12.16.1-win-x64\node_modules\hexo\bin;E:\Android\gradle\nodejs\node-v12.16.1-win-x64\node_modules\n\bin;C:\Python27;C:\Program Files\python-3.9.6-embed-amd64\pip-21.2.1\pip-21.2.1;C:\Program Files\Intel\WiFi\bin\;C:\Program Files\Common Files\Intel\WirelessCommon\;E:\Android\SDK\tools\bin;G:\Android∑¥±‡“Î\dex2jar-2.0\dex2jar-2.0;C:\Users\13967\AppData\Local\Microsoft\WindowsApps;C:\Users\13967\AppData\Local\GitHubDesktop\bin;E:\mitmproxy\bin;C:\Program Files\Intel\WiFi\bin\;C:\Program Files\Common Files\Intel\WirelessCommon\
USERNAME=13967
OS=Windows_NT
PROCESSOR_IDENTIFIER=AMD64 Family 23 Model 113 Stepping 0, AuthenticAMD



---------------  S Y S T E M  ---------------

OS: Windows 10.0 , 64 bit Build 18362 (10.0.18362.329)

CPU:total 12 (initial active 12) (12 cores per cpu, 1 threads per core) family 23 model 113 stepping 0, cmov, cx8, fxsr, mmx, sse, sse2, sse3, ssse3, sse4.1, sse4.2, popcnt, avx, avx2, aes, clmul, mmxext, 3dnowpref, lzcnt, sse4a, tsc, tscinvbit, tscinv, bmi1

Memory: 4k page, physical 16725344k(3692144k free), swap 23541088k(3696k free)

vm_info: Java HotSpot(TM) 64-Bit Server VM (25.291-b10) for windows-amd64 JRE (1.8.0_291-b10), built on Apr  9 2021 00:02:00 by "java_re" with MS VC++ 15.9 (VS2017)

time: Wed Nov  3 22:29:42 2021
timezone: ?D1®≤°¿®∫°¡?®∫°¿??
elapsed time: 408.303859 seconds (0d 0h 6m 48s)

