#
# There is insufficient memory for the Java Runtime Environment to continue.
# Native memory allocation (malloc) failed to allocate 1253376 bytes for Chunk::new
# Possible reasons:
#   The system is out of physical RAM or swap space
#   The process is running with CompressedOops enabled, and the Java Heap may be blocking the growth of the native heap
# Possible solutions:
#   Reduce memory load on the system
#   Increase physical memory or swap space
#   Check if swap backing store is full
#   Decrease Java heap size (-Xmx/-Xms)
#   Decrease number of Java threads
#   Decrease Java thread stack sizes (-Xss)
#   Set larger code cache with -XX:ReservedCodeCacheSize=
#   JVM is running with Unscaled Compressed Oops mode in which the Java heap is
#     placed in the first 4GB address space. The Java Heap base address is the
#     maximum limit for the native heap growth. Please use -XX:HeapBaseMinAddress
#     to set the Java Heap base and to place the Java Heap above 4GB virtual address.
# This output file may be truncated or incomplete.
#
#  Out of Memory Error (allocation.cpp:389), pid=2532, tid=0x00000000000006c0
#
# JRE version: Java(TM) SE Runtime Environment (8.0_291-b10) (build 1.8.0_291-b10)
# Java VM: Java HotSpot(TM) 64-Bit Server VM (25.291-b10 mixed mode windows-amd64 compressed oops)
# Failed to write core dump. Minidumps are not enabled by default on client versions of Windows
#

---------------  T H R E A D  ---------------

Current thread (0x000002d477ebe800):  JavaThread "C2 CompilerThread0" daemon [_thread_in_native, id=1728, stack(0x000000e601400000,0x000000e601500000)]

Stack: [0x000000e601400000,0x000000e601500000]
Native frames: (J=compiled Java code, j=interpreted, Vv=VM code, C=native code)
V  [jvm.dll+0x32ea19]
V  [jvm.dll+0x275462]
V  [jvm.dll+0x27610d]
V  [jvm.dll+0x26cb45]
V  [jvm.dll+0xd524c]
V  [jvm.dll+0xd5a4c]
V  [jvm.dll+0x452872]
V  [jvm.dll+0x48dcdd]
V  [jvm.dll+0x442199]
V  [jvm.dll+0x43fae4]
V  [jvm.dll+0x42aa57]
V  [jvm.dll+0xabeeb]
V  [jvm.dll+0xaa54b]
V  [jvm.dll+0x23db02]
V  [jvm.dll+0x29210c]
C  [ucrtbase.dll+0x20e72]
C  [KERNEL32.DLL+0x17bd4]
C  [ntdll.dll+0x6ced1]


Current CompileTask:
C2:1378083 24671 %     4       com.android.tools.r8.ir.regalloc.a::a @ 2126 (4001 bytes)


---------------  P R O C E S S  ---------------

Java Threads: ( => current thread )
  0x000002d47e640000 JavaThread "WorkerExecutor Queue Thread 14" [_thread_blocked, id=21492, stack(0x000000e60d300000,0x000000e60d400000)]
  0x000002d47e642800 JavaThread "WorkerExecutor Queue Thread 13" [_thread_blocked, id=5524, stack(0x000000e60d200000,0x000000e60d300000)]
  0x000002d47e643000 JavaThread "WorkerExecutor Queue Thread 12" [_thread_blocked, id=12972, stack(0x000000e60d100000,0x000000e60d200000)]
  0x000002d47e647000 JavaThread "WorkerExecutor Queue Thread 11" [_thread_blocked, id=22632, stack(0x000000e60d000000,0x000000e60d100000)]
  0x000002d47e63e800 JavaThread "WorkerExecutor Queue Thread 10" [_thread_blocked, id=8608, stack(0x000000e60cf00000,0x000000e60d000000)]
  0x000002d47e63f800 JavaThread "WorkerExecutor Queue Thread 9" [_thread_blocked, id=5312, stack(0x000000e60ce00000,0x000000e60cf00000)]
  0x000002d47e645800 JavaThread "WorkerExecutor Queue Thread 8" [_thread_in_Java, id=6616, stack(0x000000e60c900000,0x000000e60ca00000)]
  0x000002d47e644800 JavaThread "WorkerExecutor Queue Thread 7" [_thread_in_Java, id=24840, stack(0x000000e60c800000,0x000000e60c900000)]
  0x000002d47e637000 JavaThread "WorkerExecutor Queue Thread 6" [_thread_in_Java, id=16004, stack(0x000000e60c700000,0x000000e60c800000)]
  0x000002d47e63e000 JavaThread "WorkerExecutor Queue Thread 5" [_thread_blocked, id=26412, stack(0x000000e60bc00000,0x000000e60bd00000)]
  0x000002d47e636800 JavaThread "Cache worker for Java compile cache (G:\AndroidStudioProjects\APP\yuehaoting\.gradle\6.7.1\javaCompile)" [_thread_blocked, id=13840, stack(0x000000e60c600000,0x000000e60c700000)]
  0x000002d47e63d000 JavaThread "Cache worker for Java compile cache (E:\Android\gradle\caches\6.7.1\javaCompile)" [_thread_blocked, id=4084, stack(0x000000e60c400000,0x000000e60c500000)]
  0x000002d47e638000 JavaThread "RMI TCP Connection(9)-127.0.0.1" daemon [_thread_in_native, id=23708, stack(0x000000e60c100000,0x000000e60c200000)]
  0x000002d47e632800 JavaThread "RMI TCP Connection(10)-127.0.0.1" daemon [_thread_in_native, id=25908, stack(0x000000e60bd00000,0x000000e60be00000)]
  0x000002d47e635800 JavaThread "WorkerExecutor Queue Thread 4" [_thread_in_Java, id=23396, stack(0x000000e60c300000,0x000000e60c400000)]
  0x000002d47e639800 JavaThread "RMI TCP Connection(idle)" daemon [_thread_blocked, id=24892, stack(0x000000e60c200000,0x000000e60c300000)]
  0x000002d47e63b000 JavaThread "stdout" [_thread_in_native, id=24336, stack(0x000000e60c000000,0x000000e60c100000)]
  0x000002d47e62e000 JavaThread "stderr" [_thread_in_native, id=2920, stack(0x000000e60bf00000,0x000000e60c000000)]
  0x000002d47e633800 JavaThread "pool-8-thread-1" [_thread_blocked, id=20612, stack(0x000000e60be00000,0x000000e60bf00000)]
  0x000002d47e631000 JavaThread "WorkerExecutor Queue" [_thread_in_native, id=12572, stack(0x000000e60bb00000,0x000000e60bc00000)]
  0x000002d47e62f000 JavaThread "Cache worker for execution history cache (G:\AndroidStudioProjects\APP\yuehaoting\.gradle\6.7.1\executionHistory)" [_thread_blocked, id=3348, stack(0x000000e60ba00000,0x000000e60bb00000)]
  0x000002d47e62f800 JavaThread "Execution worker for ':' Thread 11" [_thread_blocked, id=5444, stack(0x000000e60b900000,0x000000e60ba00000)]
  0x000002d47e632000 JavaThread "Execution worker for ':' Thread 10" [_thread_blocked, id=25880, stack(0x000000e60b800000,0x000000e60b900000)]
  0x000002d47eaa8800 JavaThread "Execution worker for ':' Thread 9" [_thread_blocked, id=20504, stack(0x000000e60b700000,0x000000e60b800000)]
  0x000002d47eaa8000 JavaThread "Execution worker for ':' Thread 8" [_thread_blocked, id=3756, stack(0x000000e60b600000,0x000000e60b700000)]
  0x000002d47eaa7000 JavaThread "Execution worker for ':' Thread 7" [_thread_blocked, id=10688, stack(0x000000e60b500000,0x000000e60b600000)]
  0x000002d47eaab800 JavaThread "Execution worker for ':' Thread 6" [_thread_blocked, id=17388, stack(0x000000e60b400000,0x000000e60b500000)]
  0x000002d47eaab000 JavaThread "Execution worker for ':' Thread 5" [_thread_blocked, id=2076, stack(0x000000e60b300000,0x000000e60b400000)]
  0x000002d47eaa9800 JavaThread "Execution worker for ':' Thread 4" [_thread_blocked, id=21800, stack(0x000000e60b200000,0x000000e60b300000)]
  0x000002d47eaaa000 JavaThread "Execution worker for ':' Thread 3" [_thread_blocked, id=18968, stack(0x000000e60b000000,0x000000e60b100000)]
  0x000002d47ea9f800 JavaThread "Execution worker for ':' Thread 2" [_thread_blocked, id=17284, stack(0x000000e60af00000,0x000000e60b000000)]
  0x000002d47eaa6800 JavaThread "Execution worker for ':'" [_thread_blocked, id=26172, stack(0x000000e60ae00000,0x000000e60af00000)]
  0x000002d47ea9e800 JavaThread "build event listener" [_thread_blocked, id=18244, stack(0x000000e60ad00000,0x000000e60ae00000)]
  0x000002d47eaa5800 JavaThread "build event listener" [_thread_blocked, id=23960, stack(0x000000e60ac00000,0x000000e60ad00000)]
  0x000002d47ea9e000 JavaThread "jar transforms Thread 234" [_thread_blocked, id=21528, stack(0x000000e60ab00000,0x000000e60ac00000)]
  0x000002d47eaa4000 JavaThread "jar transforms Thread 233" [_thread_blocked, id=12492, stack(0x000000e60aa00000,0x000000e60ab00000)]
  0x000002d47ea9d000 JavaThread "jar transforms Thread 232" [_thread_blocked, id=26280, stack(0x000000e60a900000,0x000000e60aa00000)]
  0x000002d47ea9c800 JavaThread "jar transforms Thread 231" [_thread_blocked, id=24548, stack(0x000000e60a800000,0x000000e60a900000)]
  0x000002d47eaa3000 JavaThread "jar transforms Thread 230" [_thread_blocked, id=22992, stack(0x000000e60a700000,0x000000e60a800000)]
  0x000002d47eaa2800 JavaThread "jar transforms Thread 229" [_thread_blocked, id=4080, stack(0x000000e60a600000,0x000000e60a700000)]
  0x000002d47eaa1800 JavaThread "jar transforms Thread 228" [_thread_blocked, id=23368, stack(0x000000e60a500000,0x000000e60a600000)]
  0x000002d47eaa1000 JavaThread "jar transforms Thread 227" [_thread_blocked, id=19612, stack(0x000000e60a400000,0x000000e60a500000)]
  0x000002d47eaa0000 JavaThread "jar transforms Thread 226" [_thread_blocked, id=7652, stack(0x000000e60a300000,0x000000e60a400000)]
  0x000002d47e97f800 JavaThread "jar transforms Thread 225" [_thread_blocked, id=17204, stack(0x000000e60a200000,0x000000e60a300000)]
  0x000002d47e97e800 JavaThread "jar transforms Thread 224" [_thread_blocked, id=26212, stack(0x000000e60a100000,0x000000e60a200000)]
  0x000002d47e97d000 JavaThread "jar transforms Thread 223" [_thread_blocked, id=12520, stack(0x000000e60a000000,0x000000e60a100000)]
  0x000002d47e97c800 JavaThread "jar transforms Thread 222" [_thread_blocked, id=14180, stack(0x000000e609f00000,0x000000e60a000000)]
  0x000002d47e981000 JavaThread "jar transforms Thread 221" [_thread_blocked, id=14328, stack(0x000000e609e00000,0x000000e609f00000)]
  0x000002d47e981800 JavaThread "jar transforms Thread 220" [_thread_blocked, id=15072, stack(0x000000e609d00000,0x000000e609e00000)]
  0x000002d47e97e000 JavaThread "jar transforms Thread 219" [_thread_blocked, id=19384, stack(0x000000e609c00000,0x000000e609d00000)]
  0x000002d47e980000 JavaThread "jar transforms Thread 218" [_thread_blocked, id=23048, stack(0x000000e609b00000,0x000000e609c00000)]
  0x000002d47e97b800 JavaThread "jar transforms Thread 217" [_thread_blocked, id=11260, stack(0x000000e609a00000,0x000000e609b00000)]
  0x000002d47e97b000 JavaThread "jar transforms Thread 216" [_thread_blocked, id=6532, stack(0x000000e609900000,0x000000e609a00000)]
  0x000002d47e975800 JavaThread "jar transforms Thread 215" [_thread_blocked, id=24972, stack(0x000000e609800000,0x000000e609900000)]
  0x000002d47e976800 JavaThread "jar transforms Thread 214" [_thread_blocked, id=26480, stack(0x000000e609700000,0x000000e609800000)]
  0x000002d47e973800 JavaThread "jar transforms Thread 213" [_thread_blocked, id=18052, stack(0x000000e609600000,0x000000e609700000)]
  0x000002d47e97a000 JavaThread "jar transforms Thread 212" [_thread_blocked, id=14900, stack(0x000000e609500000,0x000000e609600000)]
  0x000002d47e974000 JavaThread "jar transforms Thread 211" [_thread_blocked, id=19640, stack(0x000000e609400000,0x000000e609500000)]
  0x000002d47e972800 JavaThread "jar transforms Thread 210" [_thread_blocked, id=25344, stack(0x000000e609300000,0x000000e609400000)]
  0x000002d47e975000 JavaThread "jar transforms Thread 209" [_thread_blocked, id=22896, stack(0x000000e609200000,0x000000e609300000)]
  0x000002d47e978800 JavaThread "jar transforms Thread 208" [_thread_blocked, id=12648, stack(0x000000e609100000,0x000000e609200000)]
  0x000002d47e978000 JavaThread "jar transforms Thread 207" [_thread_blocked, id=19928, stack(0x000000e609000000,0x000000e609100000)]
  0x000002d47e979800 JavaThread "jar transforms Thread 206" [_thread_blocked, id=19376, stack(0x000000e608f00000,0x000000e609000000)]
  0x000002d47e977000 JavaThread "jar transforms Thread 205" [_thread_blocked, id=23780, stack(0x000000e608e00000,0x000000e608f00000)]
  0x000002d47cf45000 JavaThread "jar transforms Thread 204" [_thread_blocked, id=22060, stack(0x000000e608d00000,0x000000e608e00000)]
  0x000002d47cf43800 JavaThread "jar transforms Thread 203" [_thread_blocked, id=24132, stack(0x000000e608c00000,0x000000e608d00000)]
  0x000002d47cf42800 JavaThread "jar transforms Thread 202" [_thread_blocked, id=1504, stack(0x000000e608b00000,0x000000e608c00000)]
  0x000002d47cf46800 JavaThread "jar transforms Thread 201" [_thread_blocked, id=10476, stack(0x000000e608a00000,0x000000e608b00000)]
  0x000002d47cf42000 JavaThread "jar transforms Thread 200" [_thread_blocked, id=25952, stack(0x000000e608900000,0x000000e608a00000)]
  0x000002d47cf47000 JavaThread "jar transforms Thread 199" [_thread_blocked, id=2608, stack(0x000000e608800000,0x000000e608900000)]
  0x000002d47cf45800 JavaThread "jar transforms Thread 198" [_thread_blocked, id=4752, stack(0x000000e608700000,0x000000e608800000)]
  0x000002d47cf41000 JavaThread "jar transforms Thread 197" [_thread_blocked, id=22276, stack(0x000000e608600000,0x000000e608700000)]
  0x000002d47cf44000 JavaThread "jar transforms Thread 196" [_thread_blocked, id=22688, stack(0x000000e608500000,0x000000e608600000)]
  0x000002d47cf39800 JavaThread "jar transforms Thread 195" [_thread_blocked, id=15348, stack(0x000000e608400000,0x000000e608500000)]
  0x000002d47cf40800 JavaThread "jar transforms Thread 194" [_thread_blocked, id=18400, stack(0x000000e608300000,0x000000e608400000)]
  0x000002d47cf3f800 JavaThread "jar transforms Thread 193" [_thread_blocked, id=4052, stack(0x000000e608200000,0x000000e608300000)]
  0x000002d47cf38000 JavaThread "jar transforms Thread 192" [_thread_blocked, id=9336, stack(0x000000e608100000,0x000000e608200000)]
  0x000002d47cf3f000 JavaThread "jar transforms Thread 191" [_thread_blocked, id=2448, stack(0x000000e608000000,0x000000e608100000)]
  0x000002d47cf3d800 JavaThread "jar transforms Thread 190" [_thread_blocked, id=12852, stack(0x000000e607f00000,0x000000e608000000)]
  0x000002d47cf3a000 JavaThread "jar transforms Thread 189" [_thread_blocked, id=17384, stack(0x000000e607e00000,0x000000e607f00000)]
  0x000002d47cf3b800 JavaThread "jar transforms Thread 188" [_thread_blocked, id=13368, stack(0x000000e607d00000,0x000000e607e00000)]
  0x000002d47cf38800 JavaThread "jar transforms Thread 187" [_thread_blocked, id=25812, stack(0x000000e607c00000,0x000000e607d00000)]
  0x000002d47cf3b000 JavaThread "jar transforms Thread 186" [_thread_blocked, id=896, stack(0x000000e607b00000,0x000000e607c00000)]
  0x000002d47cf3e000 JavaThread "jar transforms Thread 185" [_thread_blocked, id=22792, stack(0x000000e607a00000,0x000000e607b00000)]
  0x000002d47cf3c800 JavaThread "jar transforms Thread 184" [_thread_blocked, id=25052, stack(0x000000e607900000,0x000000e607a00000)]
  0x000002d47d34d000 JavaThread "jar transforms Thread 183" [_thread_blocked, id=3232, stack(0x000000e607800000,0x000000e607900000)]
  0x000002d47d34b000 JavaThread "jar transforms Thread 182" [_thread_blocked, id=26556, stack(0x000000e607700000,0x000000e607800000)]
  0x000002d47d34b800 JavaThread "jar transforms Thread 181" [_thread_blocked, id=11880, stack(0x000000e607600000,0x000000e607700000)]
  0x000002d47d34a000 JavaThread "jar transforms Thread 180" [_thread_blocked, id=24932, stack(0x000000e607500000,0x000000e607600000)]
  0x000002d47d349800 JavaThread "jar transforms Thread 179" [_thread_blocked, id=9328, stack(0x000000e607400000,0x000000e607500000)]
  0x000002d47d34c800 JavaThread "jar transforms Thread 178" [_thread_blocked, id=19388, stack(0x000000e607300000,0x000000e607400000)]
  0x000002d47d348800 JavaThread "jar transforms Thread 177" [_thread_blocked, id=11720, stack(0x000000e607200000,0x000000e607300000)]
  0x000002d47d348000 JavaThread "jar transforms Thread 176" [_thread_blocked, id=25428, stack(0x000000e607100000,0x000000e607200000)]
  0x000002d47d347000 JavaThread "jar transforms Thread 175" [_thread_blocked, id=20908, stack(0x000000e607000000,0x000000e607100000)]
  0x000002d47d33f800 JavaThread "jar transforms Thread 174" [_thread_blocked, id=9184, stack(0x000000e606f00000,0x000000e607000000)]
  0x000002d47d346800 JavaThread "jar transforms Thread 173" [_thread_blocked, id=26360, stack(0x000000e606e00000,0x000000e606f00000)]
  0x000002d47d345800 JavaThread "jar transforms Thread 172" [_thread_blocked, id=776, stack(0x000000e606d00000,0x000000e606e00000)]
  0x000002d47d33f000 JavaThread "jar transforms Thread 171" [_thread_blocked, id=4244, stack(0x000000e606c00000,0x000000e606d00000)]
  0x000002d47d344000 JavaThread "jar transforms Thread 170" [_thread_blocked, id=25968, stack(0x000000e606b00000,0x000000e606c00000)]
  0x000002d47d33e000 JavaThread "jar transforms Thread 169" [_thread_blocked, id=11944, stack(0x000000e606a00000,0x000000e606b00000)]
  0x000002d47d342000 JavaThread "jar transforms Thread 168" [_thread_blocked, id=22156, stack(0x000000e606900000,0x000000e606a00000)]
  0x000002d47d341000 JavaThread "jar transforms Thread 167" [_thread_blocked, id=9464, stack(0x000000e606800000,0x000000e606900000)]
  0x000002d47d343800 JavaThread "jar transforms Thread 166" [_thread_blocked, id=11196, stack(0x000000e606700000,0x000000e606800000)]
  0x000002d47d345000 JavaThread "jar transforms Thread 165" [_thread_blocked, id=18512, stack(0x000000e606600000,0x000000e606700000)]
  0x000002d47d340800 JavaThread "jar transforms Thread 164" [_thread_blocked, id=24596, stack(0x000000e606500000,0x000000e606600000)]
  0x000002d47d342800 JavaThread "jar transforms Thread 163" [_thread_blocked, id=14792, stack(0x000000e606400000,0x000000e606500000)]
  0x000002d47bdb1800 JavaThread "jar transforms Thread 162" [_thread_blocked, id=21232, stack(0x000000e606300000,0x000000e606400000)]
  0x000002d47bdae800 JavaThread "jar transforms Thread 161" [_thread_blocked, id=19028, stack(0x000000e606200000,0x000000e606300000)]
  0x000002d47bdad000 JavaThread "jar transforms Thread 160" [_thread_blocked, id=22824, stack(0x000000e606100000,0x000000e606200000)]
  0x000002d47bdb0000 JavaThread "jar transforms Thread 159" [_thread_blocked, id=24584, stack(0x000000e606000000,0x000000e606100000)]
  0x000002d47bdac000 JavaThread "jar transforms Thread 158" [_thread_blocked, id=25564, stack(0x000000e605f00000,0x000000e606000000)]
  0x000002d401680000 JavaThread "jar transforms Thread 157" [_thread_blocked, id=22988, stack(0x000000e605e00000,0x000000e605f00000)]
  0x000002d401682800 JavaThread "jar transforms Thread 156" [_thread_blocked, id=10796, stack(0x000000e605d00000,0x000000e605e00000)]
  0x000002d401676800 JavaThread "jar transforms Thread 155" [_thread_blocked, id=10520, stack(0x000000e605c00000,0x000000e605d00000)]
  0x000002d40167d000 JavaThread "jar transforms Thread 154" [_thread_blocked, id=21948, stack(0x000000e605b00000,0x000000e605c00000)]
  0x000002d401675800 JavaThread "jar transforms Thread 153" [_thread_blocked, id=24228, stack(0x000000e605a00000,0x000000e605b00000)]
  0x000002d40167b800 JavaThread "jar transforms Thread 152" [_thread_blocked, id=11184, stack(0x000000e605900000,0x000000e605a00000)]
  0x000002d40167b000 JavaThread "jar transforms Thread 151" [_thread_blocked, id=26424, stack(0x000000e605800000,0x000000e605900000)]
  0x000002d40167a000 JavaThread "jar transforms Thread 150" [_thread_blocked, id=20308, stack(0x000000e605700000,0x000000e605800000)]
  0x000002d401679800 JavaThread "jar transforms Thread 149" [_thread_blocked, id=22668, stack(0x000000e605600000,0x000000e605700000)]
  0x000002d47dbf2800 JavaThread "jar transforms Thread 148" [_thread_blocked, id=19908, stack(0x000000e605500000,0x000000e605600000)]
  0x000002d47dbf3000 JavaThread "jar transforms Thread 147" [_thread_blocked, id=10404, stack(0x000000e605400000,0x000000e605500000)]
  0x000002d47dbf1800 JavaThread "jar transforms Thread 146" [_thread_blocked, id=17308, stack(0x000000e605300000,0x000000e605400000)]
  0x000002d47dbf1000 JavaThread "jar transforms Thread 145" [_thread_blocked, id=26260, stack(0x000000e605200000,0x000000e605300000)]
  0x000002d47dbec800 JavaThread "jar transforms Thread 144" [_thread_blocked, id=23560, stack(0x000000e605100000,0x000000e605200000)]
  0x000002d47dbe9800 JavaThread "jar transforms Thread 143" [_thread_blocked, id=18656, stack(0x000000e605000000,0x000000e605100000)]
  0x000002d47dbef800 JavaThread "jar transforms Thread 142" [_thread_blocked, id=16036, stack(0x000000e604f00000,0x000000e605000000)]
  0x000002d47dbf0000 JavaThread "jar transforms Thread 141" [_thread_blocked, id=15328, stack(0x000000e604e00000,0x000000e604f00000)]
  0x000002d47dbee800 JavaThread "jar transforms Thread 140" [_thread_blocked, id=11212, stack(0x000000e604d00000,0x000000e604e00000)]
  0x000002d47dbee000 JavaThread "jar transforms Thread 139" [_thread_blocked, id=17424, stack(0x000000e604c00000,0x000000e604d00000)]
  0x000002d47dbed000 JavaThread "jar transforms Thread 138" [_thread_blocked, id=17356, stack(0x000000e604b00000,0x000000e604c00000)]
  0x000002d47dbe5000 JavaThread "jar transforms Thread 137" [_thread_blocked, id=16456, stack(0x000000e604a00000,0x000000e604b00000)]
  0x000002d47dbe8000 JavaThread "jar transforms Thread 136" [_thread_blocked, id=26220, stack(0x000000e604900000,0x000000e604a00000)]
  0x000002d47dbe7000 JavaThread "jar transforms Thread 135" [_thread_blocked, id=8448, stack(0x000000e604800000,0x000000e604900000)]
  0x000002d47dbeb800 JavaThread "jar transforms Thread 134" [_thread_blocked, id=9140, stack(0x000000e604700000,0x000000e604800000)]
  0x000002d47dbe5800 JavaThread "jar transforms Thread 133" [_thread_blocked, id=14228, stack(0x000000e604600000,0x000000e604700000)]
  0x000002d47dbe6800 JavaThread "jar transforms Thread 132" [_thread_blocked, id=13136, stack(0x000000e604500000,0x000000e604600000)]
  0x000002d47dbe8800 JavaThread "jar transforms Thread 131" [_thread_blocked, id=14236, stack(0x000000e604400000,0x000000e604500000)]
  0x000002d47e15e800 JavaThread "jar transforms Thread 130" [_thread_blocked, id=14952, stack(0x000000e604300000,0x000000e604400000)]
  0x000002d47e15e000 JavaThread "jar transforms Thread 129" [_thread_blocked, id=6612, stack(0x000000e604200000,0x000000e604300000)]
  0x000002d47e15d000 JavaThread "jar transforms Thread 128" [_thread_blocked, id=23124, stack(0x000000e604100000,0x000000e604200000)]
  0x000002d47e15f800 JavaThread "jar transforms Thread 127" [_thread_blocked, id=12908, stack(0x000000e604000000,0x000000e604100000)]
  0x000002d47e15c800 JavaThread "jar transforms Thread 126" [_thread_blocked, id=19224, stack(0x000000e603f00000,0x000000e604000000)]
  0x000002d47e15b800 JavaThread "jar transforms Thread 125" [_thread_blocked, id=18200, stack(0x000000e603e00000,0x000000e603f00000)]
  0x000002d47e154000 JavaThread "jar transforms Thread 124" [_thread_blocked, id=23276, stack(0x000000e603d00000,0x000000e603e00000)]
  0x000002d47e15a000 JavaThread "jar transforms Thread 123" [_thread_blocked, id=22592, stack(0x000000e603c00000,0x000000e603d00000)]
  0x000002d47e158800 JavaThread "jar transforms Thread 122" [_thread_blocked, id=8356, stack(0x000000e603b00000,0x000000e603c00000)]
  0x000002d47e159800 JavaThread "jar transforms Thread 121" [_thread_blocked, id=12052, stack(0x000000e603a00000,0x000000e603b00000)]
  0x000002d47e158000 JavaThread "jar transforms Thread 120" [_thread_blocked, id=18776, stack(0x000000e603900000,0x000000e603a00000)]
  0x000002d47e155000 JavaThread "jar transforms Thread 119" [_thread_blocked, id=14536, stack(0x000000e603800000,0x000000e603900000)]
  0x000002d47e15b000 JavaThread "jar transforms Thread 118" [_thread_blocked, id=15272, stack(0x000000e603700000,0x000000e603800000)]
  0x000002d47e150800 JavaThread "Build operations Thread 12" [_thread_blocked, id=22040, stack(0x000000e603600000,0x000000e603700000)]
  0x000002d47e157000 JavaThread "Build operations Thread 11" [_thread_blocked, id=272, stack(0x000000e603500000,0x000000e603600000)]
  0x000002d47e156800 JavaThread "Build operations Thread 10" [_thread_blocked, id=22912, stack(0x000000e603400000,0x000000e603500000)]
  0x000002d47e155800 JavaThread "Build operations Thread 9" [_thread_blocked, id=14432, stack(0x000000e603300000,0x000000e603400000)]
  0x000002d47e153800 JavaThread "Build operations Thread 8" [_thread_blocked, id=21596, stack(0x000000e603200000,0x000000e603300000)]
  0x000002d47e152800 JavaThread "Build operations Thread 7" [_thread_blocked, id=3176, stack(0x000000e603100000,0x000000e603200000)]
  0x000002d47e152000 JavaThread "Build operations Thread 6" [_thread_blocked, id=16056, stack(0x000000e603000000,0x000000e603100000)]
  0x000002d47c569000 JavaThread "Build operations Thread 5" [_thread_blocked, id=10212, stack(0x000000e602e00000,0x000000e602f00000)]
  0x000002d47c568000 JavaThread "Build operations Thread 4" [_thread_blocked, id=22692, stack(0x000000e602c00000,0x000000e602d00000)]
  0x000002d47c56c000 JavaThread "Build operations Thread 3" [_thread_blocked, id=19044, stack(0x000000e602b00000,0x000000e602c00000)]
  0x000002d47c56b000 JavaThread "Build operations Thread 2" [_thread_blocked, id=24236, stack(0x000000e602a00000,0x000000e602b00000)]
  0x000002d47c566800 JavaThread "Build operations" [_thread_blocked, id=14796, stack(0x000000e602900000,0x000000e602a00000)]
  0x000002d47c56a800 JavaThread "Cache worker for Build Output Cleanup Cache (G:\AndroidStudioProjects\APP\yuehaoting\.gradle\buildOutputCleanup)" [_thread_blocked, id=19876, stack(0x000000e602500000,0x000000e602600000)]
  0x000002d47c566000 JavaThread "Cache worker for cache directory md-rule (E:\Android\gradle\caches\6.7.1\md-rule)" [_thread_blocked, id=14988, stack(0x000000e602400000,0x000000e602500000)]
  0x000002d47c567800 JavaThread "Cache worker for cache directory md-supplier (E:\Android\gradle\caches\6.7.1\md-supplier)" [_thread_blocked, id=14664, stack(0x000000e602300000,0x000000e602400000)]
  0x000002d47c55e000 JavaThread "Cache worker for checksums cache (G:\AndroidStudioProjects\APP\yuehaoting\.gradle\checksums)" [_thread_blocked, id=22676, stack(0x000000e602200000,0x000000e602300000)]
  0x000002d47c561000 JavaThread "Cache worker for file hash cache (G:\AndroidStudioProjects\APP\yuehaoting\.gradle\6.7.1\fileHashes)" [_thread_blocked, id=1112, stack(0x000000e602100000,0x000000e602200000)]
  0x000002d47c565000 JavaThread "Thread-179" [_thread_blocked, id=26532, stack(0x000000e602000000,0x000000e602100000)]
  0x000002d47c564000 JavaThread "Stdin handler" [_thread_blocked, id=15156, stack(0x000000e601f00000,0x000000e602000000)]
  0x000002d47c55f800 JavaThread "Asynchronous log dispatcher for DefaultDaemonConnection: socket connection from /127.0.0.1:63465 to /127.0.0.1:65031" [_thread_blocked, id=14448, stack(0x000000e601c00000,0x000000e601d00000)]
  0x000002d47c55d800 JavaThread "Daemon worker Thread 2" [_thread_blocked, id=2828, stack(0x000000e601b00000,0x000000e601c00000)]
  0x000002d47c562000 JavaThread "Cancel handler" [_thread_blocked, id=19472, stack(0x000000e600300000,0x000000e600400000)]
  0x000002d47c563800 JavaThread "Handler for socket connection from /127.0.0.1:63465 to /127.0.0.1:65031" [_thread_in_native, id=17336, stack(0x000000e600200000,0x000000e600300000)]
  0x000002d47c562800 JavaThread "Daemon Thread 2" [_thread_blocked, id=9536, stack(0x000000e600100000,0x000000e600200000)]
  0x000002d47e151000 JavaThread "RMI Reaper" [_thread_blocked, id=24428, stack(0x000000e60cd00000,0x000000e60ce00000)]
  0x000002d401681800 JavaThread "RMI TCP Accept-0" daemon [_thread_in_native, id=19776, stack(0x000000e60cc00000,0x000000e60cd00000)]
  0x000002d40167f800 JavaThread "GC Daemon" daemon [_thread_blocked, id=1800, stack(0x000000e60cb00000,0x000000e60cc00000)]
  0x000002d40167e800 JavaThread "RMI RenewClean-[127.0.0.1:17666,org.jetbrains.kotlin.daemon.common.LoopbackNetworkInterface$ClientLoopbackSocketFactory@8e0ed3a]" daemon [_thread_blocked, id=15144, stack(0x000000e60ca00000,0x000000e60cb00000)]
  0x000002d40167e000 JavaThread "RMI Scheduler(0)" daemon [_thread_blocked, id=22572, stack(0x000000e60c500000,0x000000e60c600000)]
  0x000002d47dbeb000 JavaThread "Memory manager" [_thread_blocked, id=11544, stack(0x000000e60b100000,0x000000e60b200000)]
  0x000002d47bdb0800 JavaThread "Cache worker for file content cache (E:\Android\gradle\caches\6.7.1\fileContent)" [_thread_blocked, id=16236, stack(0x000000e602f00000,0x000000e603000000)]
  0x000002d47bdaf000 JavaThread "Cache worker for execution history cache (E:\Android\gradle\caches\6.7.1\executionHistory)" [_thread_blocked, id=10840, stack(0x000000e602d00000,0x000000e602e00000)]
  0x000002d47bdad800 JavaThread "Cache worker for journal cache (E:\Android\gradle\caches\journal-1)" [_thread_blocked, id=20852, stack(0x000000e602800000,0x000000e602900000)]
  0x000002d47bdb3000 JavaThread "File lock request listener" [_thread_in_native, id=20648, stack(0x000000e602700000,0x000000e602800000)]
  0x000002d47bdb2000 JavaThread "Cache worker for file hash cache (E:\Android\gradle\caches\6.7.1\fileHashes)" [_thread_blocked, id=23068, stack(0x000000e602600000,0x000000e602700000)]
  0x000002d47b0a5800 JavaThread "Daemon periodic checks" [_thread_blocked, id=26176, stack(0x000000e601e00000,0x000000e601f00000)]
  0x000002d47b0c7800 JavaThread "Incoming local TCP Connector on port 63465" [_thread_in_native, id=24616, stack(0x000000e601d00000,0x000000e601e00000)]
  0x000002d47b032800 JavaThread "Daemon health stats" [_thread_blocked, id=21476, stack(0x000000e601a00000,0x000000e601b00000)]
  0x000002d479648800 JavaThread "Service Thread" daemon [_thread_blocked, id=18924, stack(0x000000e601800000,0x000000e601900000)]
  0x000002d477ecb800 JavaThread "C1 CompilerThread3" daemon [_thread_in_native_trans, id=14544, stack(0x000000e601700000,0x000000e601800000)]
  0x000002d477ec9000 JavaThread "C2 CompilerThread2" daemon [_thread_in_native, id=2252, stack(0x000000e601600000,0x000000e601700000)]
  0x000002d477ec1000 JavaThread "C2 CompilerThread1" daemon [_thread_in_native, id=8380, stack(0x000000e601500000,0x000000e601600000)]
=>0x000002d477ebe800 JavaThread "C2 CompilerThread0" daemon [_thread_in_native, id=1728, stack(0x000000e601400000,0x000000e601500000)]
  0x000002d477ea6800 JavaThread "Attach Listener" daemon [_thread_blocked, id=25172, stack(0x000000e601300000,0x000000e601400000)]
  0x000002d477eba800 JavaThread "Signal Dispatcher" daemon [_thread_blocked, id=18756, stack(0x000000e601200000,0x000000e601300000)]
  0x000002d477e71000 JavaThread "Finalizer" daemon [_thread_blocked, id=24832, stack(0x000000e601100000,0x000000e601200000)]
  0x000002d477e6a000 JavaThread "Reference Handler" daemon [_thread_blocked, id=16252, stack(0x000000e601000000,0x000000e601100000)]
  0x000002d460ec6800 JavaThread "main" [_thread_blocked, id=21272, stack(0x000000e600400000,0x000000e600500000)]

Other Threads:
  0x000002d477e42800 VMThread [stack: 0x000000e600f00000,0x000000e601000000] [id=19544]
  0x000002d47964a800 WatcherThread [stack: 0x000000e601900000,0x000000e601a00000] [id=19892]

VM state:not at safepoint (normal execution)

VM Mutex/Monitor currently owned by a thread: None

heap address: 0x0000000080000000, size: 2048 MB, Compressed Oops mode: 32-bit
Narrow klass base: 0x0000000000000000, Narrow klass shift: 3
Compressed class space size: 1073741824 Address: 0x0000000100000000

Heap:
 PSYoungGen      total 368128K, used 234343K [0x00000000d5580000, 0x00000000f2e80000, 0x0000000100000000)
  eden space 297472K, 75% used [0x00000000d5580000,0x00000000e315ddd0,0x00000000e7800000)
  from space 70656K, 13% used [0x00000000ee980000,0x00000000ef27c0a0,0x00000000f2e80000)
  to   space 69120K, 0% used [0x00000000e7800000,0x00000000e7800000,0x00000000ebb80000)
 ParOldGen       total 352256K, used 243582K [0x0000000080000000, 0x0000000095800000, 0x00000000d5580000)
  object space 352256K, 69% used [0x0000000080000000,0x000000008eddfb18,0x0000000095800000)
 Metaspace       used 132268K, capacity 140318K, committed 140416K, reserved 1171456K
  class space    used 17472K, capacity 19025K, committed 19072K, reserved 1048576K

Card table byte_map: [0x000002d471c50000,0x000002d472060000] byte_map_base: 0x000002d471850000

Marking Bits: (ParMarkBitMap*) 0x0000000077737fe0
 Begin Bits: [0x000002d472310000, 0x000002d474310000)
 End Bits:   [0x000002d474310000, 0x000002d476310000)

Polling page: 0x000002d460e80000

CodeCache: size=245760Kb used=69689Kb max_used=71249Kb free=176070Kb
 bounds [0x000002d462890000, 0x000002d466e80000, 0x000002d471890000]
 total_blobs=20758 nmethods=19758 adapters=911
 compilation: enabled

Compilation events (10 events):
Event: 1378.028 Thread 0x000002d477ecb800 nmethod 25087 0x000002d463239d50 code [0x000002d463239ea0, 0x000002d46323a058]
Event: 1378.028 Thread 0x000002d477ecb800 25086       2       com.android.tools.r8.graph.U0::a (7 bytes)
Event: 1378.028 Thread 0x000002d477ecb800 nmethod 25086 0x000002d465b9b490 code [0x000002d465b9b5e0, 0x000002d465b9b758]
Event: 1378.028 Thread 0x000002d477ecb800 25088       2       com.android.tools.r8.graph.U0::a (61 bytes)
Event: 1378.028 Thread 0x000002d477ecb800 nmethod 25088 0x000002d463df6010 code [0x000002d463df6180, 0x000002d463df63f8]
Event: 1378.028 Thread 0x000002d477ecb800 25089       2       com.android.tools.r8.graph.R0::c (11 bytes)
Event: 1378.028 Thread 0x000002d477ecb800 nmethod 25089 0x000002d463769090 code [0x000002d463769200, 0x000002d463769390]
Event: 1378.028 Thread 0x000002d477ecb800 25094       2       com.android.tools.r8.graph.l0::s (105 bytes)
Event: 1378.030 Thread 0x000002d477ecb800 nmethod 25094 0x000002d463c28bd0 code [0x000002d463c28ee0, 0x000002d463c2a000]
Event: 1378.030 Thread 0x000002d477ecb800 25095       2       com.android.tools.r8.ir.optimize.k::s (2106 bytes)

GC Heap History (10 events):
Event: 1372.963 GC heap before
{Heap before GC invocations=26 (full 4):
 PSYoungGen      total 321536K, used 299505K [0x00000000d5580000, 0x00000000f0800000, 0x0000000100000000)
  eden space 253952K, 100% used [0x00000000d5580000,0x00000000e4d80000,0x00000000e4d80000)
  from space 67584K, 67% used [0x00000000e4d80000,0x00000000e79fc548,0x00000000e8f80000)
  to   space 70144K, 0% used [0x00000000ec380000,0x00000000ec380000,0x00000000f0800000)
 ParOldGen       total 352256K, used 168230K [0x0000000080000000, 0x0000000095800000, 0x00000000d5580000)
  object space 352256K, 47% used [0x0000000080000000,0x000000008a449930,0x0000000095800000)
 Metaspace       used 117908K, capacity 122504K, committed 122624K, reserved 1155072K
  class space    used 15160K, capacity 16078K, committed 16128K, reserved 1048576K
Event: 1372.992 GC heap after
Heap after GC invocations=26 (full 4):
 PSYoungGen      total 358400K, used 38506K [0x00000000d5580000, 0x00000000eff00000, 0x0000000100000000)
  eden space 297472K, 0% used [0x00000000d5580000,0x00000000d5580000,0x00000000e7800000)
  from space 60928K, 63% used [0x00000000ec380000,0x00000000ee91a830,0x00000000eff00000)
  to   space 69120K, 0% used [0x00000000e7800000,0x00000000e7800000,0x00000000ebb80000)
 ParOldGen       total 352256K, used 189489K [0x0000000080000000, 0x0000000095800000, 0x00000000d5580000)
  object space 352256K, 53% used [0x0000000080000000,0x000000008b90c708,0x0000000095800000)
 Metaspace       used 117908K, capacity 122504K, committed 122624K, reserved 1155072K
  class space    used 15160K, capacity 16078K, committed 16128K, reserved 1048576K
}
Event: 1376.065 GC heap before
{Heap before GC invocations=27 (full 4):
 PSYoungGen      total 358400K, used 335978K [0x00000000d5580000, 0x00000000eff00000, 0x0000000100000000)
  eden space 297472K, 100% used [0x00000000d5580000,0x00000000e7800000,0x00000000e7800000)
  from space 60928K, 63% used [0x00000000ec380000,0x00000000ee91a830,0x00000000eff00000)
  to   space 69120K, 0% used [0x00000000e7800000,0x00000000e7800000,0x00000000ebb80000)
 ParOldGen       total 352256K, used 189489K [0x0000000080000000, 0x0000000095800000, 0x00000000d5580000)
  object space 352256K, 53% used [0x0000000080000000,0x000000008b90c708,0x0000000095800000)
 Metaspace       used 121066K, capacity 125766K, committed 126080K, reserved 1159168K
  class space    used 15488K, capacity 16407K, committed 16512K, reserved 1048576K
Event: 1376.082 GC heap after
Heap after GC invocations=27 (full 4):
 PSYoungGen      total 366592K, used 45743K [0x00000000d5580000, 0x00000000f2e80000, 0x0000000100000000)
  eden space 297472K, 0% used [0x00000000d5580000,0x00000000d5580000,0x00000000e7800000)
  from space 69120K, 66% used [0x00000000e7800000,0x00000000ea4abff0,0x00000000ebb80000)
  to   space 70656K, 0% used [0x00000000ee980000,0x00000000ee980000,0x00000000f2e80000)
 ParOldGen       total 352256K, used 189497K [0x0000000080000000, 0x0000000095800000, 0x00000000d5580000)
  object space 352256K, 53% used [0x0000000080000000,0x000000008b90e708,0x0000000095800000)
 Metaspace       used 121066K, capacity 125766K, committed 126080K, reserved 1159168K
  class space    used 15488K, capacity 16407K, committed 16512K, reserved 1048576K
}
Event: 1376.935 GC heap before
{Heap before GC invocations=28 (full 4):
 PSYoungGen      total 366592K, used 343215K [0x00000000d5580000, 0x00000000f2e80000, 0x0000000100000000)
  eden space 297472K, 100% used [0x00000000d5580000,0x00000000e7800000,0x00000000e7800000)
  from space 69120K, 66% used [0x00000000e7800000,0x00000000ea4abff0,0x00000000ebb80000)
  to   space 70656K, 0% used [0x00000000ee980000,0x00000000ee980000,0x00000000f2e80000)
 ParOldGen       total 352256K, used 189497K [0x0000000080000000, 0x0000000095800000, 0x00000000d5580000)
  object space 352256K, 53% used [0x0000000080000000,0x000000008b90e708,0x0000000095800000)
 Metaspace       used 131017K, capacity 138710K, committed 139008K, reserved 1169408K
  class space    used 17348K, capacity 18881K, committed 18944K, reserved 1048576K
Event: 1376.982 GC heap after
Heap after GC invocations=28 (full 4):
 PSYoungGen      total 368128K, used 70653K [0x00000000d5580000, 0x00000000f2e80000, 0x0000000100000000)
  eden space 297472K, 0% used [0x00000000d5580000,0x00000000d5580000,0x00000000e7800000)
  from space 70656K, 99% used [0x00000000ee980000,0x00000000f2e7f478,0x00000000f2e80000)
  to   space 69120K, 0% used [0x00000000e7800000,0x00000000e7800000,0x00000000ebb80000)
 ParOldGen       total 352256K, used 194007K [0x0000000080000000, 0x0000000095800000, 0x00000000d5580000)
  object space 352256K, 55% used [0x0000000080000000,0x000000008bd75d00,0x0000000095800000)
 Metaspace       used 131017K, capacity 138710K, committed 139008K, reserved 1169408K
  class space    used 17348K, capacity 18881K, committed 18944K, reserved 1048576K
}
Event: 1377.423 GC heap before
{Heap before GC invocations=29 (full 4):
 PSYoungGen      total 368128K, used 368125K [0x00000000d5580000, 0x00000000f2e80000, 0x0000000100000000)
  eden space 297472K, 100% used [0x00000000d5580000,0x00000000e7800000,0x00000000e7800000)
  from space 70656K, 99% used [0x00000000ee980000,0x00000000f2e7f478,0x00000000f2e80000)
  to   space 69120K, 0% used [0x00000000e7800000,0x00000000e7800000,0x00000000ebb80000)
 ParOldGen       total 352256K, used 194007K [0x0000000080000000, 0x0000000095800000, 0x00000000d5580000)
  object space 352256K, 55% used [0x0000000080000000,0x000000008bd75d00,0x0000000095800000)
 Metaspace       used 131684K, capacity 139622K, committed 139904K, reserved 1169408K
  class space    used 17425K, capacity 18979K, committed 19072K, reserved 1048576K
Event: 1377.533 GC heap after
Heap after GC invocations=29 (full 4):
 PSYoungGen      total 366592K, used 23915K [0x00000000d5580000, 0x00000000f2e80000, 0x0000000100000000)
  eden space 297472K, 0% used [0x00000000d5580000,0x00000000d5580000,0x00000000e7800000)
  from space 69120K, 34% used [0x00000000e7800000,0x00000000e8f5af78,0x00000000ebb80000)
  to   space 70656K, 0% used [0x00000000ee980000,0x00000000ee980000,0x00000000f2e80000)
 ParOldGen       total 352256K, used 227590K [0x0000000080000000, 0x0000000095800000, 0x00000000d5580000)
  object space 352256K, 64% used [0x0000000080000000,0x000000008de41b38,0x0000000095800000)
 Metaspace       used 131684K, capacity 139622K, committed 139904K, reserved 1169408K
  class space    used 17425K, capacity 18979K, committed 19072K, reserved 1048576K
}
Event: 1377.793 GC heap before
{Heap before GC invocations=30 (full 4):
 PSYoungGen      total 366592K, used 321387K [0x00000000d5580000, 0x00000000f2e80000, 0x0000000100000000)
  eden space 297472K, 100% used [0x00000000d5580000,0x00000000e7800000,0x00000000e7800000)
  from space 69120K, 34% used [0x00000000e7800000,0x00000000e8f5af78,0x00000000ebb80000)
  to   space 70656K, 0% used [0x00000000ee980000,0x00000000ee980000,0x00000000f2e80000)
 ParOldGen       total 352256K, used 227590K [0x0000000080000000, 0x0000000095800000, 0x00000000d5580000)
  object space 352256K, 64% used [0x0000000080000000,0x000000008de41b38,0x0000000095800000)
 Metaspace       used 132116K, capacity 140138K, committed 140416K, reserved 1171456K
  class space    used 17471K, capacity 19023K, committed 19072K, reserved 1048576K
Event: 1377.891 GC heap after
Heap after GC invocations=30 (full 4):
 PSYoungGen      total 368128K, used 9200K [0x00000000d5580000, 0x00000000f2e80000, 0x0000000100000000)
  eden space 297472K, 0% used [0x00000000d5580000,0x00000000d5580000,0x00000000e7800000)
  from space 70656K, 13% used [0x00000000ee980000,0x00000000ef27c0a0,0x00000000f2e80000)
  to   space 69120K, 0% used [0x00000000e7800000,0x00000000e7800000,0x00000000ebb80000)
 ParOldGen       total 352256K, used 243582K [0x0000000080000000, 0x0000000095800000, 0x00000000d5580000)
  object space 352256K, 69% used [0x0000000080000000,0x000000008eddfb18,0x0000000095800000)
 Metaspace       used 132116K, capacity 140138K, committed 140416K, reserved 1171456K
  class space    used 17471K, capacity 19023K, committed 19072K, reserved 1048576K
}

Deoptimization events (10 events):
Event: 1377.650 Thread 0x000002d47e645800 Uncommon trap: reason=speculate_class_check action=maybe_recompile pc=0x000002d466bb5a0c method=com.android.tools.r8.v.a.j.e.b(Lcom/android/tools/r8/v/b/o0;)V @ 158
Event: 1377.694 Thread 0x000002d47e63e000 Uncommon trap: reason=unstable_if action=reinterpret pc=0x000002d466889a8c method=com.android.tools.r8.graph.q0.b(Lcom/android/tools/r8/graph/q0;)I @ 60
Event: 1377.749 Thread 0x000002d47e645800 Uncommon trap: reason=unstable_if action=reinterpret pc=0x000002d466d72b6c method=com.android.tools.r8.w.a.a.a.f.X.b()Lcom/android/tools/r8/w/a/a/a/h/F0; @ 4
Event: 1377.962 Thread 0x000002d47e645800 Uncommon trap: reason=unstable_if action=reinterpret pc=0x000002d466ce5e5c method=com.android.tools.r8.w.a.a.a.f.k0.m(I)V @ 13
Event: 1377.972 Thread 0x000002d47e637000 Uncommon trap: reason=unstable_if action=reinterpret pc=0x000002d466e5fe98 method=com.android.tools.r8.w.a.a.a.f.X.b()Lcom/android/tools/r8/w/a/a/a/h/F0; @ 4
Event: 1377.972 Thread 0x000002d47e631000 Uncommon trap: reason=unstable_if action=reinterpret pc=0x000002d466e5fe98 method=com.android.tools.r8.w.a.a.a.f.X.b()Lcom/android/tools/r8/w/a/a/a/h/F0; @ 4
Event: 1378.016 Thread 0x000002d47e631000 Uncommon trap: reason=bimorphic action=maybe_recompile pc=0x000002d466cae0c8 method=com.android.tools.r8.ir.conversion.S.g(I)V @ 9
Event: 1378.016 Thread 0x000002d47e631000 Uncommon trap: reason=bimorphic action=maybe_recompile pc=0x000002d466cae0c8 method=com.android.tools.r8.ir.conversion.S.g(I)V @ 9
Event: 1378.016 Thread 0x000002d47e631000 Uncommon trap: reason=bimorphic action=maybe_recompile pc=0x000002d466cae0c8 method=com.android.tools.r8.ir.conversion.S.g(I)V @ 9
Event: 1378.016 Thread 0x000002d47e631000 Uncommon trap: reason=bimorphic action=maybe_recompile pc=0x000002d466cae0c8 method=com.android.tools.r8.ir.conversion.S.g(I)V @ 9

Classes redefined (0 events):
No events

Internal exceptions (10 events):
Event: 1377.903 Thread 0x000002d47e63e000 Exception <a 'sun/nio/fs/WindowsException'> (0x00000000d585f908) thrown at [C:\jenkins\workspace\8-2-build-windows-amd64-cygwin\jdk8u291\1294\hotspot\src\share\vm\prims\jni.cpp, line 710]
Event: 1377.913 Thread 0x000002d47e63e000 Exception <a 'sun/nio/fs/WindowsException'> (0x00000000d6eb9c40) thrown at [C:\jenkins\workspace\8-2-build-windows-amd64-cygwin\jdk8u291\1294\hotspot\src\share\vm\prims\jni.cpp, line 710]
Event: 1377.919 Thread 0x000002d47e63e000 Exception <a 'sun/nio/fs/WindowsException'> (0x00000000d7ccdbb8) thrown at [C:\jenkins\workspace\8-2-build-windows-amd64-cygwin\jdk8u291\1294\hotspot\src\share\vm\prims\jni.cpp, line 710]
Event: 1377.922 Thread 0x000002d47e63e000 Exception <a 'sun/nio/fs/WindowsException'> (0x00000000d89a9f28) thrown at [C:\jenkins\workspace\8-2-build-windows-amd64-cygwin\jdk8u291\1294\hotspot\src\share\vm\prims\jni.cpp, line 710]
Event: 1377.924 Thread 0x000002d47e63e000 Exception <a 'sun/nio/fs/WindowsException'> (0x00000000d89f55f8) thrown at [C:\jenkins\workspace\8-2-build-windows-amd64-cygwin\jdk8u291\1294\hotspot\src\share\vm\prims\jni.cpp, line 710]
Event: 1377.925 Thread 0x000002d47e63e000 Exception <a 'sun/nio/fs/WindowsException'> (0x00000000d8db4d38) thrown at [C:\jenkins\workspace\8-2-build-windows-amd64-cygwin\jdk8u291\1294\hotspot\src\share\vm\prims\jni.cpp, line 710]
Event: 1377.927 Thread 0x000002d47e63e000 Exception <a 'sun/nio/fs/WindowsException'> (0x00000000d8e03f60) thrown at [C:\jenkins\workspace\8-2-build-windows-amd64-cygwin\jdk8u291\1294\hotspot\src\share\vm\prims\jni.cpp, line 710]
Event: 1377.929 Thread 0x000002d47e63e000 Exception <a 'sun/nio/fs/WindowsException'> (0x00000000d90e23c0) thrown at [C:\jenkins\workspace\8-2-build-windows-amd64-cygwin\jdk8u291\1294\hotspot\src\share\vm\prims\jni.cpp, line 710]
Event: 1377.931 Thread 0x000002d47e63e000 Exception <a 'sun/nio/fs/WindowsException'> (0x00000000d9131838) thrown at [C:\jenkins\workspace\8-2-build-windows-amd64-cygwin\jdk8u291\1294\hotspot\src\share\vm\prims\jni.cpp, line 710]
Event: 1377.932 Thread 0x000002d47e63e000 Exception <a 'sun/nio/fs/WindowsException'> (0x00000000d943e040) thrown at [C:\jenkins\workspace\8-2-build-windows-amd64-cygwin\jdk8u291\1294\hotspot\src\share\vm\prims\jni.cpp, line 710]

Events (10 events):
Event: 1378.020 Thread 0x000002d477ecb800 flushing nmethod 0x000002d466457850
Event: 1378.020 Thread 0x000002d477ecb800 flushing nmethod 0x000002d466457dd0
Event: 1378.020 Thread 0x000002d477ecb800 flushing nmethod 0x000002d466458290
Event: 1378.020 Thread 0x000002d477ecb800 flushing nmethod 0x000002d4664595d0
Event: 1378.020 Thread 0x000002d477ecb800 flushing nmethod 0x000002d46645a910
Event: 1378.020 Thread 0x000002d477ecb800 flushing nmethod 0x000002d46645b210
Event: 1378.020 Thread 0x000002d477ecb800 flushing nmethod 0x000002d46645b8d0
Event: 1378.020 Thread 0x000002d477ecb800 flushing nmethod 0x000002d46645c6d0
Event: 1378.020 Thread 0x000002d477ecb800 flushing nmethod 0x000002d46645cdd0
Event: 1378.020 Thread 0x000002d477ecb800 flushing nmethod 0x000002d46645dd90


Dynamic libraries:
0x00007ff7d0f20000 - 0x00007ff7d0f67000 	C:\Program Files\Java\jdk1.8.0_291\bin\java.exe
0x00007ffe8dac0000 - 0x00007ffe8dcb0000 	C:\Windows\SYSTEM32\ntdll.dll
0x00007ffe8c310000 - 0x00007ffe8c3c2000 	C:\Windows\System32\KERNEL32.DLL
0x00007ffe8aa50000 - 0x00007ffe8acf3000 	C:\Windows\System32\KERNELBASE.dll
0x00007ffe8d9d0000 - 0x00007ffe8da73000 	C:\Windows\System32\ADVAPI32.dll
0x00007ffe8d700000 - 0x00007ffe8d79e000 	C:\Windows\System32\msvcrt.dll
0x00007ffe8d640000 - 0x00007ffe8d6d7000 	C:\Windows\System32\sechost.dll
0x00007ffe8c0b0000 - 0x00007ffe8c1d0000 	C:\Windows\System32\RPCRT4.dll
0x00007ffe8d200000 - 0x00007ffe8d394000 	C:\Windows\System32\USER32.dll
0x00007ffe8b830000 - 0x00007ffe8b851000 	C:\Windows\System32\win32u.dll
0x00007ffe8d470000 - 0x00007ffe8d496000 	C:\Windows\System32\GDI32.dll
0x00007ffe8b950000 - 0x00007ffe8bae4000 	C:\Windows\System32\gdi32full.dll
0x00007ffe8b8b0000 - 0x00007ffe8b94e000 	C:\Windows\System32\msvcp_win.dll
0x00007ffe8ad00000 - 0x00007ffe8adfa000 	C:\Windows\System32\ucrtbase.dll
0x00007ffe83dd0000 - 0x00007ffe84055000 	C:\Windows\WinSxS\amd64_microsoft.windows.common-controls_6595b64144ccf1df_6.0.18362.592_none_e6c0b1911312be02\COMCTL32.dll
0x00007ffe8bd50000 - 0x00007ffe8c086000 	C:\Windows\System32\combase.dll
0x00007ffe8baf0000 - 0x00007ffe8bb70000 	C:\Windows\System32\bcryptPrimitives.dll
0x00007ffe8c560000 - 0x00007ffe8c58e000 	C:\Windows\System32\IMM32.DLL
0x00007ffe4cb10000 - 0x00007ffe4cb25000 	C:\Program Files\Java\jdk1.8.0_291\jre\bin\vcruntime140.dll
0x00007ffe44ff0000 - 0x00007ffe4508b000 	C:\Program Files\Java\jdk1.8.0_291\jre\bin\msvcp140.dll
0x0000000076f50000 - 0x00000000777b0000 	C:\Program Files\Java\jdk1.8.0_291\jre\bin\server\jvm.dll
0x00007ffe8d6e0000 - 0x00007ffe8d6e8000 	C:\Windows\System32\PSAPI.DLL
0x00007ffe86f60000 - 0x00007ffe86f6a000 	C:\Windows\SYSTEM32\VERSION.dll
0x00007ffe884a0000 - 0x00007ffe884c4000 	C:\Windows\SYSTEM32\WINMM.dll
0x00007ffe702f0000 - 0x00007ffe702f9000 	C:\Windows\SYSTEM32\WSOCK32.dll
0x00007ffe88460000 - 0x00007ffe8848d000 	C:\Windows\SYSTEM32\WINMMBASE.dll
0x00007ffe8b860000 - 0x00007ffe8b8aa000 	C:\Windows\System32\cfgmgr32.dll
0x00007ffe8d400000 - 0x00007ffe8d46f000 	C:\Windows\System32\WS2_32.dll
0x00007ffe8a9a0000 - 0x00007ffe8a9b1000 	C:\Windows\System32\kernel.appcore.dll
0x00007ffe86d20000 - 0x00007ffe86d30000 	C:\Program Files\Java\jdk1.8.0_291\jre\bin\verify.dll
0x00007ffe4b580000 - 0x00007ffe4b5ab000 	C:\Program Files\Java\jdk1.8.0_291\jre\bin\java.dll
0x00007ffe4c8d0000 - 0x00007ffe4c8e8000 	C:\Program Files\Java\jdk1.8.0_291\jre\bin\zip.dll
0x00007ffe8c5f0000 - 0x00007ffe8ccd5000 	C:\Windows\System32\SHELL32.dll
0x00007ffe8cce0000 - 0x00007ffe8cd89000 	C:\Windows\System32\shcore.dll
0x00007ffe8af60000 - 0x00007ffe8b6df000 	C:\Windows\System32\windows.storage.dll
0x00007ffe8aa30000 - 0x00007ffe8aa4f000 	C:\Windows\System32\profapi.dll
0x00007ffe8a9c0000 - 0x00007ffe8aa0a000 	C:\Windows\System32\powrprof.dll
0x00007ffe8a990000 - 0x00007ffe8a9a0000 	C:\Windows\System32\UMPDC.dll
0x00007ffe8c590000 - 0x00007ffe8c5e2000 	C:\Windows\System32\shlwapi.dll
0x00007ffe8aee0000 - 0x00007ffe8aef7000 	C:\Windows\System32\cryptsp.dll
0x00007ffe4c830000 - 0x00007ffe4c84c000 	C:\Program Files\Java\jdk1.8.0_291\jre\bin\net.dll
0x00007ffe8a200000 - 0x00007ffe8a267000 	C:\Windows\system32\mswsock.dll
0x00007ffe4bbf0000 - 0x00007ffe4bc03000 	C:\Program Files\Java\jdk1.8.0_291\jre\bin\nio.dll
0x00007ffe73050000 - 0x00007ffe73077000 	E:\Android\gradle\native\fdc75f09e3144964f2cf3f50f0aa648679c211496f362492102eb8c894070792\windows-amd64\native-platform.dll
0x00007ffe3a8d0000 - 0x00007ffe3aa66000 	E:\Android\gradle\native\12488b8bf47d2d4c9fbf2f6322a914ad602e24e48041cd04a747c6da556b65c4\windows-amd64\native-platform-file-events.dll
0x00007ffe86950000 - 0x00007ffe8695d000 	C:\Program Files\Java\jdk1.8.0_291\jre\bin\management.dll
0x00007ffe89d70000 - 0x00007ffe89da3000 	C:\Windows\system32\rsaenh.dll
0x00007ffe8aeb0000 - 0x00007ffe8aed6000 	C:\Windows\System32\bcrypt.dll
0x00007ffe8a8b0000 - 0x00007ffe8a8d5000 	C:\Windows\SYSTEM32\USERENV.dll
0x00007ffe8a3d0000 - 0x00007ffe8a3dc000 	C:\Windows\SYSTEM32\CRYPTBASE.dll
0x00007ffe89f10000 - 0x00007ffe89f4a000 	C:\Windows\SYSTEM32\IPHLPAPI.DLL
0x00007ffe8d6f0000 - 0x00007ffe8d6f8000 	C:\Windows\System32\NSI.dll
0x00007ffe79b40000 - 0x00007ffe79b56000 	C:\Windows\SYSTEM32\dhcpcsvc6.DLL
0x00007ffe7cc50000 - 0x00007ffe7cc6c000 	C:\Windows\SYSTEM32\dhcpcsvc.DLL
0x00007ffe89f50000 - 0x00007ffe8a01a000 	C:\Windows\SYSTEM32\DNSAPI.dll
0x00007ffe837a0000 - 0x00007ffe837ab000 	C:\Windows\SYSTEM32\WINNSI.DLL
0x00007ffe4c9a0000 - 0x00007ffe4c9c4000 	C:\Program Files\Java\jdk1.8.0_291\jre\bin\sunec.dll
0x0000000052390000 - 0x00000000523b6000 	C:\Program Files\Bonjour\mdnsNSP.dll
0x00007ffe75760000 - 0x00007ffe7576a000 	C:\Windows\System32\rasadhlp.dll
0x00007ffe79a00000 - 0x00007ffe79a77000 	C:\Windows\System32\fwpuclnt.dll
0x00007ffe766d0000 - 0x00007ffe766dd000 	C:\Program Files\Java\jdk1.8.0_291\jre\bin\sunmscapi.dll
0x00007ffe8b6e0000 - 0x00007ffe8b829000 	C:\Windows\System32\CRYPT32.dll
0x00007ffe8aa10000 - 0x00007ffe8aa22000 	C:\Windows\System32\MSASN1.dll
0x00007ffe8a4d0000 - 0x00007ffe8a4f6000 	C:\Windows\SYSTEM32\ncrypt.dll
0x00007ffe8a490000 - 0x00007ffe8a4cb000 	C:\Windows\SYSTEM32\NTASN1.dll
0x00007ffe79500000 - 0x00007ffe7951e000 	C:\Users\13967\AppData\Local\Temp\native-platform3695877577898869731dir\native-platform.dll
0x0000000066e00000 - 0x0000000066f03000 	C:\Users\13967\AppData\Local\Temp\sqlite-3.25.2-387cf140-7288-4b61-9b2d-57ec17437b36-sqlitejdbc.dll
0x00007ffe70bf0000 - 0x00007ffe70de4000 	C:\Windows\SYSTEM32\dbghelp.dll

VM Arguments:
jvm_args: -Xmx2048m -Dfile.encoding=UTF-8 -Duser.country=CN -Duser.language=zh -Duser.variant 
java_command: org.gradle.launcher.daemon.bootstrap.GradleDaemon 6.7.1
java_class_path (initial): E:\Android\gradle\wrapper\dists\gradle-6.7.1-bin\bwlcbys1h7rz3272sye1xwiv6\gradle-6.7.1\lib\gradle-launcher-6.7.1.jar
Launcher Type: SUN_STANDARD

Environment Variables:
JAVA_HOME=C:\Program Files\Java\jdk1.8.0_291
CLASSPATH=.;C:\Program Files\Java\jdk1.8.0_291\lib\dt.jar;C:\Program Files\Java\jdk1.8.0_291\lib\tools.jar 
PATH=E:\1;E:\Android\flutter_windows_2.0.1-stable\flutter\bin;indows\system32;C:\Windows;C:\Windows\System32\Wbem;C:\Windows\System32\WindowsPowerShell\v1.0\;C:\Windows\System32\OpenSSH\;C:\Users\13967\AppData\Local\Programs\Python\Python37;C:\ProgramData\chocolatey\bin;C:\Program Files (x86)\NVIDIA Corporation\PhysX\Common;C:\Program Files\NVIDIA Corporation\NVIDIA NvDLISR;E:\Android\gradle\bin;C:\Program Files (x86)\QuickTime\QTSystem\;G:\Linux\LxRunOffline-v3.5.0-mingw;E:\Android\SDK\platform-tools;E:\Git\cmd;C:\Windows\System32;E:\Git\bin;E:\Android\maven\apache-maven-3.3.9-bin\apache-maven-3.3.9\bin;E:\Android\gradle\bin;E:\Android\Tool-master;C:\cygwin64\bin;C:\Program Files\koltin\kotlin-compiler-1.4.32\kotlinc\bin;C:\Program Files\Java\jdk1.8.0_291\bin;C:\Program Files\Java\jdk1.8.0_291\jre\bin;E:\mysql-8.0.24-winx64\mysql-8.0.24-winx64\bin;E:\SSH\;E:\apache-tomcat-10.0.6\bin;E:\Android\SDK\platform-tools;E:\Android\gradle\wrapper\dists\gradle-7.1.1-bin\f29rtwfnc96ub43tt7p47zsru\gradle-7.1.1\bin;E:\Android\gradle\nodejs\node-v12.16.1-win-x64;E:\Android\SDK\tools;E:\Android\gradle\nodejs\node-v12.16.1-win-x64\node_modules\hexo\bin;E:\Android\gradle\nodejs\node-v12.16.1-win-x64\node_modules\n\bin;C:\Python27;C:\Program Files\python-3.9.6-embed-amd64\pip-21.2.1\pip-21.2.1;C:\Program Files\Intel\WiFi\bin\;C:\Program Files\Common Files\Intel\WirelessCommon\;E:\Android\SDK\tools\bin;G:\Android\dex2jar-2.0\dex2jar-2.0;C:\Users\13967\AppData\Local\Microsoft\WindowsApps;C:\Users\13967\AppData\Local\GitHubDesktop\bin;E:\mitmproxy\bin;C:\Program Files\Intel\WiFi\bin\;C:\Program Files\Common Files\Intel\WirelessCommon\
USERNAME=13967
OS=Windows_NT
PROCESSOR_IDENTIFIER=AMD64 Family 23 Model 113 Stepping 0, AuthenticAMD



---------------  S Y S T E M  ---------------

OS: Windows 10.0 , 64 bit Build 18362 (10.0.18362.329)

CPU:total 12 (initial active 12) (12 cores per cpu, 1 threads per core) family 23 model 113 stepping 0, cmov, cx8, fxsr, mmx, sse, sse2, sse3, ssse3, sse4.1, sse4.2, popcnt, avx, avx2, aes, clmul, mmxext, 3dnowpref, lzcnt, sse4a, tsc, tscinvbit, tscinv, bmi1

Memory: 4k page, physical 16725344k(473468k free), swap 23541088k(5548k free)

vm_info: Java HotSpot(TM) 64-Bit Server VM (25.291-b10) for windows-amd64 JRE (1.8.0_291-b10), built on Apr  9 2021 00:02:00 by "java_re" with MS VC++ 15.9 (VS2017)

time: Sat Oct  2 19:06:33 2021
timezone: ?D1???
elapsed time: 1378.103151 seconds (0d 0h 22m 58s)

