#
# There is insufficient memory for the Java Runtime Environment to continue.
# Native memory allocation (malloc) failed to allocate 539920 bytes for Chunk::new
# Possible reasons:
#   The system is out of physical RAM or swap space
#   The process is running with CompressedOops enabled, and the Java Heap may be blocking the growth of the native heap
# Possible solutions:
#   Reduce memory load on the system
#   Increase physical memory or swap space
#   Check if swap backing store is full
#   Decrease Java heap size (-Xmx/-Xms)
#   Decrease number of Java threads
#   Decrease Java thread stack sizes (-Xss)
#   Set larger code cache with -XX:ReservedCodeCacheSize=
#   JVM is running with Zero Based Compressed Oops mode in which the Java heap is
#     placed in the first 32GB address space. The Java Heap base address is the
#     maximum limit for the native heap growth. Please use -XX:HeapBaseMinAddress
#     to set the Java Heap base and to place the Java Heap above 32GB virtual address.
# This output file may be truncated or incomplete.
#
#  Out of Memory Error (allocation.cpp:389), pid=15012, tid=0x00000000000067d0
#
# JRE version: Java(TM) SE Runtime Environment (8.0_291-b10) (build 1.8.0_291-b10)
# Java VM: Java HotSpot(TM) 64-Bit Server VM (25.291-b10 mixed mode windows-amd64 compressed oops)
# Failed to write core dump. Minidumps are not enabled by default on client versions of Windows
#

---------------  T H R E A D  ---------------

Current thread (0x0000018d76d44800):  JavaThread "C2 CompilerThread2" daemon [_thread_in_native, id=26576, stack(0x0000000a01600000,0x0000000a01700000)]

Stack: [0x0000000a01600000,0x0000000a01700000]
Native frames: (J=compiled Java code, j=interpreted, Vv=VM code, C=native code)
V  [jvm.dll+0x32ea19]
V  [jvm.dll+0x275462]
V  [jvm.dll+0x27610d]
V  [jvm.dll+0x26cb45]
V  [jvm.dll+0xd524c]
V  [jvm.dll+0xd5a4c]
V  [jvm.dll+0x4b6bf7]
V  [jvm.dll+0x4b5b5e]
V  [jvm.dll+0x44065e]
V  [jvm.dll+0x43fc15]
V  [jvm.dll+0x42aa57]
V  [jvm.dll+0xabeeb]
V  [jvm.dll+0xaa54b]
V  [jvm.dll+0x23db02]
V  [jvm.dll+0x29210c]
C  [ucrtbase.dll+0x20e72]
C  [KERNEL32.DLL+0x17bd4]
C  [ntdll.dll+0x6ced1]


Current CompileTask:
C2:   8088 13218       4       org.jetbrains.kotlin.types.TypeSubstitutor::unsafeSubstitute (769 bytes)


---------------  P R O C E S S  ---------------

Java Threads: ( => current thread )
  0x0000018d76d5e000 JavaThread "Service Thread" daemon [_thread_blocked, id=6360, stack(0x0000000a01800000,0x0000000a01900000)]
  0x0000018d76d4b800 JavaThread "C1 CompilerThread3" daemon [_thread_in_native, id=15556, stack(0x0000000a01700000,0x0000000a01800000)]
=>0x0000018d76d44800 JavaThread "C2 CompilerThread2" daemon [_thread_in_native, id=26576, stack(0x0000000a01600000,0x0000000a01700000)]
  0x0000018d76d41800 JavaThread "C2 CompilerThread1" daemon [_thread_in_native, id=18256, stack(0x0000000a01500000,0x0000000a01600000)]
  0x0000018d76d2e800 JavaThread "C2 CompilerThread0" daemon [_thread_in_native, id=10264, stack(0x0000000a01400000,0x0000000a01500000)]
  0x0000018d76d2d800 JavaThread "Attach Listener" daemon [_thread_blocked, id=18344, stack(0x0000000a01300000,0x0000000a01400000)]
  0x0000018d790d3800 JavaThread "Signal Dispatcher" daemon [_thread_blocked, id=6160, stack(0x0000000a01200000,0x0000000a01300000)]
  0x0000018d76cfb000 JavaThread "Finalizer" daemon [_thread_blocked, id=14504, stack(0x0000000a01100000,0x0000000a01200000)]
  0x0000018d76cf4000 JavaThread "Reference Handler" daemon [_thread_blocked, id=14380, stack(0x0000000a01000000,0x0000000a01100000)]
  0x0000018d5bf3c000 JavaThread "main" [_thread_in_Java, id=26544, stack(0x0000000a00400000,0x0000000a00500000)]

Other Threads:
  0x0000018d76ccc800 VMThread [stack: 0x0000000a00f00000,0x0000000a01000000] [id=3472]
  0x0000018d79166000 WatcherThread [stack: 0x0000000a01900000,0x0000000a01a00000] [id=9232]

VM state:not at safepoint (normal execution)

VM Mutex/Monitor currently owned by a thread: None

heap address: 0x00000006c0c00000, size: 4084 MB, Compressed Oops mode: Zero based, Oop shift amount: 3
Narrow klass base: 0x0000000000000000, Narrow klass shift: 3
Compressed class space size: 1073741824 Address: 0x00000007c0000000

Heap:
 PSYoungGen      total 283648K, used 139087K [0x000000076af00000, 0x000000077f780000, 0x00000007c0000000)
  eden space 233984K, 59% used [0x000000076af00000,0x00000007736d3e98,0x0000000779380000)
  from space 49664K, 0% used [0x000000077c200000,0x000000077c200000,0x000000077f280000)
  to   space 47616K, 0% used [0x0000000779380000,0x0000000779380000,0x000000077c200000)
 ParOldGen       total 376832K, used 95296K [0x00000006c0c00000, 0x00000006d7c00000, 0x000000076af00000)
  object space 376832K, 25% used [0x00000006c0c00000,0x00000006c69102e8,0x00000006d7c00000)
 Metaspace       used 60798K, capacity 62184K, committed 62336K, reserved 1103872K
  class space    used 7114K, capacity 7452K, committed 7552K, reserved 1048576K

Card table byte_map: [0x0000018d6cd60000,0x0000018d6d560000] byte_map_base: 0x0000018d6975a000

Marking Bits: (ParMarkBitMap*) 0x0000000050837fe0
 Begin Bits: [0x0000018d6dac0000, 0x0000018d71a90000)
 End Bits:   [0x0000018d71a90000, 0x0000018d75a60000)

Polling page: 0x0000018d5bed0000

CodeCache: size=245760Kb used=46546Kb max_used=46546Kb free=199213Kb
 bounds [0x0000018d5d9a0000, 0x0000018d60750000, 0x0000018d6c9a0000]
 total_blobs=11640 nmethods=11109 adapters=442
 compilation: enabled

Compilation events (10 events):
Event: 8.070 Thread 0x0000018d76d4b800 13300       3       org.jetbrains.kotlin.contracts.model.structure.CallComputation::<init> (21 bytes)
Event: 8.071 Thread 0x0000018d76d4b800 nmethod 13300 0x0000018d60736290 code [0x0000018d60736460, 0x0000018d60736ba0]
Event: 8.071 Thread 0x0000018d76d4b800 13298       3       org.jetbrains.kotlin.com.intellij.psi.augment.PsiAugmentProvider$$Lambda$212/1580825201::get$Lambda (10 bytes)
Event: 8.071 Thread 0x0000018d76d4b800 nmethod 13298 0x0000018d60736fd0 code [0x0000018d60737140, 0x0000018d607373b8]
Event: 8.071 Thread 0x0000018d76d4b800 13299       3       org.jetbrains.kotlin.com.intellij.psi.augment.PsiAugmentProvider$$Lambda$212/1580825201::<init> (15 bytes)
Event: 8.071 Thread 0x0000018d76d4b800 nmethod 13299 0x0000018d607374d0 code [0x0000018d60737620, 0x0000018d60737818]
Event: 8.073 Thread 0x0000018d76d4b800 13301       1       org.jetbrains.kotlin.com.intellij.ide.highlighter.JavaClassFileType::getName (3 bytes)
Event: 8.073 Thread 0x0000018d76d4b800 nmethod 13301 0x0000018d6071ae50 code [0x0000018d6071afa0, 0x0000018d6071b0b8]
Event: 8.073 Thread 0x0000018d76d4b800 13302       3       org.jetbrains.kotlin.com.intellij.psi.impl.compiled.ClsClassImpl::hasModifierProperty (19 bytes)
Event: 8.074 Thread 0x0000018d76d4b800 nmethod 13302 0x0000018d607378d0 code [0x0000018d60737ac0, 0x0000018d60738430]

GC Heap History (10 events):
Event: 1.913 GC heap before
{Heap before GC invocations=5 (full 2):
 PSYoungGen      total 141824K, used 10740K [0x000000076af00000, 0x0000000777580000, 0x00000007c0000000)
  eden space 131072K, 0% used [0x000000076af00000,0x000000076af00000,0x0000000772f00000)
  from space 10752K, 99% used [0x0000000772f00000,0x000000077397d158,0x0000000773980000)
  to   space 10752K, 0% used [0x0000000776b00000,0x0000000776b00000,0x0000000777580000)
 ParOldGen       total 141824K, used 37259K [0x00000006c0c00000, 0x00000006c9680000, 0x000000076af00000)
  object space 141824K, 26% used [0x00000006c0c00000,0x00000006c3062eb0,0x00000006c9680000)
 Metaspace       used 34508K, capacity 35068K, committed 35416K, reserved 1081344K
  class space    used 4364K, capacity 4540K, committed 4608K, reserved 1048576K
Event: 1.950 GC heap after
Heap after GC invocations=5 (full 2):
 PSYoungGen      total 141824K, used 0K [0x000000076af00000, 0x0000000777580000, 0x00000007c0000000)
  eden space 131072K, 0% used [0x000000076af00000,0x000000076af00000,0x0000000772f00000)
  from space 10752K, 0% used [0x0000000772f00000,0x0000000772f00000,0x0000000773980000)
  to   space 10752K, 0% used [0x0000000776b00000,0x0000000776b00000,0x0000000777580000)
 ParOldGen       total 233472K, used 43700K [0x00000006c0c00000, 0x00000006cf000000, 0x000000076af00000)
  object space 233472K, 18% used [0x00000006c0c00000,0x00000006c36ad258,0x00000006cf000000)
 Metaspace       used 34508K, capacity 35068K, committed 35416K, reserved 1081344K
  class space    used 4364K, capacity 4540K, committed 4608K, reserved 1048576K
}
Event: 3.194 GC heap before
{Heap before GC invocations=6 (full 2):
 PSYoungGen      total 141824K, used 131072K [0x000000076af00000, 0x0000000777580000, 0x00000007c0000000)
  eden space 131072K, 100% used [0x000000076af00000,0x0000000772f00000,0x0000000772f00000)
  from space 10752K, 0% used [0x0000000772f00000,0x0000000772f00000,0x0000000773980000)
  to   space 10752K, 0% used [0x0000000776b00000,0x0000000776b00000,0x0000000777580000)
 ParOldGen       total 233472K, used 43700K [0x00000006c0c00000, 0x00000006cf000000, 0x000000076af00000)
  object space 233472K, 18% used [0x00000006c0c00000,0x00000006c36ad258,0x00000006cf000000)
 Metaspace       used 45106K, capacity 45914K, committed 46208K, reserved 1089536K
  class space    used 5500K, capacity 5741K, committed 5760K, reserved 1048576K
Event: 3.209 GC heap after
Heap after GC invocations=6 (full 2):
 PSYoungGen      total 184832K, used 10740K [0x000000076af00000, 0x0000000777580000, 0x00000007c0000000)
  eden space 174080K, 0% used [0x000000076af00000,0x000000076af00000,0x0000000775900000)
  from space 10752K, 99% used [0x0000000776b00000,0x000000077757d140,0x0000000777580000)
  to   space 10752K, 0% used [0x0000000776080000,0x0000000776080000,0x0000000776b00000)
 ParOldGen       total 233472K, used 61346K [0x00000006c0c00000, 0x00000006cf000000, 0x000000076af00000)
  object space 233472K, 26% used [0x00000006c0c00000,0x00000006c47e8980,0x00000006cf000000)
 Metaspace       used 45106K, capacity 45914K, committed 46208K, reserved 1089536K
  class space    used 5500K, capacity 5741K, committed 5760K, reserved 1048576K
}
Event: 4.725 GC heap before
{Heap before GC invocations=7 (full 2):
 PSYoungGen      total 184832K, used 184820K [0x000000076af00000, 0x0000000777580000, 0x00000007c0000000)
  eden space 174080K, 100% used [0x000000076af00000,0x0000000775900000,0x0000000775900000)
  from space 10752K, 99% used [0x0000000776b00000,0x000000077757d140,0x0000000777580000)
  to   space 10752K, 0% used [0x0000000776080000,0x0000000776080000,0x0000000776b00000)
 ParOldGen       total 233472K, used 61346K [0x00000006c0c00000, 0x00000006cf000000, 0x000000076af00000)
  object space 233472K, 26% used [0x00000006c0c00000,0x00000006c47e8980,0x00000006cf000000)
 Metaspace       used 53612K, capacity 54856K, committed 55040K, reserved 1097728K
  class space    used 6555K, capacity 6868K, committed 6912K, reserved 1048576K
Event: 4.754 GC heap after
Heap after GC invocations=7 (full 2):
 PSYoungGen      total 192512K, used 10741K [0x000000076af00000, 0x000000077f280000, 0x00000007c0000000)
  eden space 181760K, 0% used [0x000000076af00000,0x000000076af00000,0x0000000776080000)
  from space 10752K, 99% used [0x0000000776080000,0x0000000776afd628,0x0000000776b00000)
  to   space 49664K, 0% used [0x000000077c200000,0x000000077c200000,0x000000077f280000)
 ParOldGen       total 233472K, used 99936K [0x00000006c0c00000, 0x00000006cf000000, 0x000000076af00000)
  object space 233472K, 42% used [0x00000006c0c00000,0x00000006c6d98218,0x00000006cf000000)
 Metaspace       used 53612K, capacity 54856K, committed 55040K, reserved 1097728K
  class space    used 6555K, capacity 6868K, committed 6912K, reserved 1048576K
}
Event: 5.972 GC heap before
{Heap before GC invocations=8 (full 2):
 PSYoungGen      total 192512K, used 171314K [0x000000076af00000, 0x000000077f280000, 0x00000007c0000000)
  eden space 181760K, 88% used [0x000000076af00000,0x0000000774bcf2b8,0x0000000776080000)
  from space 10752K, 99% used [0x0000000776080000,0x0000000776afd628,0x0000000776b00000)
  to   space 49664K, 0% used [0x000000077c200000,0x000000077c200000,0x000000077f280000)
 ParOldGen       total 233472K, used 99936K [0x00000006c0c00000, 0x00000006cf000000, 0x000000076af00000)
  object space 233472K, 42% used [0x00000006c0c00000,0x00000006c6d98218,0x00000006cf000000)
 Metaspace       used 57603K, capacity 58862K, committed 59008K, reserved 1101824K
  class space    used 6913K, capacity 7241K, committed 7296K, reserved 1048576K
Event: 5.991 GC heap after
Heap after GC invocations=8 (full 2):
 PSYoungGen      total 283648K, used 30443K [0x000000076af00000, 0x000000077f780000, 0x00000007c0000000)
  eden space 233984K, 0% used [0x000000076af00000,0x000000076af00000,0x0000000779380000)
  from space 49664K, 61% used [0x000000077c200000,0x000000077dfbae10,0x000000077f280000)
  to   space 47616K, 0% used [0x0000000779380000,0x0000000779380000,0x000000077c200000)
 ParOldGen       total 233472K, used 99944K [0x00000006c0c00000, 0x00000006cf000000, 0x000000076af00000)
  object space 233472K, 42% used [0x00000006c0c00000,0x00000006c6d9a218,0x00000006cf000000)
 Metaspace       used 57603K, capacity 58862K, committed 59008K, reserved 1101824K
  class space    used 6913K, capacity 7241K, committed 7296K, reserved 1048576K
}
Event: 5.991 GC heap before
{Heap before GC invocations=9 (full 3):
 PSYoungGen      total 283648K, used 30443K [0x000000076af00000, 0x000000077f780000, 0x00000007c0000000)
  eden space 233984K, 0% used [0x000000076af00000,0x000000076af00000,0x0000000779380000)
  from space 49664K, 61% used [0x000000077c200000,0x000000077dfbae10,0x000000077f280000)
  to   space 47616K, 0% used [0x0000000779380000,0x0000000779380000,0x000000077c200000)
 ParOldGen       total 233472K, used 99944K [0x00000006c0c00000, 0x00000006cf000000, 0x000000076af00000)
  object space 233472K, 42% used [0x00000006c0c00000,0x00000006c6d9a218,0x00000006cf000000)
 Metaspace       used 57603K, capacity 58862K, committed 59008K, reserved 1101824K
  class space    used 6913K, capacity 7241K, committed 7296K, reserved 1048576K
Event: 6.161 GC heap after
Heap after GC invocations=9 (full 3):
 PSYoungGen      total 283648K, used 0K [0x000000076af00000, 0x000000077f780000, 0x00000007c0000000)
  eden space 233984K, 0% used [0x000000076af00000,0x000000076af00000,0x0000000779380000)
  from space 49664K, 0% used [0x000000077c200000,0x000000077c200000,0x000000077f280000)
  to   space 47616K, 0% used [0x0000000779380000,0x0000000779380000,0x000000077c200000)
 ParOldGen       total 376832K, used 95296K [0x00000006c0c00000, 0x00000006d7c00000, 0x000000076af00000)
  object space 376832K, 25% used [0x00000006c0c00000,0x00000006c69102e8,0x00000006d7c00000)
 Metaspace       used 57603K, capacity 58862K, committed 59008K, reserved 1101824K
  class space    used 6913K, capacity 7241K, committed 7296K, reserved 1048576K
}

Deoptimization events (10 events):
Event: 7.887 Thread 0x0000018d5bf3c000 Uncommon trap: reason=unstable_if action=reinterpret pc=0x0000018d5e9f89c0 method=org.jetbrains.kotlin.com.intellij.psi.impl.source.CharTableImpl.intern(Ljava/lang/CharSequence;II)Ljava/lang/CharSequence; @ 18
Event: 7.887 Thread 0x0000018d5bf3c000 Uncommon trap: reason=unstable_if action=reinterpret pc=0x0000018d5ea1354c method=org.jetbrains.kotlin.com.intellij.psi.impl.source.CharTableImpl$StringHashToCharSequencesMap.charSequenceSubSequenceEquals(Ljava/lang/CharSequence;Ljava/lang/CharSequence;II
Event: 7.938 Thread 0x0000018d5bf3c000 Uncommon trap: reason=unstable_if action=reinterpret pc=0x0000018d60596100 method=org.jetbrains.kotlin.resolve.calls.inference.components.FreshVariableNewTypeSubstitutor.substituteNotNullTypeWithConstructor(Lorg/jetbrains/kotlin/types/TypeConstructor;)Lor
Event: 8.017 Thread 0x0000018d5bf3c000 Uncommon trap: reason=class_check action=maybe_recompile pc=0x0000018d606a123c method=org.jetbrains.kotlin.resolve.lazy.FileScopeFactory$currentPackageScope$1.getParent()Lorg/jetbrains/kotlin/resolve/scopes/HierarchicalScope; @ 4
Event: 8.017 Thread 0x0000018d5bf3c000 Uncommon trap: reason=class_check action=maybe_recompile pc=0x0000018d606a123c method=org.jetbrains.kotlin.resolve.lazy.FileScopeFactory$currentPackageScope$1.getParent()Lorg/jetbrains/kotlin/resolve/scopes/HierarchicalScope; @ 4
Event: 8.017 Thread 0x0000018d5bf3c000 Uncommon trap: reason=class_check action=maybe_recompile pc=0x0000018d606a123c method=org.jetbrains.kotlin.resolve.lazy.FileScopeFactory$currentPackageScope$1.getParent()Lorg/jetbrains/kotlin/resolve/scopes/HierarchicalScope; @ 4
Event: 8.017 Thread 0x0000018d5bf3c000 Uncommon trap: reason=class_check action=maybe_recompile pc=0x0000018d606a123c method=org.jetbrains.kotlin.resolve.lazy.FileScopeFactory$currentPackageScope$1.getParent()Lorg/jetbrains/kotlin/resolve/scopes/HierarchicalScope; @ 4
Event: 8.031 Thread 0x0000018d5bf3c000 Uncommon trap: reason=unstable_if action=reinterpret pc=0x0000018d5e9d29c4 method=org.jetbrains.org.objectweb.asm.ClassReader.readCode(Lorg/jetbrains/org/objectweb/asm/MethodVisitor;Lorg/jetbrains/org/objectweb/asm/Context;I)V @ 4529
Event: 8.056 Thread 0x0000018d5bf3c000 Uncommon trap: reason=class_check action=maybe_recompile pc=0x0000018d5ec77240 method=java.util.HashSet.remove(Ljava/lang/Object;)Z @ 5
Event: 8.056 Thread 0x0000018d5bf3c000 Uncommon trap: reason=class_check action=maybe_recompile pc=0x0000018d5ec77240 method=java.util.HashSet.remove(Ljava/lang/Object;)Z @ 5

Classes redefined (0 events):
No events

Internal exceptions (10 events):
Event: 5.397 Thread 0x0000018d5bf3c000 Implicit null exception at 0x0000018d5ed7f25c to 0x0000018d5ed7f911
Event: 5.397 Thread 0x0000018d5bf3c000 Implicit null exception at 0x0000018d5ed59e7c to 0x0000018d5ed5a469
Event: 5.477 Thread 0x0000018d5bf3c000 Exception <a 'java/lang/IncompatibleClassChangeError': Found class java.lang.Object, but interface was expected> (0x0000000772bdcf20) thrown at [C:\jenkins\workspace\8-2-build-windows-amd64-cygwin\jdk8u291\1294\hotspot\src\share\vm\interpreter\linkResolve
Event: 5.599 Thread 0x0000018d5bf3c000 Implicit null exception at 0x0000018d5e7d8896 to 0x0000018d5e7d9275
Event: 5.606 Thread 0x0000018d5bf3c000 Implicit null exception at 0x0000018d5dc30d16 to 0x0000018d5dc310a1
Event: 5.611 Thread 0x0000018d5bf3c000 Implicit null exception at 0x0000018d5dba5396 to 0x0000018d5dba5721
Event: 5.788 Thread 0x0000018d5bf3c000 Implicit null exception at 0x0000018d5f821fda to 0x0000018d5f826c15
Event: 6.173 Thread 0x0000018d5bf3c000 Implicit null exception at 0x0000018d5fc1513c to 0x0000018d5fc16c45
Event: 6.269 Thread 0x0000018d5bf3c000 Implicit null exception at 0x0000018d5dbc54d5 to 0x0000018d5dbc56d9
Event: 6.849 Thread 0x0000018d5bf3c000 Implicit null exception at 0x0000018d5ea7b370 to 0x0000018d5ea7b40d

Events (10 events):
Event: 8.031 Thread 0x0000018d5bf3c000 DEOPT PACKING pc=0x0000018d5e9d29c4 sp=0x0000000a004f4f50
Event: 8.031 Thread 0x0000018d5bf3c000 DEOPT UNPACKING pc=0x0000018d5d9e5843 sp=0x0000000a004f4ed0 mode 2
Event: 8.032 loading class org/jetbrains/kotlin/com/intellij/psi/impl/source/javadoc/PsiDocMethodOrFieldRef
Event: 8.032 loading class org/jetbrains/kotlin/com/intellij/psi/impl/source/javadoc/PsiDocMethodOrFieldRef done
Event: 8.056 Thread 0x0000018d5bf3c000 Uncommon trap: trap_request=0xffffffde fr.pc=0x0000018d5ec77240
Event: 8.056 Thread 0x0000018d5bf3c000 DEOPT PACKING pc=0x0000018d5ec77240 sp=0x0000000a004f5df0
Event: 8.056 Thread 0x0000018d5bf3c000 DEOPT UNPACKING pc=0x0000018d5d9e5843 sp=0x0000000a004f5d38 mode 2
Event: 8.056 Thread 0x0000018d5bf3c000 Uncommon trap: trap_request=0xffffffde fr.pc=0x0000018d5ec77240
Event: 8.056 Thread 0x0000018d5bf3c000 DEOPT PACKING pc=0x0000018d5ec77240 sp=0x0000000a004f6ae0
Event: 8.056 Thread 0x0000018d5bf3c000 DEOPT UNPACKING pc=0x0000018d5d9e5843 sp=0x0000000a004f6a28 mode 2


Dynamic libraries:
0x00007ff66da50000 - 0x00007ff66da97000 	C:\Program Files\Java\jdk1.8.0_291\jre\bin\java.exe
0x00007ffe8dac0000 - 0x00007ffe8dcb0000 	C:\Windows\SYSTEM32\ntdll.dll
0x00007ffe8c310000 - 0x00007ffe8c3c2000 	C:\Windows\System32\KERNEL32.DLL
0x00007ffe8aa50000 - 0x00007ffe8acf3000 	C:\Windows\System32\KERNELBASE.dll
0x00007ffe8d9d0000 - 0x00007ffe8da73000 	C:\Windows\System32\ADVAPI32.dll
0x00007ffe8d700000 - 0x00007ffe8d79e000 	C:\Windows\System32\msvcrt.dll
0x00007ffe8d640000 - 0x00007ffe8d6d7000 	C:\Windows\System32\sechost.dll
0x00007ffe8c0b0000 - 0x00007ffe8c1d0000 	C:\Windows\System32\RPCRT4.dll
0x00007ffe8d200000 - 0x00007ffe8d394000 	C:\Windows\System32\USER32.dll
0x00007ffe8b830000 - 0x00007ffe8b851000 	C:\Windows\System32\win32u.dll
0x00007ffe8d470000 - 0x00007ffe8d496000 	C:\Windows\System32\GDI32.dll
0x00007ffe8b950000 - 0x00007ffe8bae4000 	C:\Windows\System32\gdi32full.dll
0x00007ffe8b8b0000 - 0x00007ffe8b94e000 	C:\Windows\System32\msvcp_win.dll
0x00007ffe8ad00000 - 0x00007ffe8adfa000 	C:\Windows\System32\ucrtbase.dll
0x00007ffe83dd0000 - 0x00007ffe84055000 	C:\Windows\WinSxS\amd64_microsoft.windows.common-controls_6595b64144ccf1df_6.0.18362.592_none_e6c0b1911312be02\COMCTL32.dll
0x00007ffe8bd50000 - 0x00007ffe8c086000 	C:\Windows\System32\combase.dll
0x00007ffe8baf0000 - 0x00007ffe8bb70000 	C:\Windows\System32\bcryptPrimitives.dll
0x00007ffe8c560000 - 0x00007ffe8c58e000 	C:\Windows\System32\IMM32.DLL
0x00007ffe86530000 - 0x00007ffe86545000 	C:\Program Files\Java\jdk1.8.0_291\jre\bin\vcruntime140.dll
0x00007ffe56de0000 - 0x00007ffe56e7b000 	C:\Program Files\Java\jdk1.8.0_291\jre\bin\msvcp140.dll
0x0000000050050000 - 0x00000000508b0000 	C:\Program Files\Java\jdk1.8.0_291\jre\bin\server\jvm.dll
0x00007ffe8d6e0000 - 0x00007ffe8d6e8000 	C:\Windows\System32\PSAPI.DLL
0x00007ffe884a0000 - 0x00007ffe884c4000 	C:\Windows\SYSTEM32\WINMM.dll
0x00007ffe86f60000 - 0x00007ffe86f6a000 	C:\Windows\SYSTEM32\VERSION.dll
0x00007ffe88460000 - 0x00007ffe8848d000 	C:\Windows\SYSTEM32\winmmbase.dll
0x00007ffe8b860000 - 0x00007ffe8b8aa000 	C:\Windows\System32\cfgmgr32.dll
0x00007ffe702f0000 - 0x00007ffe702f9000 	C:\Windows\SYSTEM32\WSOCK32.dll
0x00007ffe8d400000 - 0x00007ffe8d46f000 	C:\Windows\System32\WS2_32.dll
0x00007ffe8a9a0000 - 0x00007ffe8a9b1000 	C:\Windows\System32\kernel.appcore.dll
0x00007ffe86600000 - 0x00007ffe86610000 	C:\Program Files\Java\jdk1.8.0_291\jre\bin\verify.dll
0x00007ffe7fb70000 - 0x00007ffe7fb9b000 	C:\Program Files\Java\jdk1.8.0_291\jre\bin\java.dll
0x00007ffe81940000 - 0x00007ffe81958000 	C:\Program Files\Java\jdk1.8.0_291\jre\bin\zip.dll
0x00007ffe8c5f0000 - 0x00007ffe8ccd5000 	C:\Windows\System32\SHELL32.dll
0x00007ffe8cce0000 - 0x00007ffe8cd89000 	C:\Windows\System32\shcore.dll
0x00007ffe8af60000 - 0x00007ffe8b6df000 	C:\Windows\System32\windows.storage.dll
0x00007ffe8aa30000 - 0x00007ffe8aa4f000 	C:\Windows\System32\profapi.dll
0x00007ffe8a9c0000 - 0x00007ffe8aa0a000 	C:\Windows\System32\powrprof.dll
0x00007ffe8a990000 - 0x00007ffe8a9a0000 	C:\Windows\System32\UMPDC.dll
0x00007ffe8c590000 - 0x00007ffe8c5e2000 	C:\Windows\System32\shlwapi.dll
0x00007ffe8aee0000 - 0x00007ffe8aef7000 	C:\Windows\System32\cryptsp.dll
0x00007ffe7fb50000 - 0x00007ffe7fb6c000 	C:\Program Files\Java\jdk1.8.0_291\jre\bin\net.dll
0x00007ffe8a200000 - 0x00007ffe8a267000 	C:\Windows\system32\mswsock.dll
0x00007ffe7abb0000 - 0x00007ffe7abc3000 	C:\Program Files\Java\jdk1.8.0_291\jre\bin\nio.dll
0x00007ffe70bf0000 - 0x00007ffe70de4000 	C:\Windows\SYSTEM32\dbghelp.dll

VM Arguments:
java_command: org.jetbrains.kotlin.cli.jvm.K2JVMCompiler @G:\AndroidStudioProjects\APP\yuehaoting\app\build\20211009_2044701569043196323.compiler.options
java_class_path (initial): E:\Android\gradle\caches\modules-2\files-2.1\org.jetbrains.kotlin\kotlin-compiler-embeddable\1.5.0\6e53e0ca3cf7eff1a4df71171c8f9604b983e1d6\kotlin-compiler-embeddable-1.5.0.jar;E:\Android\gradle\caches\modules-2\files-2.1\org.jetbrains.kotlin\kotlin-reflect\1.5.0\47806fe8ed30dbdf9e697eda5e9c9a3905ff3363\kotlin-reflect-1.5.0.jar;E:\Android\gradle\caches\modules-2\files-2.1\org.jetbrains.kotlin\kotlin-stdlib\1.5.0\29dae2501ca094416d15af0e21470cb634780444\kotlin-stdlib-1.5.0.jar;E:\Android\gradle\caches\modules-2\files-2.1\org.jetbrains.kotlin\kotlin-script-runtime\1.5.0\a2d66828077376fc1851a6fdbf25865935f4101d\kotlin-script-runtime-1.5.0.jar;E:\Android\gradle\caches\modules-2\files-2.1\org.jetbrains.kotlin\kotlin-daemon-embeddable\1.5.0\7f3567acfef59ff865a99a584d814bde87226dd5\kotlin-daemon-embeddable-1.5.0.jar;E:\Android\gradle\caches\modules-2\files-2.1\org.jetbrains.intellij.deps\trove4j\1.0.20181211\216c2e14b070f334479d800987affe4054cd563f\trove4j-1.0.20181211.jar;E:\Android\gradle\caches\modules-2\files-2.1\org.jetbrains\annotations\13.0\919f0dfe192fb4e063e7dacadee7f8bb9a2672a9\annotations-13.0.jar;E:\Android\gradle\caches\modules-2\files-2.1\org.jetbrains.kotlin\kotlin-stdlib-common\1.5.0\4080d69efca5e39e9b4972f125e40f1607bd6460\kotlin-stdlib-common-1.5.0.jar;C:\Program Files\Java\jdk1.8.0_291\lib\tools.jar
Launcher Type: SUN_STANDARD

Environment Variables:
JAVA_HOME=C:\Program Files\Java\jdk1.8.0_291
CLASSPATH=.;C:\Program Files\Java\jdk1.8.0_291\lib\dt.jar;C:\Program Files\Java\jdk1.8.0_291\lib\tools.jar 
PATH=E:\1√¸¡Ó◊¿√Ê;E:\Android\flutter_windows_2.0.1-stable\flutter\bin;indows\system32;C:\Windows;C:\Windows\System32\Wbem;C:\Windows\System32\WindowsPowerShell\v1.0\;C:\Windows\System32\OpenSSH\;C:\Users\13967\AppData\Local\Programs\Python\Python37;C:\ProgramData\chocolatey\bin;C:\Program Files (x86)\NVIDIA Corporation\PhysX\Common;C:\Program Files\NVIDIA Corporation\NVIDIA NvDLISR;E:\Android\gradle\bin;C:\Program Files (x86)\QuickTime\QTSystem\;G:\Linux\LxRunOffline-v3.5.0-mingw;E:\Android\SDK\platform-tools;E:\Git\cmd;C:\Windows\System32;E:\Git\bin;E:\Android\maven\apache-maven-3.3.9-bin\apache-maven-3.3.9\bin;E:\Android\gradle\bin;E:\Android\Tool-master;C:\cygwin64\bin;C:\Program Files\koltin\kotlin-compiler-1.4.32\kotlinc\bin;C:\Program Files\Java\jdk1.8.0_291\bin;C:\Program Files\Java\jdk1.8.0_291\jre\bin;E:\mysql-8.0.24-winx64\mysql-8.0.24-winx64\bin;E:\SSH\;E:\apache-tomcat-10.0.6\bin;E:\Android\SDK\platform-tools;E:\Android\gradle\wrapper\dists\gradle-7.1.1-bin\f29rtwfnc96ub43tt7p47zsru\gradle-7.1.1\bin;E:\Android\gradle\nodejs\node-v12.16.1-win-x64;E:\Android\SDK\tools;E:\Android\gradle\nodejs\node-v12.16.1-win-x64\node_modules\hexo\bin;E:\Android\gradle\nodejs\node-v12.16.1-win-x64\node_modules\n\bin;C:\Python27;C:\Program Files\python-3.9.6-embed-amd64\pip-21.2.1\pip-21.2.1;C:\Program Files\Intel\WiFi\bin\;C:\Program Files\Common Files\Intel\WirelessCommon\;E:\Android\SDK\tools\bin;G:\Android∑¥±‡“Î\dex2jar-2.0\dex2jar-2.0;C:\Users\13967\AppData\Local\Microsoft\WindowsApps;C:\Users\13967\AppData\Local\GitHubDesktop\bin;E:\mitmproxy\bin;C:\Program Files\Intel\WiFi\bin\;C:\Program Files\Common Files\Intel\WirelessCommon\
USERNAME=13967
OS=Windows_NT
PROCESSOR_IDENTIFIER=AMD64 Family 23 Model 113 Stepping 0, AuthenticAMD



---------------  S Y S T E M  ---------------

OS: Windows 10.0 , 64 bit Build 18362 (10.0.18362.329)

CPU:total 12 (initial active 12) (12 cores per cpu, 1 threads per core) family 23 model 113 stepping 0, cmov, cx8, fxsr, mmx, sse, sse2, sse3, ssse3, sse4.1, sse4.2, popcnt, avx, avx2, aes, clmul, mmxext, 3dnowpref, lzcnt, sse4a, tsc, tscinvbit, tscinv, bmi1

Memory: 4k page, physical 16725344k(4292348k free), swap 23541088k(6088k free)

vm_info: Java HotSpot(TM) 64-Bit Server VM (25.291-b10) for windows-amd64 JRE (1.8.0_291-b10), built on Apr  9 2021 00:02:00 by "java_re" with MS VC++ 15.9 (VS2017)

time: Sat Oct  9 17:37:43 2021
timezone: ?D1®≤°¿®∫°¡?®∫°¿??
elapsed time: 8.092269 seconds (0d 0h 0m 8s)

