#
# There is insufficient memory for the Java Runtime Environment to continue.
# Native memory allocation (malloc) failed to allocate 32744 bytes for ChunkPool::allocate
# Possible reasons:
#   The system is out of physical RAM or swap space
#   The process is running with CompressedOops enabled, and the Java Heap may be blocking the growth of the native heap
# Possible solutions:
#   Reduce memory load on the system
#   Increase physical memory or swap space
#   Check if swap backing store is full
#   Decrease Java heap size (-Xmx/-Xms)
#   Decrease number of Java threads
#   Decrease Java thread stack sizes (-Xss)
#   Set larger code cache with -XX:ReservedCodeCacheSize=
#   JVM is running with Unscaled Compressed Oops mode in which the Java heap is
#     placed in the first 4GB address space. The Java Heap base address is the
#     maximum limit for the native heap growth. Please use -XX:HeapBaseMinAddress
#     to set the Java Heap base and to place the Java Heap above 4GB virtual address.
# This output file may be truncated or incomplete.
#
#  Out of Memory Error (allocation.cpp:272), pid=28312, tid=0x0000000000001b30
#
# JRE version: Java(TM) SE Runtime Environment (8.0_291-b10) (build 1.8.0_291-b10)
# Java VM: Java HotSpot(TM) 64-Bit Server VM (25.291-b10 mixed mode windows-amd64 compressed oops)
# Failed to write core dump. Minidumps are not enabled by default on client versions of Windows
#

---------------  T H R E A D  ---------------

Current thread (0x00000162edb02800):  JavaThread "C2 CompilerThread0" daemon [_thread_in_native, id=6960, stack(0x0000002b83c00000,0x0000002b83d00000)]

Stack: [0x0000002b83c00000,0x0000002b83d00000]
Native frames: (J=compiled Java code, j=interpreted, Vv=VM code, C=native code)
V  [jvm.dll+0x32ea19]
V  [jvm.dll+0x275462]
V  [jvm.dll+0x27610d]
V  [jvm.dll+0x26cb45]
V  [jvm.dll+0xd56ed]
V  [jvm.dll+0xd5a4c]
V  [jvm.dll+0x4e32ee]
V  [jvm.dll+0x437795]
V  [jvm.dll+0x440855]
V  [jvm.dll+0x43fc15]
V  [jvm.dll+0x42aa57]
V  [jvm.dll+0xabeeb]
V  [jvm.dll+0xaa54b]
V  [jvm.dll+0x23db02]
V  [jvm.dll+0x29210c]
C  [ucrtbase.dll+0x20e72]
C  [KERNEL32.DLL+0x17bd4]
C  [ntdll.dll+0x6ced1]


Current CompileTask:
C2: 106211 20125       4       org.objectweb.asm.ClassReader::readCode (5089 bytes)


---------------  P R O C E S S  ---------------

Java Threads: ( => current thread )
  0x00000162f9f4e000 JavaThread "RMI TCP Connection(1)-127.0.0.1" daemon [_thread_in_native, id=26172, stack(0x0000002b8ee00000,0x0000002b8ef00000)]
  0x00000162f9f4d000 JavaThread "RMI Reaper" [_thread_blocked, id=10948, stack(0x0000002b8ed00000,0x0000002b8ee00000)]
  0x00000162f9f4c800 JavaThread "RMI TCP Accept-0" daemon [_thread_in_native, id=3848, stack(0x0000002b8ec00000,0x0000002b8ed00000)]
  0x00000162f9f45000 JavaThread "GC Daemon" daemon [_thread_blocked, id=26900, stack(0x0000002b8eb00000,0x0000002b8ec00000)]
  0x00000162f9f4b800 JavaThread "RMI RenewClean-[127.0.0.1:17628,org.jetbrains.kotlin.daemon.common.LoopbackNetworkInterface$ClientLoopbackSocketFactory@1befda16]" daemon [_thread_blocked, id=17632, stack(0x0000002b8e800000,0x0000002b8e900000)]
  0x00000162f9f43800 JavaThread "RMI Scheduler(0)" daemon [_thread_blocked, id=3232, stack(0x0000002b8e600000,0x0000002b8e700000)]
  0x00000162f9f40800 JavaThread "stdout" [_thread_in_native, id=12924, stack(0x0000002b8f900000,0x0000002b8fa00000)]
  0x00000162f9f46800 JavaThread "stderr" [_thread_in_native, id=18844, stack(0x0000002b8f800000,0x0000002b8f900000)]
  0x00000162f9f41000 JavaThread "pool-4-thread-1" [_thread_blocked, id=6600, stack(0x0000002b8f600000,0x0000002b8f700000)]
  0x00000162f73cd000 JavaThread "WorkerExecutor Queue Thread 12" [_thread_blocked, id=19712, stack(0x0000002b8f500000,0x0000002b8f600000)]
  0x00000162f73d1800 JavaThread "WorkerExecutor Queue Thread 9" [_thread_blocked, id=13656, stack(0x0000002b8f200000,0x0000002b8f300000)]
  0x00000162f73cc000 JavaThread "Java2D Disposer" daemon [_thread_blocked, id=4160, stack(0x0000002b8f100000,0x0000002b8f200000)]
  0x00000162f73c7000 JavaThread "Exec process Thread 3" [_thread_blocked, id=10332, stack(0x0000002b8ea00000,0x0000002b8eb00000)]
  0x00000162f73c8800 JavaThread "Exec process Thread 2" [_thread_blocked, id=28632, stack(0x0000002b8e900000,0x0000002b8ea00000)]
  0x00000162f73c7800 JavaThread "Exec process" [_thread_blocked, id=20120, stack(0x0000002b8e700000,0x0000002b8e800000)]
  0x00000162f2880800 JavaThread "WorkerExecutor Queue" [_thread_blocked, id=26740, stack(0x0000002b8e500000,0x0000002b8e600000)]
  0x00000162f2880000 JavaThread "Cache worker for execution history cache (G:\AndroidStudioProjects\APP\yuehaoting\.gradle\6.7.1\executionHistory)" [_thread_blocked, id=16276, stack(0x0000002b8e400000,0x0000002b8e500000)]
  0x00000162f287f000 JavaThread "Execution worker for ':' Thread 11" [_thread_blocked, id=13428, stack(0x0000002b8e300000,0x0000002b8e400000)]
  0x00000162f287d800 JavaThread "Execution worker for ':' Thread 10" [_thread_blocked, id=21692, stack(0x0000002b8e200000,0x0000002b8e300000)]
  0x00000162f287d000 JavaThread "Execution worker for ':' Thread 9" [_thread_blocked, id=26180, stack(0x0000002b8e100000,0x0000002b8e200000)]
  0x00000162f287e800 JavaThread "Execution worker for ':' Thread 8" [_thread_blocked, id=20556, stack(0x0000002b8e000000,0x0000002b8e100000)]
  0x00000162f2875800 JavaThread "Execution worker for ':' Thread 7" [_thread_blocked, id=5952, stack(0x0000002b8df00000,0x0000002b8e000000)]
  0x00000162f287c000 JavaThread "Execution worker for ':' Thread 6" [_thread_blocked, id=15940, stack(0x0000002b8de00000,0x0000002b8df00000)]
  0x00000162f2876000 JavaThread "Execution worker for ':' Thread 5" [_thread_blocked, id=13380, stack(0x0000002b8dd00000,0x0000002b8de00000)]
  0x00000162f287b800 JavaThread "Execution worker for ':' Thread 4" [_thread_blocked, id=18352, stack(0x0000002b8dc00000,0x0000002b8dd00000)]
  0x00000162f2874000 JavaThread "Execution worker for ':' Thread 3" [_thread_in_Java, id=25776, stack(0x0000002b8db00000,0x0000002b8dc00000)]
  0x00000162f287a800 JavaThread "Execution worker for ':' Thread 2" [_thread_blocked, id=28236, stack(0x0000002b8da00000,0x0000002b8db00000)]
  0x00000162f2873000 JavaThread "Execution worker for ':'" [_thread_blocked, id=2980, stack(0x0000002b8d900000,0x0000002b8da00000)]
  0x00000162f287a000 JavaThread "build event listener" [_thread_blocked, id=13088, stack(0x0000002b8d800000,0x0000002b8d900000)]
  0x00000162f2872800 JavaThread "build event listener" [_thread_blocked, id=24808, stack(0x0000002b8d700000,0x0000002b8d800000)]
  0x00000162f2874800 JavaThread "Memory manager" [_thread_blocked, id=8924, stack(0x0000002b8d600000,0x0000002b8d700000)]
  0x00000162f730a000 JavaThread "jar transforms Thread 118" [_thread_blocked, id=18376, stack(0x0000002b8d500000,0x0000002b8d600000)]
  0x00000162f7302800 JavaThread "jar transforms Thread 117" [_thread_blocked, id=20004, stack(0x0000002b8d400000,0x0000002b8d500000)]
  0x00000162f7305000 JavaThread "jar transforms Thread 116" [_thread_blocked, id=25340, stack(0x0000002b8d300000,0x0000002b8d400000)]
  0x00000162f7309800 JavaThread "jar transforms Thread 115" [_thread_blocked, id=17580, stack(0x0000002b8d200000,0x0000002b8d300000)]
  0x00000162f7308800 JavaThread "jar transforms Thread 114" [_thread_blocked, id=3784, stack(0x0000002b8d100000,0x0000002b8d200000)]
  0x00000162f7304000 JavaThread "jar transforms Thread 113" [_thread_blocked, id=2996, stack(0x0000002b8d000000,0x0000002b8d100000)]
  0x00000162f7307000 JavaThread "jar transforms Thread 112" [_thread_blocked, id=28176, stack(0x0000002b8cf00000,0x0000002b8d000000)]
  0x00000162f7306800 JavaThread "jar transforms Thread 111" [_thread_blocked, id=12024, stack(0x0000002b8ce00000,0x0000002b8cf00000)]
  0x00000162f7305800 JavaThread "jar transforms Thread 110" [_thread_blocked, id=1492, stack(0x0000002b8cd00000,0x0000002b8ce00000)]
  0x00000162f7303800 JavaThread "jar transforms Thread 109" [_thread_blocked, id=18620, stack(0x0000002b8cc00000,0x0000002b8cd00000)]
  0x00000162f7308000 JavaThread "jar transforms Thread 108" [_thread_blocked, id=16428, stack(0x0000002b8cb00000,0x0000002b8cc00000)]
  0x00000162f72fb000 JavaThread "jar transforms Thread 107" [_thread_blocked, id=19840, stack(0x0000002b8ca00000,0x0000002b8cb00000)]
  0x00000162f7301000 JavaThread "jar transforms Thread 106" [_thread_blocked, id=8708, stack(0x0000002b8c900000,0x0000002b8ca00000)]
  0x00000162f7300800 JavaThread "jar transforms Thread 105" [_thread_blocked, id=7376, stack(0x0000002b8c800000,0x0000002b8c900000)]
  0x00000162f72ff800 JavaThread "jar transforms Thread 104" [_thread_blocked, id=2932, stack(0x0000002b8c700000,0x0000002b8c800000)]
  0x00000162f72ff000 JavaThread "jar transforms Thread 103" [_thread_blocked, id=15324, stack(0x0000002b8c600000,0x0000002b8c700000)]
  0x00000162f72fe000 JavaThread "jar transforms Thread 102" [_thread_blocked, id=10744, stack(0x0000002b8c500000,0x0000002b8c600000)]
  0x00000162f72fc800 JavaThread "jar transforms Thread 101" [_thread_blocked, id=13748, stack(0x0000002b8c400000,0x0000002b8c500000)]
  0x00000162f72fc000 JavaThread "jar transforms Thread 100" [_thread_blocked, id=10048, stack(0x0000002b8c300000,0x0000002b8c400000)]
  0x00000162f7302000 JavaThread "jar transforms Thread 99" [_thread_blocked, id=17760, stack(0x0000002b8c200000,0x0000002b8c300000)]
  0x00000162f72fd800 JavaThread "jar transforms Thread 98" [_thread_blocked, id=20316, stack(0x0000002b8c100000,0x0000002b8c200000)]
  0x00000162f1f56800 JavaThread "jar transforms Thread 97" [_thread_blocked, id=5016, stack(0x0000002b8c000000,0x0000002b8c100000)]
  0x00000162f1f58000 JavaThread "jar transforms Thread 96" [_thread_blocked, id=25192, stack(0x0000002b8bf00000,0x0000002b8c000000)]
  0x00000162f1f55800 JavaThread "jar transforms Thread 95" [_thread_blocked, id=21140, stack(0x0000002b8be00000,0x0000002b8bf00000)]
  0x00000162f1f57000 JavaThread "jar transforms Thread 94" [_thread_blocked, id=26560, stack(0x0000002b8bd00000,0x0000002b8be00000)]
  0x00000162f1f55000 JavaThread "jar transforms Thread 93" [_thread_blocked, id=22504, stack(0x0000002b8bc00000,0x0000002b8bd00000)]
  0x00000162f1f4d800 JavaThread "jar transforms Thread 92" [_thread_blocked, id=17012, stack(0x0000002b8bb00000,0x0000002b8bc00000)]
  0x00000162f1f53800 JavaThread "jar transforms Thread 91" [_thread_blocked, id=26588, stack(0x0000002b8ba00000,0x0000002b8bb00000)]
  0x00000162f1f52800 JavaThread "jar transforms Thread 90" [_thread_blocked, id=17816, stack(0x0000002b8b900000,0x0000002b8ba00000)]
  0x00000162f1f52000 JavaThread "jar transforms Thread 89" [_thread_blocked, id=21376, stack(0x0000002b8b800000,0x0000002b8b900000)]
  0x00000162f1f54000 JavaThread "jar transforms Thread 88" [_thread_blocked, id=164, stack(0x0000002b8b700000,0x0000002b8b800000)]
  0x00000162f1f51000 JavaThread "jar transforms Thread 87" [_thread_blocked, id=10184, stack(0x0000002b8b600000,0x0000002b8b700000)]
  0x00000162f1f50800 JavaThread "jar transforms Thread 86" [_thread_blocked, id=9464, stack(0x0000002b8b500000,0x0000002b8b600000)]
  0x00000162f1f49000 JavaThread "jar transforms Thread 85" [_thread_blocked, id=24812, stack(0x0000002b8b400000,0x0000002b8b500000)]
  0x00000162f1f4a800 JavaThread "jar transforms Thread 84" [_thread_blocked, id=26072, stack(0x0000002b8b300000,0x0000002b8b400000)]
  0x00000162f1f49800 JavaThread "jar transforms Thread 83" [_thread_blocked, id=10848, stack(0x0000002b8b200000,0x0000002b8b300000)]
  0x00000162f1f4b000 JavaThread "jar transforms Thread 82" [_thread_blocked, id=7424, stack(0x0000002b8b100000,0x0000002b8b200000)]
  0x00000162f1f4f000 JavaThread "jar transforms Thread 81" [_thread_blocked, id=21332, stack(0x0000002b8b000000,0x0000002b8b100000)]
  0x00000162f1f4c000 JavaThread "jar transforms Thread 80" [_thread_blocked, id=28468, stack(0x0000002b8af00000,0x0000002b8b000000)]
  0x00000162f1f4c800 JavaThread "jar transforms Thread 79" [_thread_blocked, id=4152, stack(0x0000002b8ae00000,0x0000002b8af00000)]
  0x00000162f1f4f800 JavaThread "jar transforms Thread 78" [_thread_blocked, id=24284, stack(0x0000002b8ad00000,0x0000002b8ae00000)]
  0x00000162f1f4e000 JavaThread "jar transforms Thread 77" [_thread_blocked, id=21400, stack(0x0000002b8ac00000,0x0000002b8ad00000)]
  0x00000162f712c800 JavaThread "jar transforms Thread 76" [_thread_blocked, id=20244, stack(0x0000002b8ab00000,0x0000002b8ac00000)]
  0x00000162f712b800 JavaThread "jar transforms Thread 75" [_thread_blocked, id=6852, stack(0x0000002b8aa00000,0x0000002b8ab00000)]
  0x00000162f712a000 JavaThread "jar transforms Thread 74" [_thread_blocked, id=21928, stack(0x0000002b8a900000,0x0000002b8aa00000)]
  0x00000162f7128800 JavaThread "jar transforms Thread 73" [_thread_blocked, id=4544, stack(0x0000002b8a800000,0x0000002b8a900000)]
  0x00000162f712b000 JavaThread "jar transforms Thread 72" [_thread_blocked, id=21164, stack(0x0000002b8a700000,0x0000002b8a800000)]
  0x00000162f7128000 JavaThread "jar transforms Thread 71" [_thread_blocked, id=17568, stack(0x0000002b8a600000,0x0000002b8a700000)]
  0x00000162f7126800 JavaThread "jar transforms Thread 70" [_thread_blocked, id=1368, stack(0x0000002b8a500000,0x0000002b8a600000)]
  0x00000162f7127000 JavaThread "jar transforms Thread 69" [_thread_blocked, id=27848, stack(0x0000002b8a400000,0x0000002b8a500000)]
  0x00000162f7129800 JavaThread "jar transforms Thread 68" [_thread_blocked, id=15772, stack(0x0000002b8a300000,0x0000002b8a400000)]
  0x00000162f711f000 JavaThread "jar transforms Thread 67" [_thread_blocked, id=15336, stack(0x0000002b8a200000,0x0000002b8a300000)]
  0x00000162f7125800 JavaThread "jar transforms Thread 66" [_thread_blocked, id=17348, stack(0x0000002b8a100000,0x0000002b8a200000)]
  0x00000162f7122800 JavaThread "jar transforms Thread 65" [_thread_blocked, id=21064, stack(0x0000002b8a000000,0x0000002b8a100000)]
  0x00000162f7121000 JavaThread "jar transforms Thread 64" [_thread_blocked, id=9224, stack(0x0000002b89f00000,0x0000002b8a000000)]
  0x00000162f7120800 JavaThread "jar transforms Thread 63" [_thread_blocked, id=10496, stack(0x0000002b89e00000,0x0000002b89f00000)]
  0x00000162f711e000 JavaThread "jar transforms Thread 62" [_thread_blocked, id=20584, stack(0x0000002b89d00000,0x0000002b89e00000)]
  0x00000162f7122000 JavaThread "jar transforms Thread 61" [_thread_blocked, id=25860, stack(0x0000002b89c00000,0x0000002b89d00000)]
  0x00000162f7123800 JavaThread "jar transforms Thread 60" [_thread_blocked, id=10064, stack(0x0000002b89b00000,0x0000002b89c00000)]
  0x00000162f7125000 JavaThread "jar transforms Thread 59" [_thread_blocked, id=17888, stack(0x0000002b89a00000,0x0000002b89b00000)]
  0x00000162f711d800 JavaThread "jar transforms Thread 58" [_thread_blocked, id=25952, stack(0x0000002b89900000,0x0000002b89a00000)]
  0x00000162f711f800 JavaThread "jar transforms Thread 57" [_thread_blocked, id=20620, stack(0x0000002b89800000,0x0000002b89900000)]
  0x00000162f7124000 JavaThread "jar transforms Thread 56" [_thread_blocked, id=5592, stack(0x0000002b89700000,0x0000002b89800000)]
  0x00000162f529c000 JavaThread "jar transforms Thread 55" [_thread_blocked, id=15916, stack(0x0000002b89600000,0x0000002b89700000)]
  0x00000162f52a0800 JavaThread "jar transforms Thread 54" [_thread_blocked, id=17792, stack(0x0000002b89500000,0x0000002b89600000)]
  0x00000162f529e800 JavaThread "jar transforms Thread 53" [_thread_blocked, id=14968, stack(0x0000002b89400000,0x0000002b89500000)]
  0x00000162f529d800 JavaThread "jar transforms Thread 52" [_thread_blocked, id=23092, stack(0x0000002b89300000,0x0000002b89400000)]
  0x00000162f529d000 JavaThread "jar transforms Thread 51" [_thread_blocked, id=14028, stack(0x0000002b89200000,0x0000002b89300000)]
  0x00000162f529b800 JavaThread "jar transforms Thread 50" [_thread_blocked, id=26572, stack(0x0000002b89100000,0x0000002b89200000)]
  0x00000162f529f000 JavaThread "jar transforms Thread 49" [_thread_blocked, id=16928, stack(0x0000002b89000000,0x0000002b89100000)]
  0x00000162f529a800 JavaThread "jar transforms Thread 48" [_thread_blocked, id=9612, stack(0x0000002b88f00000,0x0000002b89000000)]
  0x00000162f52a0000 JavaThread "jar transforms Thread 47" [_thread_blocked, id=27292, stack(0x0000002b88e00000,0x0000002b88f00000)]
  0x00000162f5293000 JavaThread "jar transforms Thread 46" [_thread_blocked, id=20452, stack(0x0000002b88d00000,0x0000002b88e00000)]
  0x00000162f529a000 JavaThread "jar transforms Thread 45" [_thread_blocked, id=18652, stack(0x0000002b88c00000,0x0000002b88d00000)]
  0x00000162f5292800 JavaThread "jar transforms Thread 44" [_thread_blocked, id=22156, stack(0x0000002b88b00000,0x0000002b88c00000)]
  0x00000162f5299000 JavaThread "jar transforms Thread 43" [_thread_blocked, id=12520, stack(0x0000002b88a00000,0x0000002b88b00000)]
  0x00000162f5297000 JavaThread "jar transforms Thread 42" [_thread_blocked, id=23592, stack(0x0000002b88900000,0x0000002b88a00000)]
  0x00000162f5291800 JavaThread "jar transforms Thread 41" [_thread_blocked, id=26700, stack(0x0000002b88800000,0x0000002b88900000)]
  0x00000162f5298800 JavaThread "jar transforms Thread 40" [_thread_blocked, id=25736, stack(0x0000002b88700000,0x0000002b88800000)]
  0x00000162f5296000 JavaThread "jar transforms Thread 39" [_thread_blocked, id=7856, stack(0x0000002b88600000,0x0000002b88700000)]
  0x00000162f5295800 JavaThread "jar transforms Thread 38" [_thread_blocked, id=1328, stack(0x0000002b88500000,0x0000002b88600000)]
  0x00000162f5294800 JavaThread "jar transforms Thread 37" [_thread_blocked, id=16568, stack(0x0000002b88400000,0x0000002b88500000)]
  0x00000162f5294000 JavaThread "jar transforms Thread 36" [_thread_blocked, id=14112, stack(0x0000002b88300000,0x0000002b88400000)]
  0x00000162f5297800 JavaThread "jar transforms Thread 35" [_thread_blocked, id=18864, stack(0x0000002b88200000,0x0000002b88300000)]
  0x00000162edd23000 JavaThread "jar transforms Thread 34" [_thread_blocked, id=27680, stack(0x0000002b88100000,0x0000002b88200000)]
  0x00000162edd25000 JavaThread "jar transforms Thread 33" [_thread_blocked, id=22560, stack(0x0000002b88000000,0x0000002b88100000)]
  0x00000162edd22000 JavaThread "jar transforms Thread 32" [_thread_blocked, id=9760, stack(0x0000002b87f00000,0x0000002b88000000)]
  0x00000162edd21800 JavaThread "jar transforms Thread 31" [_thread_blocked, id=26088, stack(0x0000002b87e00000,0x0000002b87f00000)]
  0x00000162edd23800 JavaThread "jar transforms Thread 30" [_thread_blocked, id=23512, stack(0x0000002b87d00000,0x0000002b87e00000)]
  0x00000162edd24800 JavaThread "jar transforms Thread 29" [_thread_blocked, id=20284, stack(0x0000002b87c00000,0x0000002b87d00000)]
  0x00000162edd20800 JavaThread "jar transforms Thread 28" [_thread_blocked, id=7364, stack(0x0000002b87b00000,0x0000002b87c00000)]
  0x00000162edd1a800 JavaThread "jar transforms Thread 27" [_thread_blocked, id=11060, stack(0x0000002b87a00000,0x0000002b87b00000)]
  0x00000162edd20000 JavaThread "jar transforms Thread 26" [_thread_blocked, id=18408, stack(0x0000002b87900000,0x0000002b87a00000)]
  0x00000162edd1a000 JavaThread "jar transforms Thread 25" [_thread_blocked, id=9576, stack(0x0000002b87800000,0x0000002b87900000)]
  0x00000162edd18800 JavaThread "jar transforms Thread 24" [_thread_blocked, id=18680, stack(0x0000002b87700000,0x0000002b87800000)]
  0x00000162edd1f000 JavaThread "jar transforms Thread 23" [_thread_blocked, id=3016, stack(0x0000002b87600000,0x0000002b87700000)]
  0x00000162edd17800 JavaThread "jar transforms Thread 22" [_thread_blocked, id=24364, stack(0x0000002b87500000,0x0000002b87600000)]
  0x00000162edd1d800 JavaThread "jar transforms Thread 21" [_thread_blocked, id=22948, stack(0x0000002b87400000,0x0000002b87500000)]
  0x00000162edd1e800 JavaThread "jar transforms Thread 20" [_thread_blocked, id=20884, stack(0x0000002b87300000,0x0000002b87400000)]
  0x00000162edd17000 JavaThread "jar transforms Thread 19" [_thread_blocked, id=8700, stack(0x0000002b87200000,0x0000002b87300000)]
  0x00000162edd19000 JavaThread "jar transforms Thread 18" [_thread_blocked, id=12316, stack(0x0000002b87100000,0x0000002b87200000)]
  0x00000162edd1b800 JavaThread "jar transforms Thread 17" [_thread_blocked, id=24160, stack(0x0000002b87000000,0x0000002b87100000)]
  0x00000162edd1d000 JavaThread "jar transforms Thread 16" [_thread_blocked, id=1028, stack(0x0000002b86f00000,0x0000002b87000000)]
  0x00000162edd1c000 JavaThread "jar transforms Thread 15" [_thread_blocked, id=20520, stack(0x0000002b86e00000,0x0000002b86f00000)]
  0x00000162edd16000 JavaThread "jar transforms Thread 14" [_thread_blocked, id=17704, stack(0x0000002b86d00000,0x0000002b86e00000)]
  0x00000162efa96800 JavaThread "jar transforms Thread 13" [_thread_blocked, id=6384, stack(0x0000002b86c00000,0x0000002b86d00000)]
  0x00000162efa95000 JavaThread "jar transforms Thread 12" [_thread_blocked, id=22300, stack(0x0000002b86b00000,0x0000002b86c00000)]
  0x00000162efa93800 JavaThread "jar transforms Thread 11" [_thread_blocked, id=21616, stack(0x0000002b86a00000,0x0000002b86b00000)]
  0x00000162efa92000 JavaThread "jar transforms Thread 10" [_thread_blocked, id=8476, stack(0x0000002b86900000,0x0000002b86a00000)]
  0x00000162efa98000 JavaThread "jar transforms Thread 9" [_thread_blocked, id=652, stack(0x0000002b86800000,0x0000002b86900000)]
  0x00000162efa94800 JavaThread "jar transforms Thread 8" [_thread_blocked, id=4336, stack(0x0000002b86700000,0x0000002b86800000)]
  0x00000162efa97800 JavaThread "jar transforms Thread 7" [_thread_blocked, id=21736, stack(0x0000002b86600000,0x0000002b86700000)]
  0x00000162efa91800 JavaThread "jar transforms Thread 6" [_thread_blocked, id=22936, stack(0x0000002b85600000,0x0000002b85700000)]
  0x00000162efa93000 JavaThread "jar transforms Thread 5" [_thread_blocked, id=9764, stack(0x0000002b84c00000,0x0000002b84d00000)]
  0x00000162efa96000 JavaThread "jar transforms Thread 4" [_thread_blocked, id=23296, stack(0x0000002b82b00000,0x0000002b82c00000)]
  0x00000162f0415800 JavaThread "jar transforms Thread 3" [_thread_blocked, id=7092, stack(0x0000002b82a00000,0x0000002b82b00000)]
  0x00000162f040d000 JavaThread "jar transforms Thread 2" [_thread_blocked, id=23316, stack(0x0000002b82900000,0x0000002b82a00000)]
  0x00000162f0413000 JavaThread "Build operations Thread 12" [_thread_blocked, id=4044, stack(0x0000002b86500000,0x0000002b86600000)]
  0x00000162f0414000 JavaThread "Build operations Thread 11" [_thread_blocked, id=21480, stack(0x0000002b86400000,0x0000002b86500000)]
  0x00000162f040c800 JavaThread "Build operations Thread 10" [_thread_blocked, id=876, stack(0x0000002b86300000,0x0000002b86400000)]
  0x00000162f0411800 JavaThread "Build operations Thread 9" [_thread_blocked, id=2548, stack(0x0000002b86200000,0x0000002b86300000)]
  0x00000162f0412800 JavaThread "Build operations Thread 8" [_thread_blocked, id=12588, stack(0x0000002b86100000,0x0000002b86200000)]
  0x00000162f0411000 JavaThread "Build operations Thread 7" [_thread_blocked, id=24588, stack(0x0000002b86000000,0x0000002b86100000)]
  0x00000162f0410000 JavaThread "Build operations Thread 6" [_thread_blocked, id=16956, stack(0x0000002b85f00000,0x0000002b86000000)]
  0x00000162f040e000 JavaThread "Build operations Thread 5" [_thread_blocked, id=11228, stack(0x0000002b85e00000,0x0000002b85f00000)]
  0x00000162f040f800 JavaThread "Build operations Thread 4" [_thread_blocked, id=24564, stack(0x0000002b85d00000,0x0000002b85e00000)]
  0x00000162f040e800 JavaThread "Build operations Thread 3" [_thread_blocked, id=27496, stack(0x0000002b85c00000,0x0000002b85d00000)]
  0x00000162f0406800 JavaThread "Build operations Thread 2" [_thread_blocked, id=22080, stack(0x0000002b85b00000,0x0000002b85c00000)]
  0x00000162f040b800 JavaThread "Build operations" [_thread_blocked, id=1020, stack(0x0000002b85a00000,0x0000002b85b00000)]
  0x00000162f0409800 JavaThread "Cache worker for Build Output Cleanup Cache (G:\AndroidStudioProjects\APP\yuehaoting\.gradle\buildOutputCleanup)" [_thread_blocked, id=23368, stack(0x0000002b85800000,0x0000002b85900000)]
  0x00000162f0408000 JavaThread "Cache worker for file content cache (E:\Android\gradle\caches\6.7.1\fileContent)" [_thread_blocked, id=17980, stack(0x0000002b85700000,0x0000002b85800000)]
  0x00000162eb757800 JavaThread "Cache worker for execution history cache (E:\Android\gradle\caches\6.7.1\executionHistory)" [_thread_blocked, id=20360, stack(0x0000002b85500000,0x0000002b85600000)]
  0x00000162eb754800 JavaThread "Cache worker for cache directory md-rule (E:\Android\gradle\caches\6.7.1\md-rule)" [_thread_blocked, id=21184, stack(0x0000002b85400000,0x0000002b85500000)]
  0x00000162eb753800 JavaThread "Cache worker for cache directory md-supplier (E:\Android\gradle\caches\6.7.1\md-supplier)" [_thread_blocked, id=15256, stack(0x0000002b85300000,0x0000002b85400000)]
  0x00000162eb753000 JavaThread "Cache worker for checksums cache (G:\AndroidStudioProjects\APP\yuehaoting\.gradle\checksums)" [_thread_blocked, id=18412, stack(0x0000002b85200000,0x0000002b85300000)]
  0x00000162eb756000 JavaThread "Cache worker for file hash cache (G:\AndroidStudioProjects\APP\yuehaoting\.gradle\6.7.1\fileHashes)" [_thread_blocked, id=100, stack(0x0000002b85100000,0x0000002b85200000)]
  0x00000162eb755000 JavaThread "Cache worker for journal cache (E:\Android\gradle\caches\journal-1)" [_thread_blocked, id=15448, stack(0x0000002b85000000,0x0000002b85100000)]
  0x00000162eb759000 JavaThread "File lock request listener" [_thread_in_native, id=18204, stack(0x0000002b84f00000,0x0000002b85000000)]
  0x00000162eb752000 JavaThread "Cache worker for file hash cache (E:\Android\gradle\caches\6.7.1\fileHashes)" [_thread_blocked, id=19832, stack(0x0000002b84e00000,0x0000002b84f00000)]
  0x00000162ef9c5000 JavaThread "Thread-9" [_thread_blocked, id=24368, stack(0x0000002b84d00000,0x0000002b84e00000)]
  0x00000162ef930000 JavaThread "Asynchronous log dispatcher for DefaultDaemonConnection: socket connection from /127.0.0.1:55808 to /127.0.0.1:55809" [_thread_blocked, id=23400, stack(0x0000002b84b00000,0x0000002b84c00000)]
  0x00000162ef915000 JavaThread "Daemon worker" [_thread_blocked, id=25440, stack(0x0000002b84a00000,0x0000002b84b00000)]
  0x00000162ef921000 JavaThread "Cancel handler" [_thread_blocked, id=5436, stack(0x0000002b84900000,0x0000002b84a00000)]
  0x00000162ef90c000 JavaThread "Handler for socket connection from /127.0.0.1:55808 to /127.0.0.1:55809" [_thread_in_native, id=23508, stack(0x0000002b84800000,0x0000002b84900000)]
  0x00000162ef909800 JavaThread "Daemon" [_thread_blocked, id=10060, stack(0x0000002b84700000,0x0000002b84800000)]
  0x00000162ef893000 JavaThread "Daemon periodic checks" [_thread_blocked, id=9180, stack(0x0000002b84600000,0x0000002b84700000)]
  0x00000162ef877000 JavaThread "Incoming local TCP Connector on port 55808" [_thread_in_native, id=18824, stack(0x0000002b84500000,0x0000002b84600000)]
  0x00000162ef7cb800 JavaThread "Daemon health stats" [_thread_blocked, id=27816, stack(0x0000002b84200000,0x0000002b84300000)]
  0x00000162edb79000 JavaThread "Service Thread" daemon [_thread_blocked, id=4704, stack(0x0000002b84000000,0x0000002b84100000)]
  0x00000162eb756800 JavaThread "C1 CompilerThread3" daemon [_thread_blocked, id=24568, stack(0x0000002b83f00000,0x0000002b84000000)]
  0x00000162eb74c000 JavaThread "C2 CompilerThread2" daemon [_thread_in_native, id=19260, stack(0x0000002b83e00000,0x0000002b83f00000)]
  0x00000162eb746800 JavaThread "C2 CompilerThread1" daemon [_thread_in_native, id=15564, stack(0x0000002b83d00000,0x0000002b83e00000)]
=>0x00000162edb02800 JavaThread "C2 CompilerThread0" daemon [_thread_in_native, id=6960, stack(0x0000002b83c00000,0x0000002b83d00000)]
  0x00000162eb734800 JavaThread "Attach Listener" daemon [_thread_blocked, id=26824, stack(0x0000002b83b00000,0x0000002b83c00000)]
  0x00000162eb71d800 JavaThread "Signal Dispatcher" daemon [_thread_blocked, id=11004, stack(0x0000002b83a00000,0x0000002b83b00000)]
  0x00000162eb6fe000 JavaThread "Finalizer" daemon [_thread_blocked, id=20736, stack(0x0000002b83900000,0x0000002b83a00000)]
  0x00000162eb6f7000 JavaThread "Reference Handler" daemon [_thread_blocked, id=21732, stack(0x0000002b83800000,0x0000002b83900000)]
  0x00000162d542b800 JavaThread "main" [_thread_blocked, id=21688, stack(0x0000002b82c00000,0x0000002b82d00000)]

Other Threads:
  0x00000162eb6cf800 VMThread [stack: 0x0000002b83700000,0x0000002b83800000] [id=23388]
  0x00000162edba2800 WatcherThread [stack: 0x0000002b84100000,0x0000002b84200000] [id=26980]

VM state:not at safepoint (normal execution)

VM Mutex/Monitor currently owned by a thread: None

heap address: 0x0000000080000000, size: 2048 MB, Compressed Oops mode: 32-bit
Narrow klass base: 0x0000000000000000, Narrow klass shift: 3
Compressed class space size: 1073741824 Address: 0x0000000100000000

Heap:
 PSYoungGen      total 650752K, used 528550K [0x00000000d5580000, 0x0000000100000000, 0x0000000100000000)
  eden space 600576K, 85% used [0x00000000d5580000,0x00000000f4bf47c8,0x00000000fa000000)
  from space 50176K, 27% used [0x00000000fcf00000,0x00000000fdcb5330,0x0000000100000000)
  to   space 48128K, 0% used [0x00000000fa000000,0x00000000fa000000,0x00000000fcf00000)
 ParOldGen       total 358912K, used 101487K [0x0000000080000000, 0x0000000095e80000, 0x00000000d5580000)
  object space 358912K, 28% used [0x0000000080000000,0x000000008631be68,0x0000000095e80000)
 Metaspace       used 108155K, capacity 112205K, committed 112960K, reserved 1146880K
  class space    used 13985K, capacity 14756K, committed 14976K, reserved 1048576K

Card table byte_map: [0x00000162e61a0000,0x00000162e65b0000] byte_map_base: 0x00000162e5da0000

Marking Bits: (ParMarkBitMap*) 0x0000000067b77fe0
 Begin Bits: [0x00000162e6860000, 0x00000162e8860000)
 End Bits:   [0x00000162e8860000, 0x00000162ea860000)

Polling page: 0x00000162d5560000

CodeCache: size=245760Kb used=56015Kb max_used=56015Kb free=189744Kb
 bounds [0x00000162d6de0000, 0x00000162da520000, 0x00000162e5de0000]
 total_blobs=17206 nmethods=16169 adapters=948
 compilation: enabled

Compilation events (10 events):
Event: 106.120 Thread 0x00000162eb746800 20239       4       org.objectweb.asm.ClassReader::accept (1376 bytes)
Event: 106.120 Thread 0x00000162eb756800 nmethod 20247 0x00000162d876c150 code [0x00000162d876c340, 0x00000162d876c690]
Event: 106.130 Thread 0x00000162eb756800 20251       2       org.gradle.internal.normalization.java.impl.AnnotationMember::addValue (12 bytes)
Event: 106.130 Thread 0x00000162eb756800 nmethod 20251 0x00000162da126810 code [0x00000162da126980, 0x00000162da126b10]
Event: 106.148 Thread 0x00000162eb756800 20255       2       java.util.ComparableTimSort::mergeHi (729 bytes)
Event: 106.149 Thread 0x00000162eb756800 nmethod 20255 0x00000162d86abf50 code [0x00000162d86ac200, 0x00000162d86ad9e0]
Event: 106.152 Thread 0x00000162eb756800 20256       2       org.gradle.internal.normalization.java.impl.InnerClassMember::compareTo (79 bytes)
Event: 106.152 Thread 0x00000162eb756800 nmethod 20256 0x00000162d876ba90 code [0x00000162d876bc40, 0x00000162d876bf50]
Event: 106.163 Thread 0x00000162eb756800 20258       2       com.google.common.collect.Ordering$ArbitraryOrdering::compare (81 bytes)
Event: 106.163 Thread 0x00000162eb756800 nmethod 20258 0x00000162d876b250 code [0x00000162d876b400, 0x00000162d876b770]

GC Heap History (10 events):
Event: 90.547 GC heap before
{Heap before GC invocations=30 (full 3):
 PSYoungGen      total 652288K, used 652278K [0x00000000d5580000, 0x0000000100000000, 0x0000000100000000)
  eden space 632320K, 100% used [0x00000000d5580000,0x00000000fbf00000,0x00000000fbf00000)
  from space 19968K, 99% used [0x00000000fec00000,0x00000000fff7d820,0x00000000fff80000)
  to   space 33280K, 0% used [0x00000000fbf00000,0x00000000fbf00000,0x00000000fdf80000)
 ParOldGen       total 213504K, used 62456K [0x0000000080000000, 0x000000008d080000, 0x00000000d5580000)
  object space 213504K, 29% used [0x0000000080000000,0x0000000083cfe1c8,0x000000008d080000)
 Metaspace       used 90378K, capacity 95144K, committed 95448K, reserved 1132544K
  class space    used 12085K, capacity 12971K, committed 13056K, reserved 1048576K
Event: 90.569 GC heap after
Heap after GC invocations=30 (full 3):
 PSYoungGen      total 665600K, used 33268K [0x00000000d5580000, 0x0000000100000000, 0x0000000100000000)
  eden space 632320K, 0% used [0x00000000d5580000,0x00000000d5580000,0x00000000fbf00000)
  from space 33280K, 99% used [0x00000000fbf00000,0x00000000fdf7d100,0x00000000fdf80000)
  to   space 33280K, 0% used [0x00000000fdf80000,0x00000000fdf80000,0x0000000100000000)
 ParOldGen       total 213504K, used 73654K [0x0000000080000000, 0x000000008d080000, 0x00000000d5580000)
  object space 213504K, 34% used [0x0000000080000000,0x00000000847eda08,0x000000008d080000)
 Metaspace       used 90378K, capacity 95144K, committed 95448K, reserved 1132544K
  class space    used 12085K, capacity 12971K, committed 13056K, reserved 1048576K
}
Event: 92.291 GC heap before
{Heap before GC invocations=31 (full 3):
 PSYoungGen      total 665600K, used 436384K [0x00000000d5580000, 0x0000000100000000, 0x0000000100000000)
  eden space 632320K, 63% used [0x00000000d5580000,0x00000000edf2b108,0x00000000fbf00000)
  from space 33280K, 99% used [0x00000000fbf00000,0x00000000fdf7d100,0x00000000fdf80000)
  to   space 33280K, 0% used [0x00000000fdf80000,0x00000000fdf80000,0x0000000100000000)
 ParOldGen       total 213504K, used 73654K [0x0000000080000000, 0x000000008d080000, 0x00000000d5580000)
  object space 213504K, 34% used [0x0000000080000000,0x00000000847eda08,0x000000008d080000)
 Metaspace       used 93605K, capacity 98343K, committed 98496K, reserved 1134592K
  class space    used 12410K, capacity 13312K, committed 13312K, reserved 1048576K
Event: 92.309 GC heap after
Heap after GC invocations=31 (full 3):
 PSYoungGen      total 633856K, used 33274K [0x00000000d5580000, 0x0000000100000000, 0x0000000100000000)
  eden space 600576K, 0% used [0x00000000d5580000,0x00000000d5580000,0x00000000fa000000)
  from space 33280K, 99% used [0x00000000fdf80000,0x00000000ffffebd8,0x0000000100000000)
  to   space 49152K, 0% used [0x00000000fa000000,0x00000000fa000000,0x00000000fd000000)
 ParOldGen       total 213504K, used 80307K [0x0000000080000000, 0x000000008d080000, 0x00000000d5580000)
  object space 213504K, 37% used [0x0000000080000000,0x0000000084e6ccf8,0x000000008d080000)
 Metaspace       used 93605K, capacity 98343K, committed 98496K, reserved 1134592K
  class space    used 12410K, capacity 13312K, committed 13312K, reserved 1048576K
}
Event: 92.309 GC heap before
{Heap before GC invocations=32 (full 4):
 PSYoungGen      total 633856K, used 33274K [0x00000000d5580000, 0x0000000100000000, 0x0000000100000000)
  eden space 600576K, 0% used [0x00000000d5580000,0x00000000d5580000,0x00000000fa000000)
  from space 33280K, 99% used [0x00000000fdf80000,0x00000000ffffebd8,0x0000000100000000)
  to   space 49152K, 0% used [0x00000000fa000000,0x00000000fa000000,0x00000000fd000000)
 ParOldGen       total 213504K, used 80307K [0x0000000080000000, 0x000000008d080000, 0x00000000d5580000)
  object space 213504K, 37% used [0x0000000080000000,0x0000000084e6ccf8,0x000000008d080000)
 Metaspace       used 93605K, capacity 98343K, committed 98496K, reserved 1134592K
  class space    used 12410K, capacity 13312K, committed 13312K, reserved 1048576K
Event: 92.471 GC heap after
Heap after GC invocations=32 (full 4):
 PSYoungGen      total 633856K, used 0K [0x00000000d5580000, 0x0000000100000000, 0x0000000100000000)
  eden space 600576K, 0% used [0x00000000d5580000,0x00000000d5580000,0x00000000fa000000)
  from space 33280K, 0% used [0x00000000fdf80000,0x00000000fdf80000,0x0000000100000000)
  to   space 49152K, 0% used [0x00000000fa000000,0x00000000fa000000,0x00000000fd000000)
 ParOldGen       total 358912K, used 101471K [0x0000000080000000, 0x0000000095e80000, 0x00000000d5580000)
  object space 358912K, 28% used [0x0000000080000000,0x0000000086317e00,0x0000000095e80000)
 Metaspace       used 93049K, capacity 96763K, committed 98496K, reserved 1134592K
  class space    used 12232K, capacity 12960K, committed 13312K, reserved 1048576K
}
Event: 96.201 GC heap before
{Heap before GC invocations=33 (full 4):
 PSYoungGen      total 633856K, used 600576K [0x00000000d5580000, 0x0000000100000000, 0x0000000100000000)
  eden space 600576K, 100% used [0x00000000d5580000,0x00000000fa000000,0x00000000fa000000)
  from space 33280K, 0% used [0x00000000fdf80000,0x00000000fdf80000,0x0000000100000000)
  to   space 49152K, 0% used [0x00000000fa000000,0x00000000fa000000,0x00000000fd000000)
 ParOldGen       total 358912K, used 101471K [0x0000000080000000, 0x0000000095e80000, 0x00000000d5580000)
  object space 358912K, 28% used [0x0000000080000000,0x0000000086317e00,0x0000000095e80000)
 Metaspace       used 104325K, capacity 108283K, committed 109376K, reserved 1144832K
  class space    used 13460K, capacity 14223K, committed 14464K, reserved 1048576K
Event: 96.212 GC heap after
Heap after GC invocations=33 (full 4):
 PSYoungGen      total 629248K, used 28632K [0x00000000d5580000, 0x0000000100000000, 0x0000000100000000)
  eden space 600576K, 0% used [0x00000000d5580000,0x00000000d5580000,0x00000000fa000000)
  from space 28672K, 99% used [0x00000000fa000000,0x00000000fbbf62a8,0x00000000fbc00000)
  to   space 50176K, 0% used [0x00000000fcf00000,0x00000000fcf00000,0x0000000100000000)
 ParOldGen       total 358912K, used 101479K [0x0000000080000000, 0x0000000095e80000, 0x00000000d5580000)
  object space 358912K, 28% used [0x0000000080000000,0x0000000086319e00,0x0000000095e80000)
 Metaspace       used 104325K, capacity 108283K, committed 109376K, reserved 1144832K
  class space    used 13460K, capacity 14223K, committed 14464K, reserved 1048576K
}
Event: 96.439 GC heap before
{Heap before GC invocations=34 (full 4):
 PSYoungGen      total 629248K, used 629208K [0x00000000d5580000, 0x0000000100000000, 0x0000000100000000)
  eden space 600576K, 100% used [0x00000000d5580000,0x00000000fa000000,0x00000000fa000000)
  from space 28672K, 99% used [0x00000000fa000000,0x00000000fbbf62a8,0x00000000fbc00000)
  to   space 50176K, 0% used [0x00000000fcf00000,0x00000000fcf00000,0x0000000100000000)
 ParOldGen       total 358912K, used 101479K [0x0000000080000000, 0x0000000095e80000, 0x00000000d5580000)
  object space 358912K, 28% used [0x0000000080000000,0x0000000086319e68,0x0000000095e80000)
 Metaspace       used 104400K, capacity 108347K, committed 109376K, reserved 1144832K
  class space    used 13460K, capacity 14223K, committed 14464K, reserved 1048576K
Event: 96.445 GC heap after
Heap after GC invocations=34 (full 4):
 PSYoungGen      total 650752K, used 14036K [0x00000000d5580000, 0x0000000100000000, 0x0000000100000000)
  eden space 600576K, 0% used [0x00000000d5580000,0x00000000d5580000,0x00000000fa000000)
  from space 50176K, 27% used [0x00000000fcf00000,0x00000000fdcb5330,0x0000000100000000)
  to   space 48128K, 0% used [0x00000000fa000000,0x00000000fa000000,0x00000000fcf00000)
 ParOldGen       total 358912K, used 101487K [0x0000000080000000, 0x0000000095e80000, 0x00000000d5580000)
  object space 358912K, 28% used [0x0000000080000000,0x000000008631be68,0x0000000095e80000)
 Metaspace       used 104400K, capacity 108347K, committed 109376K, reserved 1144832K
  class space    used 13460K, capacity 14223K, committed 14464K, reserved 1048576K
}

Deoptimization events (10 events):
Event: 106.026 Thread 0x00000162f2874000 Uncommon trap: reason=unstable_if action=reinterpret pc=0x00000162d818d4c4 method=org.objectweb.asm.MethodVisitor.visitTableSwitchInsn(IILorg/objectweb/asm/Label;[Lorg/objectweb/asm/Label;)V @ 4
Event: 106.030 Thread 0x00000162f2874000 Uncommon trap: reason=unstable_if action=reinterpret pc=0x00000162d9bd3540 method=org.objectweb.asm.ClassReader.readField(Lorg/objectweb/asm/ClassVisitor;Lorg/objectweb/asm/Context;I)I @ 339
Event: 106.044 Thread 0x00000162f2874000 Uncommon trap: reason=unstable_if action=reinterpret pc=0x00000162d8197138 method=org.objectweb.asm.MethodWriter.computeMethodInfoSize()I @ 466
Event: 106.044 Thread 0x00000162f2874000 Uncommon trap: reason=unstable_if action=reinterpret pc=0x00000162d8674968 method=org.objectweb.asm.MethodWriter.putMethodInfo(Lorg/objectweb/asm/ByteVector;)V @ 1126
Event: 106.099 Thread 0x00000162f2874000 Uncommon trap: reason=predicate action=maybe_recompile pc=0x00000162da514c2c method=org.objectweb.asm.ClassReader.accept(Lorg/objectweb/asm/ClassVisitor;[Lorg/objectweb/asm/Attribute;I)V @ 815
Event: 106.111 Thread 0x00000162f2874000 Uncommon trap: reason=class_check action=maybe_recompile pc=0x00000162da50b35c method=org.objectweb.asm.ClassReader.readElementValue(Lorg/objectweb/asm/AnnotationVisitor;ILjava/lang/String;[C)I @ 556
Event: 106.111 Thread 0x00000162f2874000 Uncommon trap: reason=class_check action=maybe_recompile pc=0x00000162da50b730 method=org.objectweb.asm.ClassReader.readElementValue(Lorg/objectweb/asm/AnnotationVisitor;ILjava/lang/String;[C)I @ 593
Event: 106.111 Thread 0x00000162f2874000 Uncommon trap: reason=class_check action=maybe_recompile pc=0x00000162da50b35c method=org.objectweb.asm.ClassReader.readElementValue(Lorg/objectweb/asm/AnnotationVisitor;ILjava/lang/String;[C)I @ 556
Event: 106.111 Thread 0x00000162f2874000 Uncommon trap: reason=class_check action=maybe_recompile pc=0x00000162da50b730 method=org.objectweb.asm.ClassReader.readElementValue(Lorg/objectweb/asm/AnnotationVisitor;ILjava/lang/String;[C)I @ 593
Event: 106.148 Thread 0x00000162f2874000 Uncommon trap: reason=array_check action=maybe_recompile pc=0x00000162d9adadd0 method=java.util.ComparableTimSort.mergeHi(IIII)V @ 245

Classes redefined (0 events):
No events

Internal exceptions (10 events):
Event: 105.987 Thread 0x00000162f2874000 Implicit null exception at 0x00000162d82e4250 to 0x00000162d82e42a9
Event: 106.017 Thread 0x00000162f2874000 Implicit null exception at 0x00000162d861d5c6 to 0x00000162d861d759
Event: 106.018 Thread 0x00000162f2874000 Implicit null exception at 0x00000162d78afe9c to 0x00000162d78b0275
Event: 106.018 Thread 0x00000162f2874000 Implicit null exception at 0x00000162d8aff530 to 0x00000162d8aff5a5
Event: 106.018 Thread 0x00000162f2874000 Implicit null exception at 0x00000162d875624e to 0x00000162d8757081
Event: 106.018 Thread 0x00000162f2874000 Implicit null exception at 0x00000162d82e45b0 to 0x00000162d82e4621
Event: 106.018 Thread 0x00000162f2874000 Implicit null exception at 0x00000162d70fded4 to 0x00000162d70fe1a9
Event: 106.018 Thread 0x00000162f2874000 Implicit null exception at 0x00000162d861935a to 0x00000162d8619831
Event: 106.026 Thread 0x00000162f2874000 Implicit null exception at 0x00000162d818d450 to 0x00000162d818d49e
Event: 106.030 Thread 0x00000162f2874000 Implicit null exception at 0x00000162d9bd1178 to 0x00000162d9bd34dd

Events (10 events):
Event: 106.111 Thread 0x00000162f2874000 DEOPT PACKING pc=0x00000162da50b35c sp=0x0000002b8dbfc0a0
Event: 106.111 Thread 0x00000162f2874000 DEOPT UNPACKING pc=0x00000162d6e25843 sp=0x0000002b8dbfbff0 mode 2
Event: 106.111 Thread 0x00000162f2874000 Uncommon trap: trap_request=0xffffffde fr.pc=0x00000162da50b730
Event: 106.111 Thread 0x00000162f2874000 DEOPT PACKING pc=0x00000162da50b730 sp=0x0000002b8dbfbf50
Event: 106.111 Thread 0x00000162f2874000 DEOPT UNPACKING pc=0x00000162d6e25843 sp=0x0000002b8dbfbea8 mode 2
Event: 106.148 Thread 0x00000162f2874000 Uncommon trap: trap_request=0xffffffd6 fr.pc=0x00000162d9adadd0
Event: 106.148 Thread 0x00000162f2874000 DEOPT PACKING pc=0x00000162d9adadd0 sp=0x0000002b8dbfc610
Event: 106.148 Thread 0x00000162f2874000 DEOPT UNPACKING pc=0x00000162d6e25843 sp=0x0000002b8dbfc608 mode 2
Event: 106.185 Thread 0x00000162f2874000 DEOPT PACKING pc=0x00000162d7f886c3 sp=0x0000002b8dbfbe70
Event: 106.185 Thread 0x00000162f2874000 DEOPT UNPACKING pc=0x00000162d6e27498 sp=0x0000002b8dbfbc00 mode 0


Dynamic libraries:
0x00007ff718300000 - 0x00007ff718347000 	C:\Program Files\Java\jdk1.8.0_291\bin\java.exe
0x00007ffd169a0000 - 0x00007ffd16b90000 	C:\Windows\SYSTEM32\ntdll.dll
0x00007ffd164f0000 - 0x00007ffd165a2000 	C:\Windows\System32\KERNEL32.DLL
0x00007ffd13b00000 - 0x00007ffd13da3000 	C:\Windows\System32\KERNELBASE.dll
0x00007ffd162e0000 - 0x00007ffd16383000 	C:\Windows\System32\ADVAPI32.dll
0x00007ffd14cc0000 - 0x00007ffd14d5e000 	C:\Windows\System32\msvcrt.dll
0x00007ffd15050000 - 0x00007ffd150e7000 	C:\Windows\System32\sechost.dll
0x00007ffd14f30000 - 0x00007ffd15050000 	C:\Windows\System32\RPCRT4.dll
0x00007ffd14b20000 - 0x00007ffd14cb4000 	C:\Windows\System32\USER32.dll
0x00007ffd13f60000 - 0x00007ffd13f81000 	C:\Windows\System32\win32u.dll
0x00007ffd16440000 - 0x00007ffd16466000 	C:\Windows\System32\GDI32.dll
0x00007ffd13f90000 - 0x00007ffd14124000 	C:\Windows\System32\gdi32full.dll
0x00007ffd13a60000 - 0x00007ffd13afe000 	C:\Windows\System32\msvcp_win.dll
0x00007ffd14150000 - 0x00007ffd1424a000 	C:\Windows\System32\ucrtbase.dll
0x00007ffd0d8a0000 - 0x00007ffd0db25000 	C:\Windows\WinSxS\amd64_microsoft.windows.common-controls_6595b64144ccf1df_6.0.18362.592_none_e6c0b1911312be02\COMCTL32.dll
0x00007ffd165b0000 - 0x00007ffd168e6000 	C:\Windows\System32\combase.dll
0x00007ffd14250000 - 0x00007ffd142d0000 	C:\Windows\System32\bcryptPrimitives.dll
0x00007ffd151f0000 - 0x00007ffd1521e000 	C:\Windows\System32\IMM32.DLL
0x00007ffd094a0000 - 0x00007ffd094b5000 	C:\Program Files\Java\jdk1.8.0_291\jre\bin\vcruntime140.dll
0x00007ffcfbb90000 - 0x00007ffcfbc2b000 	C:\Program Files\Java\jdk1.8.0_291\jre\bin\msvcp140.dll
0x0000000067390000 - 0x0000000067bf0000 	C:\Program Files\Java\jdk1.8.0_291\jre\bin\server\jvm.dll
0x00007ffd14f20000 - 0x00007ffd14f28000 	C:\Windows\System32\PSAPI.DLL
0x00007ffd04230000 - 0x00007ffd04239000 	C:\Windows\SYSTEM32\WSOCK32.dll
0x00007ffd11930000 - 0x00007ffd11954000 	C:\Windows\SYSTEM32\WINMM.dll
0x00007ffd0ef70000 - 0x00007ffd0ef7a000 	C:\Windows\SYSTEM32\VERSION.dll
0x00007ffd15180000 - 0x00007ffd151ef000 	C:\Windows\System32\WS2_32.dll
0x00007ffd11900000 - 0x00007ffd1192d000 	C:\Windows\SYSTEM32\WINMMBASE.dll
0x00007ffd13a10000 - 0x00007ffd13a5a000 	C:\Windows\System32\cfgmgr32.dll
0x00007ffd13910000 - 0x00007ffd13921000 	C:\Windows\System32\kernel.appcore.dll
0x00007ffd08f70000 - 0x00007ffd08f80000 	C:\Program Files\Java\jdk1.8.0_291\jre\bin\verify.dll
0x00007ffd05670000 - 0x00007ffd0569b000 	C:\Program Files\Java\jdk1.8.0_291\jre\bin\java.dll
0x00007ffd08da0000 - 0x00007ffd08db8000 	C:\Program Files\Java\jdk1.8.0_291\jre\bin\zip.dll
0x00007ffd15920000 - 0x00007ffd16005000 	C:\Windows\System32\SHELL32.dll
0x00007ffd152a0000 - 0x00007ffd15349000 	C:\Windows\System32\shcore.dll
0x00007ffd142d0000 - 0x00007ffd14a4f000 	C:\Windows\System32\windows.storage.dll
0x00007ffd13880000 - 0x00007ffd1389f000 	C:\Windows\System32\profapi.dll
0x00007ffd138c0000 - 0x00007ffd1390a000 	C:\Windows\System32\powrprof.dll
0x00007ffd13870000 - 0x00007ffd13880000 	C:\Windows\System32\UMPDC.dll
0x00007ffd160e0000 - 0x00007ffd16132000 	C:\Windows\System32\shlwapi.dll
0x00007ffd14130000 - 0x00007ffd14147000 	C:\Windows\System32\cryptsp.dll
0x00007ffd085d0000 - 0x00007ffd085ec000 	C:\Program Files\Java\jdk1.8.0_291\jre\bin\net.dll
0x00007ffd130e0000 - 0x00007ffd13147000 	C:\Windows\system32\mswsock.dll
0x00007ffd084b0000 - 0x00007ffd084c3000 	C:\Program Files\Java\jdk1.8.0_291\jre\bin\nio.dll
0x00007ffd007f0000 - 0x00007ffd00817000 	E:\Android\gradle\native\fdc75f09e3144964f2cf3f50f0aa648679c211496f362492102eb8c894070792\windows-amd64\native-platform.dll
0x00007ffcdf220000 - 0x00007ffcdf3b6000 	E:\Android\gradle\native\12488b8bf47d2d4c9fbf2f6322a914ad602e24e48041cd04a747c6da556b65c4\windows-amd64\native-platform-file-events.dll
0x00007ffd08f60000 - 0x00007ffd08f6d000 	C:\Program Files\Java\jdk1.8.0_291\jre\bin\management.dll
0x00007ffd12c50000 - 0x00007ffd12c83000 	C:\Windows\system32\rsaenh.dll
0x00007ffd139e0000 - 0x00007ffd13a06000 	C:\Windows\System32\bcrypt.dll
0x00007ffd13790000 - 0x00007ffd137b5000 	C:\Windows\SYSTEM32\USERENV.dll
0x00007ffd132b0000 - 0x00007ffd132bc000 	C:\Windows\SYSTEM32\CRYPTBASE.dll
0x00007ffd12df0000 - 0x00007ffd12e2a000 	C:\Windows\SYSTEM32\IPHLPAPI.DLL
0x00007ffd14d60000 - 0x00007ffd14d68000 	C:\Windows\System32\NSI.dll
0x00007ffd04e20000 - 0x00007ffd04e36000 	C:\Windows\SYSTEM32\dhcpcsvc6.DLL
0x00007ffd067e0000 - 0x00007ffd067fc000 	C:\Windows\SYSTEM32\dhcpcsvc.DLL
0x00007ffd12e30000 - 0x00007ffd12efa000 	C:\Windows\SYSTEM32\DNSAPI.dll
0x00007ffd0d710000 - 0x00007ffd0d71b000 	C:\Windows\SYSTEM32\WINNSI.DLL
0x00007ffd12a10000 - 0x00007ffd12a41000 	C:\Windows\SYSTEM32\ntmarta.dll
0x00007ffcfdd20000 - 0x00007ffcfdd44000 	C:\Program Files\Java\jdk1.8.0_291\jre\bin\sunec.dll
0x000000006a0f0000 - 0x000000006a116000 	C:\Program Files\Bonjour\mdnsNSP.dll
0x00007ffcfec00000 - 0x00007ffcfec0a000 	C:\Windows\System32\rasadhlp.dll
0x00007ffd04ed0000 - 0x00007ffd04f47000 	C:\Windows\System32\fwpuclnt.dll
0x00007ffd087e0000 - 0x00007ffd087ed000 	C:\Program Files\Java\jdk1.8.0_291\jre\bin\sunmscapi.dll
0x00007ffd13db0000 - 0x00007ffd13ef9000 	C:\Windows\System32\CRYPT32.dll
0x00007ffd138a0000 - 0x00007ffd138b2000 	C:\Windows\System32\MSASN1.dll
0x00007ffd133b0000 - 0x00007ffd133d6000 	C:\Windows\SYSTEM32\ncrypt.dll
0x00007ffd13370000 - 0x00007ffd133ab000 	C:\Windows\SYSTEM32\NTASN1.dll
0x00007ffcde5b0000 - 0x00007ffcde745000 	C:\Program Files\Java\jdk1.8.0_291\jre\bin\awt.dll
0x00007ffd16010000 - 0x00007ffd160d4000 	C:\Windows\System32\OLEAUT32.dll
0x00007ffd11ad0000 - 0x00007ffd11b5f000 	C:\Windows\SYSTEM32\apphelp.dll
0x00007ffd11ff0000 - 0x00007ffd1201d000 	C:\Windows\system32\DWMAPI.DLL
0x00007ffd11bd0000 - 0x00007ffd11c69000 	C:\Windows\system32\uxtheme.dll
0x00007ffcfdc50000 - 0x00007ffcfdc7a000 	C:\Program Files\Java\jdk1.8.0_291\jre\bin\dcpr.dll
0x00007ffd01800000 - 0x00007ffd0181e000 	C:\Users\13967\AppData\Local\Temp\native-platform594874966917807344dir\native-platform.dll
0x00007ffcf8ec0000 - 0x00007ffcf90b4000 	C:\Windows\SYSTEM32\dbghelp.dll

VM Arguments:
jvm_args: -Xmx2048m -Dfile.encoding=UTF-8 -Duser.country=CN -Duser.language=zh -Duser.variant 
java_command: org.gradle.launcher.daemon.bootstrap.GradleDaemon 6.7.1
java_class_path (initial): E:\Android\gradle\wrapper\dists\gradle-6.7.1-bin\bwlcbys1h7rz3272sye1xwiv6\gradle-6.7.1\lib\gradle-launcher-6.7.1.jar
Launcher Type: SUN_STANDARD

Environment Variables:
JAVA_HOME=C:\Program Files\Java\jdk1.8.0_291
CLASSPATH=.;C:\Program Files\Java\jdk1.8.0_291\lib\dt.jar;C:\Program Files\Java\jdk1.8.0_291\lib\tools.jar 
PATH=E:\1;E:\Android\flutter_windows_2.0.1-stable\flutter\bin;indows\system32;C:\Windows;C:\Windows\System32\Wbem;C:\Windows\System32\WindowsPowerShell\v1.0\;C:\Windows\System32\OpenSSH\;C:\Users\13967\AppData\Local\Programs\Python\Python37;C:\ProgramData\chocolatey\bin;C:\Program Files (x86)\NVIDIA Corporation\PhysX\Common;C:\Program Files\NVIDIA Corporation\NVIDIA NvDLISR;E:\Android\gradle\bin;C:\Program Files (x86)\QuickTime\QTSystem\;G:\Linux\LxRunOffline-v3.5.0-mingw;E:\Android\SDK\platform-tools;E:\Git\cmd;C:\Windows\System32;E:\Git\bin;E:\Android\maven\apache-maven-3.3.9-bin\apache-maven-3.3.9\bin;E:\Android\gradle\bin;E:\Android\Tool-master;C:\cygwin64\bin;C:\Program Files\koltin\kotlin-compiler-1.4.32\kotlinc\bin;C:\Program Files\Java\jdk1.8.0_291\bin;C:\Program Files\Java\jdk1.8.0_291\jre\bin;E:\mysql-8.0.24-winx64\mysql-8.0.24-winx64\bin;E:\SSH\;E:\apache-tomcat-10.0.6\bin;E:\Android\SDK\platform-tools;E:\Android\gradle\wrapper\dists\gradle-7.1.1-bin\f29rtwfnc96ub43tt7p47zsru\gradle-7.1.1\bin;E:\Android\gradle\nodejs\node-v12.16.1-win-x64;E:\Android\SDK\tools;E:\Android\gradle\nodejs\node-v12.16.1-win-x64\node_modules\hexo\bin;E:\Android\gradle\nodejs\node-v12.16.1-win-x64\node_modules\n\bin;C:\Python27;C:\Program Files\python-3.9.6-embed-amd64\pip-21.2.1\pip-21.2.1;C:\Program Files\Intel\WiFi\bin\;C:\Program Files\Common Files\Intel\WirelessCommon\;E:\Android\SDK\tools\bin;C:\Users\13967\AppData\Local\Microsoft\WindowsApps;C:\Users\13967\AppData\Local\GitHubDesktop\bin;E:\mitmproxy\bin;C:\Program Files\Intel\WiFi\bin\;C:\Program Files\Common Files\Intel\WirelessCommon\
USERNAME=13967
OS=Windows_NT
PROCESSOR_IDENTIFIER=AMD64 Family 23 Model 113 Stepping 0, AuthenticAMD



---------------  S Y S T E M  ---------------

OS: Windows 10.0 , 64 bit Build 18362 (10.0.18362.329)

CPU:total 12 (initial active 12) (12 cores per cpu, 1 threads per core) family 23 model 113 stepping 0, cmov, cx8, fxsr, mmx, sse, sse2, sse3, ssse3, sse4.1, sse4.2, popcnt, avx, avx2, aes, clmul, mmxext, 3dnowpref, lzcnt, sse4a, tsc, tscinvbit, tscinv, bmi1

Memory: 4k page, physical 16725344k(5380728k free), swap 23541088k(1460k free)

vm_info: Java HotSpot(TM) 64-Bit Server VM (25.291-b10) for windows-amd64 JRE (1.8.0_291-b10), built on Apr  9 2021 00:02:00 by "java_re" with MS VC++ 15.9 (VS2017)

time: Sun Aug 22 20:28:39 2021
timezone: ?D1???
elapsed time: 106.222885 seconds (0d 0h 1m 46s)

